============================================================
  Generated by:           Genus(TM) Synthesis Solution 16.13-s036_1
  Generated on:           Oct 27 2024  11:49:43 am
  Module:                 alu
  Technology library:     slow_vdd1v0 1.0
  Operating conditions:   PVT_0P9V_125C (balanced_tree)
  Wireload mode:          enclosed
  Area mode:              timing library
============================================================

                       Leakage   Dynamic    Total   
    Instance    Cells Power(nW) Power(nW) Power(nW) 
----------------------------------------------------
alu                64     4.795 25645.074 25649.868 
  sum_unit         32     2.770 19047.808 19050.578 
  gen_prop_inst    16     1.546  3881.568  3883.113 
  carry_unit4       8     0.239   790.841   791.080 
  carry_unit3       4     0.120   476.935   477.055 
  carry_unit2       2     0.060   206.387   206.447 
  carry_unit1       2     0.060   188.831   188.890 

============================================================
  Generated by:           Genus(TM) Synthesis Solution 16.13-s036_1
  Generated on:           Oct 27 2024  11:49:44 am
  Module:                 alu
  Technology library:     slow_vdd1v0 1.0
  Operating conditions:   PVT_0P9V_125C (balanced_tree)
  Wireload mode:          enclosed
  Area mode:              timing library
============================================================

                       Leakage   Dynamic    Total   
    Instance    Cells Power(nW) Power(nW) Power(nW) 
----------------------------------------------------
alu                64     4.801 22263.933 22268.734 
  sum_unit         32     2.778 16575.258 16578.036 
  gen_prop_inst    16     1.546  3286.995  3288.540 
  carry_unit4       8     0.239   753.294   753.533 
  carry_unit3       4     0.119   443.483   443.603 
  carry_unit2       2     0.060   164.253   164.313 
  carry_unit1       2     0.060   158.930   158.990 

============================================================
  Generated by:           Genus(TM) Synthesis Solution 16.13-s036_1
  Generated on:           Oct 27 2024  11:49:44 am
  Module:                 alu
  Technology library:     slow_vdd1v0 1.0
  Operating conditions:   PVT_0P9V_125C (balanced_tree)
  Wireload mode:          enclosed
  Area mode:              timing library
============================================================

                       Leakage   Dynamic    Total   
    Instance    Cells Power(nW) Power(nW) Power(nW) 
----------------------------------------------------
alu                64     4.799 19374.439 19379.239 
  sum_unit         32     2.774 14487.211 14489.986 
  gen_prop_inst    16     1.546  2807.777  2809.323 
  carry_unit4       8     0.239   623.597   623.836 
  carry_unit3       4     0.121   354.166   354.286 
  carry_unit1       2     0.060   172.656   172.716 
  carry_unit2       2     0.060   178.637   178.696 

============================================================
  Generated by:           Genus(TM) Synthesis Solution 16.13-s036_1
  Generated on:           Oct 27 2024  11:49:45 am
  Module:                 alu
  Technology library:     slow_vdd1v0 1.0
  Operating conditions:   PVT_0P9V_125C (balanced_tree)
  Wireload mode:          enclosed
  Area mode:              timing library
============================================================

                       Leakage   Dynamic    Total   
    Instance    Cells Power(nW) Power(nW) Power(nW) 
----------------------------------------------------
alu                64     4.800 17432.536 17437.336 
  sum_unit         32     2.776 13070.303 13073.079 
  gen_prop_inst    16     1.545  2414.883  2416.429 
  carry_unit4       8     0.239   655.695   655.933 
  carry_unit3       4     0.120   346.758   346.879 
  carry_unit2       2     0.060   179.659   179.719 
  carry_unit1       2     0.060   114.284   114.344 

============================================================
  Generated by:           Genus(TM) Synthesis Solution 16.13-s036_1
  Generated on:           Oct 27 2024  11:49:45 am
  Module:                 alu
  Technology library:     slow_vdd1v0 1.0
  Operating conditions:   PVT_0P9V_125C (balanced_tree)
  Wireload mode:          enclosed
  Area mode:              timing library
============================================================

                       Leakage   Dynamic    Total   
    Instance    Cells Power(nW) Power(nW) Power(nW) 
----------------------------------------------------
alu                64     4.799 15460.880 15465.680 
  sum_unit         32     2.775 11600.902 11603.676 
  gen_prop_inst    16     1.546  2224.183  2225.729 
  carry_unit4       8     0.240   565.423   565.663 
  carry_unit3       4     0.120   262.791   262.911 
  carry_unit1       2     0.060   108.703   108.763 
  carry_unit2       2     0.060   116.832   116.892 

============================================================
  Generated by:           Genus(TM) Synthesis Solution 16.13-s036_1
  Generated on:           Oct 27 2024  11:49:45 am
  Module:                 alu
  Technology library:     slow_vdd1v0 1.0
  Operating conditions:   PVT_0P9V_125C (balanced_tree)
  Wireload mode:          enclosed
  Area mode:              timing library
============================================================

                       Leakage   Dynamic    Total   
    Instance    Cells Power(nW) Power(nW) Power(nW) 
----------------------------------------------------
alu                64     4.790 13033.749 13038.540 
  sum_unit         32     2.767  9768.861  9771.628 
  gen_prop_inst    16     1.546  1928.657  1930.202 
  carry_unit4       8     0.239   427.310   427.549 
  carry_unit3       4     0.119   210.891   211.011 
  carry_unit1       2     0.060    96.596    96.656 
  carry_unit2       2     0.059    83.204    83.263 

============================================================
  Generated by:           Genus(TM) Synthesis Solution 16.13-s036_1
  Generated on:           Oct 27 2024  11:49:46 am
  Module:                 alu
  Technology library:     slow_vdd1v0 1.0
  Operating conditions:   PVT_0P9V_125C (balanced_tree)
  Wireload mode:          enclosed
  Area mode:              timing library
============================================================

                       Leakage   Dynamic    Total   
    Instance    Cells Power(nW) Power(nW) Power(nW) 
----------------------------------------------------
alu                64     4.793 12908.040 12912.833 
  sum_unit         32     2.769  9704.435  9707.204 
  gen_prop_inst    16     1.546  1773.943  1775.488 
  carry_unit4       8     0.239   456.812   457.051 
  carry_unit3       4     0.120   244.868   244.988 
  carry_unit2       2     0.060   133.228   133.288 
  carry_unit1       2     0.060   117.384   117.444 

============================================================
  Generated by:           Genus(TM) Synthesis Solution 16.13-s036_1
  Generated on:           Oct 27 2024  11:49:46 am
  Module:                 alu
  Technology library:     slow_vdd1v0 1.0
  Operating conditions:   PVT_0P9V_125C (balanced_tree)
  Wireload mode:          enclosed
  Area mode:              timing library
============================================================

                       Leakage   Dynamic    Total   
    Instance    Cells Power(nW) Power(nW) Power(nW) 
----------------------------------------------------
alu                64     4.794 11759.393 11764.187 
  sum_unit         32     2.768  8840.486  8843.254 
  gen_prop_inst    16     1.546  1659.513  1661.059 
  carry_unit4       8     0.240   377.760   378.000 
  carry_unit3       4     0.120   244.308   244.428 
  carry_unit2       2     0.060   110.098   110.158 
  carry_unit1       2     0.060    86.791    86.850 

============================================================
  Generated by:           Genus(TM) Synthesis Solution 16.13-s036_1
  Generated on:           Oct 27 2024  11:49:47 am
  Module:                 alu
  Technology library:     slow_vdd1v0 1.0
  Operating conditions:   PVT_0P9V_125C (balanced_tree)
  Wireload mode:          enclosed
  Area mode:              timing library
============================================================

                       Leakage   Dynamic    Total   
    Instance    Cells Power(nW) Power(nW) Power(nW) 
----------------------------------------------------
alu                64     4.808 11187.643 11192.451 
  sum_unit         32     2.785  8403.183  8405.968 
  gen_prop_inst    16     1.546  1543.510  1545.055 
  carry_unit4       8     0.239   390.931   391.170 
  carry_unit3       4     0.119   210.866   210.985 
  carry_unit1       2     0.060   122.110   122.169 
  carry_unit2       2     0.060   110.519   110.578 

============================================================
  Generated by:           Genus(TM) Synthesis Solution 16.13-s036_1
  Generated on:           Oct 27 2024  11:49:47 am
  Module:                 alu
  Technology library:     slow_vdd1v0 1.0
  Operating conditions:   PVT_0P9V_125C (balanced_tree)
  Wireload mode:          enclosed
  Area mode:              timing library
============================================================

                       Leakage   Dynamic    Total   
    Instance    Cells Power(nW) Power(nW) Power(nW) 
----------------------------------------------------
alu                64     4.803 10629.307 10634.110 
  sum_unit         32     2.777  8026.085  8028.862 
  gen_prop_inst    16     1.546  1389.817  1391.363 
  carry_unit4       8     0.241   393.608   393.849 
  carry_unit3       4     0.119   182.436   182.555 
  carry_unit2       2     0.061   152.940   153.001 
  carry_unit1       2     0.060   109.856   109.916 

