============================================================
  Generated by:           Genus(TM) Synthesis Solution 16.13-s036_1
  Generated on:           Oct 27 2024  11:49:46 am
  Module:                 alu
  Technology library:     slow_vdd1v0 1.0
  Operating conditions:   PVT_0P9V_125C (balanced_tree)
  Wireload mode:          enclosed
  Area mode:              timing library
============================================================

Path 1: MET Late External Delay Assertion
Endpoint:   carry_out16 (^) checked with leading edge of 'func_clk'
Beginpoint: b[0]        (v) triggered by leading edge of 'func_clk'
Other End Arrival Time          11000
- External Delay                  400
= Required Time                 10600
- Arrival Time                   2634
= Slack Time                     7966
    Clock Rise Edge                        0
    + Input Delay                        300
    = Beginpoint Arrival Time            300
----------------------------------------------------------------------------------------
                Pin              Edge   Cell   Fanout Load Slew Delay  Arrival Required 
                                                      (fF) (ps)  (ps) Time(ps) Time(ps) 
----------------------------------------------------------------------------------------
       b[0]                      v                  1  0.4    0    +0      300     8266 
       gen_prop_inst/g3042/A     v                                 +0      300     8266 
       gen_prop_inst/g3042/S     ^     ADDHX1       2  0.6   30  +182      482     8447 
       carry_unit1/g210/A1       ^                                 +0      482     8447 
       carry_unit1/g210/Y        ^     AO21XL       2  0.6   37  +132      614     8580 
       carry_unit1/g209/A1       ^                                 +0      614     8580 
       carry_unit1/g209/Y        ^     AO21XL       2  0.6   37  +136      750     8715 
       carry_unit2/g216/A1       ^                                 +0      750     8715 
       carry_unit2/g216/Y        ^     AO21XL       2  0.6   37  +136      885     8850 
       carry_unit2/g215/A1       ^                                 +0      885     8850 
       carry_unit2/g215/Y        ^     AO21XL       2  0.6   37  +136     1020     8986 
       carry_unit3/g440/A1       ^                                 +0     1020     8986 
       carry_unit3/g440/Y        ^     AO21XL       2  0.6   37  +136     1156     9122 
       carry_unit3/g439/A1       ^                                 +0     1156     9122 
       carry_unit3/g439/Y        ^     AO21XL       2  0.6   37  +136     1292     9257 
       carry_unit3/g438/A1       ^                                 +0     1292     9257 
       carry_unit3/g438/Y        ^     AO21XL       2  0.6   37  +136     1427     9392 
       carry_unit3/g437/A1       ^                                 +0     1427     9392 
       carry_unit3/g437/Y        ^     AO21XL       2  0.6   37  +136     1562     9528 
       carry_unit4/g888/A1       ^                                 +0     1562     9528 
       carry_unit4/g888/Y        ^     AO21XL       2  0.6   37  +136     1698     9664 
       carry_unit4/g887/A1       ^                                 +0     1698     9664 
       carry_unit4/g887/Y        ^     AO21XL       2  0.6   37  +136     1834     9799 
       carry_unit4/g886/A1       ^                                 +0     1834     9799 
       carry_unit4/g886/Y        ^     AO21XL       2  0.6   37  +136     1969     9934 
       carry_unit4/g885/A1       ^                                 +0     1969     9934 
       carry_unit4/g885/Y        ^     AO21XL       2  0.6   37  +136     2104    10070 
       carry_unit4/g884/A1       ^                                 +0     2104    10070 
       carry_unit4/g884/Y        ^     AO21XL       2  0.6   37  +136     2240    10206 
       carry_unit4/g883/A1       ^                                 +0     2240    10206 
       carry_unit4/g883/Y        ^     AO21XL       2  0.6   37  +136     2376    10341 
       carry_unit4/g882/A1       ^                                 +0     2376    10341 
       carry_unit4/g882/Y        ^     AO21XL       2  0.6   37  +136     2511    10476 
       carry_unit4/g881/A1       ^                                 +0     2511    10476 
       carry_unit4/g881/Y        ^     AO21XL       1  0.0   16  +124     2634    10600 
       carry_out16           <<< ^                                 +0     2634    10600 
----------------------------------------------------------------------------------------
Cost Group   : 'func_clk' (path_group 'func_clk')
