============================================================
  Generated by:           Genus(TM) Synthesis Solution 16.13-s036_1
  Generated on:           Oct 27 2024  11:49:49 am
  Module:                 alu
  Technology library:     slow_vdd1v0 1.0
  Operating conditions:   PVT_0P9V_125C (balanced_tree)
  Wireload mode:          enclosed
  Area mode:              timing library
============================================================

Path 1: MET Late External Delay Assertion
Endpoint:   carry_out16 (^) checked with leading edge of 'func_clk'
Beginpoint: b[0]        (v) triggered by leading edge of 'func_clk'
Other End Arrival Time          10000
- External Delay                  400
= Required Time                  9600
- Arrival Time                   2934
= Slack Time                     6666
    Clock Rise Edge                        0
    + Input Delay                        600
    = Beginpoint Arrival Time            600
----------------------------------------------------------------------------------------
                Pin              Edge   Cell   Fanout Load Slew Delay  Arrival Required 
                                                      (fF) (ps)  (ps) Time(ps) Time(ps) 
----------------------------------------------------------------------------------------
       b[0]                      v                  1  0.4    0    +0      600     7266 
       gen_prop_inst/g7218/A     v                                 +0      600     7266 
       gen_prop_inst/g7218/S     ^     ADDHX1       2  0.6   30  +182      782     7447 
       carry_unit1/g480/A1       ^                                 +0      782     7447 
       carry_unit1/g480/Y        ^     AO21XL       2  0.6   37  +132      914     7580 
       carry_unit1/g479/A1       ^                                 +0      914     7580 
       carry_unit1/g479/Y        ^     AO21XL       2  0.6   37  +136     1050     7715 
       carry_unit2/g495/A1       ^                                 +0     1050     7715 
       carry_unit2/g495/Y        ^     AO21XL       2  0.6   37  +136     1185     7850 
       carry_unit2/g494/A1       ^                                 +0     1185     7850 
       carry_unit2/g494/Y        ^     AO21XL       2  0.6   37  +136     1320     7986 
       carry_unit3/g1007/A1      ^                                 +0     1320     7986 
       carry_unit3/g1007/Y       ^     AO21XL       2  0.6   37  +136     1456     8122 
       carry_unit3/g1006/A1      ^                                 +0     1456     8122 
       carry_unit3/g1006/Y       ^     AO21XL       2  0.6   37  +136     1592     8257 
       carry_unit3/g1005/A1      ^                                 +0     1592     8257 
       carry_unit3/g1005/Y       ^     AO21XL       2  0.6   37  +136     1727     8392 
       carry_unit3/g1004/A1      ^                                 +0     1727     8392 
       carry_unit3/g1004/Y       ^     AO21XL       2  0.6   37  +136     1862     8528 
       carry_unit4/g2031/A1      ^                                 +0     1862     8528 
       carry_unit4/g2031/Y       ^     AO21XL       2  0.6   37  +136     1998     8664 
       carry_unit4/g2030/A1      ^                                 +0     1998     8664 
       carry_unit4/g2030/Y       ^     AO21XL       2  0.6   37  +136     2134     8799 
       carry_unit4/g2029/A1      ^                                 +0     2134     8799 
       carry_unit4/g2029/Y       ^     AO21XL       2  0.6   37  +136     2269     8934 
       carry_unit4/g2028/A1      ^                                 +0     2269     8934 
       carry_unit4/g2028/Y       ^     AO21XL       2  0.6   37  +136     2404     9070 
       carry_unit4/g2027/A1      ^                                 +0     2404     9070 
       carry_unit4/g2027/Y       ^     AO21XL       2  0.6   37  +136     2540     9206 
       carry_unit4/g2026/A1      ^                                 +0     2540     9206 
       carry_unit4/g2026/Y       ^     AO21XL       2  0.6   37  +136     2676     9341 
       carry_unit4/g2025/A1      ^                                 +0     2676     9341 
       carry_unit4/g2025/Y       ^     AO21XL       2  0.6   37  +136     2811     9476 
       carry_unit4/g2024/A1      ^                                 +0     2811     9476 
       carry_unit4/g2024/Y       ^     AO21XL       1  0.0   16  +124     2934     9600 
       carry_out16           <<< ^                                 +0     2934     9600 
----------------------------------------------------------------------------------------
Cost Group   : 'func_clk' (path_group 'func_clk')
