============================================================
  Generated by:           Genus(TM) Synthesis Solution 16.13-s036_1
  Generated on:           Oct 27 2024  11:49:43 am
  Module:                 alu
  Technology library:     slow_vdd1v0 1.0
  Operating conditions:   PVT_0P9V_125C (balanced_tree)
  Wireload mode:          enclosed
  Area mode:              timing library
============================================================

    Instance          Module        Cells  Cell Area  Net Area   Total Area  Wireload     
------------------------------------------------------------------------------------------
alu                                    64        230         0          230    <none> (D) 
  sum_unit      summation_unit         32        131         0          131    <none> (D) 
  gen_prop_inst gen_prop_unit          16         60         0           60    <none> (D) 
  carry_unit4   base8_carry_unit        8         19         0           19    <none> (D) 
  carry_unit3   base4_carry_unit        4         10         0           10    <none> (D) 
  carry_unit2   base2_carry_unit_1      2          5         0            5    <none> (D) 
  carry_unit1   base2_carry_unit        2          5         0            5    <none> (D) 

 (D) = wireload is default in technology library
============================================================
  Generated by:           Genus(TM) Synthesis Solution 16.13-s036_1
  Generated on:           Oct 27 2024  11:49:44 am
  Module:                 alu
  Technology library:     slow_vdd1v0 1.0
  Operating conditions:   PVT_0P9V_125C (balanced_tree)
  Wireload mode:          enclosed
  Area mode:              timing library
============================================================

    Instance          Module        Cells  Cell Area  Net Area   Total Area  Wireload     
------------------------------------------------------------------------------------------
alu                                    64        230         0          230    <none> (D) 
  sum_unit      summation_unit         32        131         0          131    <none> (D) 
  gen_prop_inst gen_prop_unit          16         60         0           60    <none> (D) 
  carry_unit4   base8_carry_unit        8         19         0           19    <none> (D) 
  carry_unit3   base4_carry_unit        4         10         0           10    <none> (D) 
  carry_unit2   base2_carry_unit_1      2          5         0            5    <none> (D) 
  carry_unit1   base2_carry_unit        2          5         0            5    <none> (D) 

 (D) = wireload is default in technology library
============================================================
  Generated by:           Genus(TM) Synthesis Solution 16.13-s036_1
  Generated on:           Oct 27 2024  11:49:44 am
  Module:                 alu
  Technology library:     slow_vdd1v0 1.0
  Operating conditions:   PVT_0P9V_125C (balanced_tree)
  Wireload mode:          enclosed
  Area mode:              timing library
============================================================

    Instance          Module        Cells  Cell Area  Net Area   Total Area  Wireload     
------------------------------------------------------------------------------------------
alu                                    64        230         0          230    <none> (D) 
  sum_unit      summation_unit         32        131         0          131    <none> (D) 
  gen_prop_inst gen_prop_unit          16         60         0           60    <none> (D) 
  carry_unit4   base8_carry_unit        8         19         0           19    <none> (D) 
  carry_unit3   base4_carry_unit        4         10         0           10    <none> (D) 
  carry_unit2   base2_carry_unit_1      2          5         0            5    <none> (D) 
  carry_unit1   base2_carry_unit        2          5         0            5    <none> (D) 

 (D) = wireload is default in technology library
============================================================
  Generated by:           Genus(TM) Synthesis Solution 16.13-s036_1
  Generated on:           Oct 27 2024  11:49:45 am
  Module:                 alu
  Technology library:     slow_vdd1v0 1.0
  Operating conditions:   PVT_0P9V_125C (balanced_tree)
  Wireload mode:          enclosed
  Area mode:              timing library
============================================================

    Instance          Module        Cells  Cell Area  Net Area   Total Area  Wireload     
------------------------------------------------------------------------------------------
alu                                    64        230         0          230    <none> (D) 
  sum_unit      summation_unit         32        131         0          131    <none> (D) 
  gen_prop_inst gen_prop_unit          16         60         0           60    <none> (D) 
  carry_unit4   base8_carry_unit        8         19         0           19    <none> (D) 
  carry_unit3   base4_carry_unit        4         10         0           10    <none> (D) 
  carry_unit2   base2_carry_unit_1      2          5         0            5    <none> (D) 
  carry_unit1   base2_carry_unit        2          5         0            5    <none> (D) 

 (D) = wireload is default in technology library
============================================================
  Generated by:           Genus(TM) Synthesis Solution 16.13-s036_1
  Generated on:           Oct 27 2024  11:49:45 am
  Module:                 alu
  Technology library:     slow_vdd1v0 1.0
  Operating conditions:   PVT_0P9V_125C (balanced_tree)
  Wireload mode:          enclosed
  Area mode:              timing library
============================================================

    Instance          Module        Cells  Cell Area  Net Area   Total Area  Wireload     
------------------------------------------------------------------------------------------
alu                                    64        230         0          230    <none> (D) 
  sum_unit      summation_unit         32        131         0          131    <none> (D) 
  gen_prop_inst gen_prop_unit          16         60         0           60    <none> (D) 
  carry_unit4   base8_carry_unit        8         19         0           19    <none> (D) 
  carry_unit3   base4_carry_unit        4         10         0           10    <none> (D) 
  carry_unit2   base2_carry_unit_1      2          5         0            5    <none> (D) 
  carry_unit1   base2_carry_unit        2          5         0            5    <none> (D) 

 (D) = wireload is default in technology library
============================================================
  Generated by:           Genus(TM) Synthesis Solution 16.13-s036_1
  Generated on:           Oct 27 2024  11:49:46 am
  Module:                 alu
  Technology library:     slow_vdd1v0 1.0
  Operating conditions:   PVT_0P9V_125C (balanced_tree)
  Wireload mode:          enclosed
  Area mode:              timing library
============================================================

    Instance          Module        Cells  Cell Area  Net Area   Total Area  Wireload     
------------------------------------------------------------------------------------------
alu                                    64        230         0          230    <none> (D) 
  sum_unit      summation_unit         32        131         0          131    <none> (D) 
  gen_prop_inst gen_prop_unit          16         60         0           60    <none> (D) 
  carry_unit4   base8_carry_unit        8         19         0           19    <none> (D) 
  carry_unit3   base4_carry_unit        4         10         0           10    <none> (D) 
  carry_unit2   base2_carry_unit_1      2          5         0            5    <none> (D) 
  carry_unit1   base2_carry_unit        2          5         0            5    <none> (D) 

 (D) = wireload is default in technology library
============================================================
  Generated by:           Genus(TM) Synthesis Solution 16.13-s036_1
  Generated on:           Oct 27 2024  11:49:46 am
  Module:                 alu
  Technology library:     slow_vdd1v0 1.0
  Operating conditions:   PVT_0P9V_125C (balanced_tree)
  Wireload mode:          enclosed
  Area mode:              timing library
============================================================

    Instance          Module        Cells  Cell Area  Net Area   Total Area  Wireload     
------------------------------------------------------------------------------------------
alu                                    64        230         0          230    <none> (D) 
  sum_unit      summation_unit         32        131         0          131    <none> (D) 
  gen_prop_inst gen_prop_unit          16         60         0           60    <none> (D) 
  carry_unit4   base8_carry_unit        8         19         0           19    <none> (D) 
  carry_unit3   base4_carry_unit        4         10         0           10    <none> (D) 
  carry_unit2   base2_carry_unit_1      2          5         0            5    <none> (D) 
  carry_unit1   base2_carry_unit        2          5         0            5    <none> (D) 

 (D) = wireload is default in technology library
============================================================
  Generated by:           Genus(TM) Synthesis Solution 16.13-s036_1
  Generated on:           Oct 27 2024  11:49:46 am
  Module:                 alu
  Technology library:     slow_vdd1v0 1.0
  Operating conditions:   PVT_0P9V_125C (balanced_tree)
  Wireload mode:          enclosed
  Area mode:              timing library
============================================================

    Instance          Module        Cells  Cell Area  Net Area   Total Area  Wireload     
------------------------------------------------------------------------------------------
alu                                    64        230         0          230    <none> (D) 
  sum_unit      summation_unit         32        131         0          131    <none> (D) 
  gen_prop_inst gen_prop_unit          16         60         0           60    <none> (D) 
  carry_unit4   base8_carry_unit        8         19         0           19    <none> (D) 
  carry_unit3   base4_carry_unit        4         10         0           10    <none> (D) 
  carry_unit2   base2_carry_unit_1      2          5         0            5    <none> (D) 
  carry_unit1   base2_carry_unit        2          5         0            5    <none> (D) 

 (D) = wireload is default in technology library
============================================================
  Generated by:           Genus(TM) Synthesis Solution 16.13-s036_1
  Generated on:           Oct 27 2024  11:49:47 am
  Module:                 alu
  Technology library:     slow_vdd1v0 1.0
  Operating conditions:   PVT_0P9V_125C (balanced_tree)
  Wireload mode:          enclosed
  Area mode:              timing library
============================================================

    Instance          Module        Cells  Cell Area  Net Area   Total Area  Wireload     
------------------------------------------------------------------------------------------
alu                                    64        230         0          230    <none> (D) 
  sum_unit      summation_unit         32        131         0          131    <none> (D) 
  gen_prop_inst gen_prop_unit          16         60         0           60    <none> (D) 
  carry_unit4   base8_carry_unit        8         19         0           19    <none> (D) 
  carry_unit3   base4_carry_unit        4         10         0           10    <none> (D) 
  carry_unit2   base2_carry_unit_1      2          5         0            5    <none> (D) 
  carry_unit1   base2_carry_unit        2          5         0            5    <none> (D) 

 (D) = wireload is default in technology library
============================================================
  Generated by:           Genus(TM) Synthesis Solution 16.13-s036_1
  Generated on:           Oct 27 2024  11:49:47 am
  Module:                 alu
  Technology library:     slow_vdd1v0 1.0
  Operating conditions:   PVT_0P9V_125C (balanced_tree)
  Wireload mode:          enclosed
  Area mode:              timing library
============================================================

    Instance          Module        Cells  Cell Area  Net Area   Total Area  Wireload     
------------------------------------------------------------------------------------------
alu                                    64        230         0          230    <none> (D) 
  sum_unit      summation_unit         32        131         0          131    <none> (D) 
  gen_prop_inst gen_prop_unit          16         60         0           60    <none> (D) 
  carry_unit4   base8_carry_unit        8         19         0           19    <none> (D) 
  carry_unit3   base4_carry_unit        4         10         0           10    <none> (D) 
  carry_unit2   base2_carry_unit_1      2          5         0            5    <none> (D) 
  carry_unit1   base2_carry_unit        2          5         0            5    <none> (D) 

 (D) = wireload is default in technology library
