============================================================
  Generated by:           Genus(TM) Synthesis Solution 16.13-s036_1
  Generated on:           Oct 27 2024  11:49:46 am
  Module:                 alu
  Technology library:     slow_vdd1v0 1.0
  Operating conditions:   PVT_0P9V_125C (balanced_tree)
  Wireload mode:          enclosed
  Area mode:              timing library
============================================================

Path 1: MET Late External Delay Assertion
Endpoint:   carry_out16 (^) checked with leading edge of 'func_clk'
Beginpoint: b[0]        (v) triggered by leading edge of 'func_clk'
Other End Arrival Time          12000
- External Delay                  400
= Required Time                 11600
- Arrival Time                   2634
= Slack Time                     8966
    Clock Rise Edge                        0
    + Input Delay                        300
    = Beginpoint Arrival Time            300
----------------------------------------------------------------------------------------
                Pin              Edge   Cell   Fanout Load Slew Delay  Arrival Required 
                                                      (fF) (ps)  (ps) Time(ps) Time(ps) 
----------------------------------------------------------------------------------------
       b[0]                      v                  1  0.4    0    +0      300     9266 
       gen_prop_inst/g3506/A     v                                 +0      300     9266 
       gen_prop_inst/g3506/S     ^     ADDHX1       2  0.6   30  +182      482     9447 
       carry_unit1/g240/A1       ^                                 +0      482     9447 
       carry_unit1/g240/Y        ^     AO21XL       2  0.6   37  +132      614     9580 
       carry_unit1/g239/A1       ^                                 +0      614     9580 
       carry_unit1/g239/Y        ^     AO21XL       2  0.6   37  +136      750     9715 
       carry_unit2/g247/A1       ^                                 +0      750     9715 
       carry_unit2/g247/Y        ^     AO21XL       2  0.6   37  +136      885     9850 
       carry_unit2/g246/A1       ^                                 +0      885     9850 
       carry_unit2/g246/Y        ^     AO21XL       2  0.6   37  +136     1020     9986 
       carry_unit3/g503/A1       ^                                 +0     1020     9986 
       carry_unit3/g503/Y        ^     AO21XL       2  0.6   37  +136     1156    10122 
       carry_unit3/g502/A1       ^                                 +0     1156    10122 
       carry_unit3/g502/Y        ^     AO21XL       2  0.6   37  +136     1292    10257 
       carry_unit3/g501/A1       ^                                 +0     1292    10257 
       carry_unit3/g501/Y        ^     AO21XL       2  0.6   37  +136     1427    10392 
       carry_unit3/g500/A1       ^                                 +0     1427    10392 
       carry_unit3/g500/Y        ^     AO21XL       2  0.6   37  +136     1562    10528 
       carry_unit4/g1015/A1      ^                                 +0     1562    10528 
       carry_unit4/g1015/Y       ^     AO21XL       2  0.6   37  +136     1698    10664 
       carry_unit4/g1014/A1      ^                                 +0     1698    10664 
       carry_unit4/g1014/Y       ^     AO21XL       2  0.6   37  +136     1834    10799 
       carry_unit4/g1013/A1      ^                                 +0     1834    10799 
       carry_unit4/g1013/Y       ^     AO21XL       2  0.6   37  +136     1969    10934 
       carry_unit4/g1012/A1      ^                                 +0     1969    10934 
       carry_unit4/g1012/Y       ^     AO21XL       2  0.6   37  +136     2104    11070 
       carry_unit4/g1011/A1      ^                                 +0     2104    11070 
       carry_unit4/g1011/Y       ^     AO21XL       2  0.6   37  +136     2240    11206 
       carry_unit4/g1010/A1      ^                                 +0     2240    11206 
       carry_unit4/g1010/Y       ^     AO21XL       2  0.6   37  +136     2376    11341 
       carry_unit4/g1009/A1      ^                                 +0     2376    11341 
       carry_unit4/g1009/Y       ^     AO21XL       2  0.6   37  +136     2511    11476 
       carry_unit4/g1008/A1      ^                                 +0     2511    11476 
       carry_unit4/g1008/Y       ^     AO21XL       1  0.0   16  +124     2634    11600 
       carry_out16           <<< ^                                 +0     2634    11600 
----------------------------------------------------------------------------------------
Cost Group   : 'func_clk' (path_group 'func_clk')
