============================================================
  Generated by:           Genus(TM) Synthesis Solution 16.13-s036_1
  Generated on:           Oct 27 2024  11:50:01 am
  Module:                 alu
  Technology library:     slow_vdd1v0 1.0
  Operating conditions:   PVT_0P9V_125C (balanced_tree)
  Wireload mode:          enclosed
  Area mode:              timing library
============================================================

Path 1: MET Late External Delay Assertion
Endpoint:   carry_out16 (^) checked with leading edge of 'func_clk'
Beginpoint: b[0]        (v) triggered by leading edge of 'func_clk'
Other End Arrival Time          10000
- External Delay                  600
= Required Time                  9400
- Arrival Time                   2634
= Slack Time                     6766
    Clock Rise Edge                        0
    + Input Delay                        300
    = Beginpoint Arrival Time            300
-----------------------------------------------------------------------------------------
                 Pin              Edge   Cell   Fanout Load Slew Delay  Arrival Required 
                                                       (fF) (ps)  (ps) Time(ps) Time(ps) 
-----------------------------------------------------------------------------------------
       b[0]                       v                  1  0.4    0    +0      300     7066 
       gen_prop_inst/g20674/A     v                                 +0      300     7066 
       gen_prop_inst/g20674/S     ^     ADDHX1       2  0.6   30  +182      482     7247 
       carry_unit1/g1350/A1       ^                                 +0      482     7247 
       carry_unit1/g1350/Y        ^     AO21XL       2  0.6   37  +132      614     7380 
       carry_unit1/g1349/A1       ^                                 +0      614     7380 
       carry_unit1/g1349/Y        ^     AO21XL       2  0.6   37  +136      750     7515 
       carry_unit2/g1394/A1       ^                                 +0      750     7515 
       carry_unit2/g1394/Y        ^     AO21XL       2  0.6   37  +136      885     7650 
       carry_unit2/g1393/A1       ^                                 +0      885     7650 
       carry_unit2/g1393/Y        ^     AO21XL       2  0.6   37  +136     1020     7786 
       carry_unit3/g2834/A1       ^                                 +0     1020     7786 
       carry_unit3/g2834/Y        ^     AO21XL       2  0.6   37  +136     1156     7922 
       carry_unit3/g2833/A1       ^                                 +0     1156     7922 
       carry_unit3/g2833/Y        ^     AO21XL       2  0.6   37  +136     1292     8057 
       carry_unit3/g2832/A1       ^                                 +0     1292     8057 
       carry_unit3/g2832/Y        ^     AO21XL       2  0.6   37  +136     1427     8192 
       carry_unit3/g2831/A1       ^                                 +0     1427     8192 
       carry_unit3/g2831/Y        ^     AO21XL       2  0.6   37  +136     1562     8328 
       carry_unit4/g5714/A1       ^                                 +0     1562     8328 
       carry_unit4/g5714/Y        ^     AO21XL       2  0.6   37  +136     1698     8464 
       carry_unit4/g5713/A1       ^                                 +0     1698     8464 
       carry_unit4/g5713/Y        ^     AO21XL       2  0.6   37  +136     1834     8599 
       carry_unit4/g5712/A1       ^                                 +0     1834     8599 
       carry_unit4/g5712/Y        ^     AO21XL       2  0.6   37  +136     1969     8734 
       carry_unit4/g5711/A1       ^                                 +0     1969     8734 
       carry_unit4/g5711/Y        ^     AO21XL       2  0.6   37  +136     2104     8870 
       carry_unit4/g5710/A1       ^                                 +0     2104     8870 
       carry_unit4/g5710/Y        ^     AO21XL       2  0.6   37  +136     2240     9006 
       carry_unit4/g5709/A1       ^                                 +0     2240     9006 
       carry_unit4/g5709/Y        ^     AO21XL       2  0.6   37  +136     2376     9141 
       carry_unit4/g5708/A1       ^                                 +0     2376     9141 
       carry_unit4/g5708/Y        ^     AO21XL       2  0.6   37  +136     2511     9276 
       carry_unit4/g5707/A1       ^                                 +0     2511     9276 
       carry_unit4/g5707/Y        ^     AO21XL       1  0.0   16  +124     2634     9400 
       carry_out16            <<< ^                                 +0     2634     9400 
-----------------------------------------------------------------------------------------
Cost Group   : 'func_clk' (path_group 'func_clk')
