============================================================
  Generated by:           Genus(TM) Synthesis Solution 16.13-s036_1
  Generated on:           Oct 27 2024  11:49:59 am
  Module:                 alu
  Technology library:     slow_vdd1v0 1.0
  Operating conditions:   PVT_0P9V_125C (balanced_tree)
  Wireload mode:          enclosed
  Area mode:              timing library
============================================================

Path 1: MET Late External Delay Assertion
Endpoint:   carry_out16 (^) checked with leading edge of 'func_clk'
Beginpoint: b[0]        (v) triggered by leading edge of 'func_clk'
Other End Arrival Time          10000
- External Delay                  300
= Required Time                  9700
- Arrival Time                   2634
= Slack Time                     7066
    Clock Rise Edge                        0
    + Input Delay                        300
    = Beginpoint Arrival Time            300
-----------------------------------------------------------------------------------------
                 Pin              Edge   Cell   Fanout Load Slew Delay  Arrival Required 
                                                       (fF) (ps)  (ps) Time(ps) Time(ps) 
-----------------------------------------------------------------------------------------
       b[0]                       v                  1  0.4    0    +0      300     7366 
       gen_prop_inst/g19282/A     v                                 +0      300     7366 
       gen_prop_inst/g19282/S     ^     ADDHX1       2  0.6   30  +182      482     7547 
       carry_unit1/g1260/A1       ^                                 +0      482     7547 
       carry_unit1/g1260/Y        ^     AO21XL       2  0.6   37  +132      614     7680 
       carry_unit1/g1259/A1       ^                                 +0      614     7680 
       carry_unit1/g1259/Y        ^     AO21XL       2  0.6   37  +136      750     7815 
       carry_unit2/g1301/A1       ^                                 +0      750     7815 
       carry_unit2/g1301/Y        ^     AO21XL       2  0.6   37  +136      885     7950 
       carry_unit2/g1300/A1       ^                                 +0      885     7950 
       carry_unit2/g1300/Y        ^     AO21XL       2  0.6   37  +136     1020     8086 
       carry_unit3/g2645/A1       ^                                 +0     1020     8086 
       carry_unit3/g2645/Y        ^     AO21XL       2  0.6   37  +136     1156     8222 
       carry_unit3/g2644/A1       ^                                 +0     1156     8222 
       carry_unit3/g2644/Y        ^     AO21XL       2  0.6   37  +136     1292     8357 
       carry_unit3/g2643/A1       ^                                 +0     1292     8357 
       carry_unit3/g2643/Y        ^     AO21XL       2  0.6   37  +136     1427     8492 
       carry_unit3/g2642/A1       ^                                 +0     1427     8492 
       carry_unit3/g2642/Y        ^     AO21XL       2  0.6   37  +136     1562     8628 
       carry_unit4/g5333/A1       ^                                 +0     1562     8628 
       carry_unit4/g5333/Y        ^     AO21XL       2  0.6   37  +136     1698     8764 
       carry_unit4/g5332/A1       ^                                 +0     1698     8764 
       carry_unit4/g5332/Y        ^     AO21XL       2  0.6   37  +136     1834     8899 
       carry_unit4/g5331/A1       ^                                 +0     1834     8899 
       carry_unit4/g5331/Y        ^     AO21XL       2  0.6   37  +136     1969     9034 
       carry_unit4/g5330/A1       ^                                 +0     1969     9034 
       carry_unit4/g5330/Y        ^     AO21XL       2  0.6   37  +136     2104     9170 
       carry_unit4/g5329/A1       ^                                 +0     2104     9170 
       carry_unit4/g5329/Y        ^     AO21XL       2  0.6   37  +136     2240     9306 
       carry_unit4/g5328/A1       ^                                 +0     2240     9306 
       carry_unit4/g5328/Y        ^     AO21XL       2  0.6   37  +136     2376     9441 
       carry_unit4/g5327/A1       ^                                 +0     2376     9441 
       carry_unit4/g5327/Y        ^     AO21XL       2  0.6   37  +136     2511     9576 
       carry_unit4/g5326/A1       ^                                 +0     2511     9576 
       carry_unit4/g5326/Y        ^     AO21XL       1  0.0   16  +124     2634     9700 
       carry_out16            <<< ^                                 +0     2634     9700 
-----------------------------------------------------------------------------------------
Cost Group   : 'func_clk' (path_group 'func_clk')
