============================================================
  Generated by:           Genus(TM) Synthesis Solution 16.13-s036_1
  Generated on:           Oct 27 2024  11:49:50 am
  Module:                 alu
  Technology library:     slow_vdd1v0 1.0
  Operating conditions:   PVT_0P9V_125C (balanced_tree)
  Wireload mode:          enclosed
  Area mode:              timing library
============================================================

Path 1: MET Late External Delay Assertion
Endpoint:   carry_out16 (^) checked with leading edge of 'func_clk'
Beginpoint: b[0]        (v) triggered by leading edge of 'func_clk'
Other End Arrival Time          10000
- External Delay                  400
= Required Time                  9600
- Arrival Time                   3034
= Slack Time                     6566
    Clock Rise Edge                        0
    + Input Delay                        700
    = Beginpoint Arrival Time            700
----------------------------------------------------------------------------------------
                Pin              Edge   Cell   Fanout Load Slew Delay  Arrival Required 
                                                      (fF) (ps)  (ps) Time(ps) Time(ps) 
----------------------------------------------------------------------------------------
       b[0]                      v                  1  0.4    0    +0      700     7266 
       gen_prop_inst/g7682/A     v                                 +0      700     7266 
       gen_prop_inst/g7682/S     ^     ADDHX1       2  0.6   30  +182      882     7447 
       carry_unit1/g510/A1       ^                                 +0      882     7447 
       carry_unit1/g510/Y        ^     AO21XL       2  0.6   37  +132     1014     7580 
       carry_unit1/g509/A1       ^                                 +0     1014     7580 
       carry_unit1/g509/Y        ^     AO21XL       2  0.6   37  +136     1150     7715 
       carry_unit2/g526/A1       ^                                 +0     1150     7715 
       carry_unit2/g526/Y        ^     AO21XL       2  0.6   37  +136     1285     7850 
       carry_unit2/g525/A1       ^                                 +0     1285     7850 
       carry_unit2/g525/Y        ^     AO21XL       2  0.6   37  +136     1420     7986 
       carry_unit3/g1070/A1      ^                                 +0     1420     7986 
       carry_unit3/g1070/Y       ^     AO21XL       2  0.6   37  +136     1556     8122 
       carry_unit3/g1069/A1      ^                                 +0     1556     8122 
       carry_unit3/g1069/Y       ^     AO21XL       2  0.6   37  +136     1692     8257 
       carry_unit3/g1068/A1      ^                                 +0     1692     8257 
       carry_unit3/g1068/Y       ^     AO21XL       2  0.6   37  +136     1827     8392 
       carry_unit3/g1067/A1      ^                                 +0     1827     8392 
       carry_unit3/g1067/Y       ^     AO21XL       2  0.6   37  +136     1962     8528 
       carry_unit4/g2158/A1      ^                                 +0     1962     8528 
       carry_unit4/g2158/Y       ^     AO21XL       2  0.6   37  +136     2098     8664 
       carry_unit4/g2157/A1      ^                                 +0     2098     8664 
       carry_unit4/g2157/Y       ^     AO21XL       2  0.6   37  +136     2234     8799 
       carry_unit4/g2156/A1      ^                                 +0     2234     8799 
       carry_unit4/g2156/Y       ^     AO21XL       2  0.6   37  +136     2369     8934 
       carry_unit4/g2155/A1      ^                                 +0     2369     8934 
       carry_unit4/g2155/Y       ^     AO21XL       2  0.6   37  +136     2504     9070 
       carry_unit4/g2154/A1      ^                                 +0     2504     9070 
       carry_unit4/g2154/Y       ^     AO21XL       2  0.6   37  +136     2640     9206 
       carry_unit4/g2153/A1      ^                                 +0     2640     9206 
       carry_unit4/g2153/Y       ^     AO21XL       2  0.6   37  +136     2776     9341 
       carry_unit4/g2152/A1      ^                                 +0     2776     9341 
       carry_unit4/g2152/Y       ^     AO21XL       2  0.6   37  +136     2911     9476 
       carry_unit4/g2151/A1      ^                                 +0     2911     9476 
       carry_unit4/g2151/Y       ^     AO21XL       1  0.0   16  +124     3034     9600 
       carry_out16           <<< ^                                 +0     3034     9600 
----------------------------------------------------------------------------------------
Cost Group   : 'func_clk' (path_group 'func_clk')
