============================================================
  Generated by:           Genus(TM) Synthesis Solution 16.13-s036_1
  Generated on:           Oct 27 2024  11:49:56 am
  Module:                 alu
  Technology library:     slow_vdd1v0 1.0
  Operating conditions:   PVT_0P9V_125C (balanced_tree)
  Wireload mode:          enclosed
  Area mode:              timing library
============================================================

Path 1: MET Late External Delay Assertion
Endpoint:   carry_out16 (^) checked with leading edge of 'func_clk'
Beginpoint: b[0]        (v) triggered by leading edge of 'func_clk'
Other End Arrival Time          10000
- External Delay                  400
= Required Time                  9600
- Arrival Time                   2534
= Slack Time                     7066
    Clock Rise Edge                        0
    + Input Delay                        200
    = Beginpoint Arrival Time            200
-----------------------------------------------------------------------------------------
                 Pin              Edge   Cell   Fanout Load Slew Delay  Arrival Required 
                                                       (fF) (ps)  (ps) Time(ps) Time(ps) 
-----------------------------------------------------------------------------------------
       b[0]                       v                  1  0.4    0    +0      200     7266 
       gen_prop_inst/g14642/A     v                                 +0      200     7266 
       gen_prop_inst/g14642/S     ^     ADDHX1       2  0.6   30  +182      382     7447 
       carry_unit1/g960/A1        ^                                 +0      382     7447 
       carry_unit1/g960/Y         ^     AO21XL       2  0.6   37  +132      514     7580 
       carry_unit1/g959/A1        ^                                 +0      514     7580 
       carry_unit1/g959/Y         ^     AO21XL       2  0.6   37  +136      650     7715 
       carry_unit2/g991/A1        ^                                 +0      650     7715 
       carry_unit2/g991/Y         ^     AO21XL       2  0.6   37  +136      785     7850 
       carry_unit2/g990/A1        ^                                 +0      785     7850 
       carry_unit2/g990/Y         ^     AO21XL       2  0.6   37  +136      920     7986 
       carry_unit3/g2015/A1       ^                                 +0      920     7986 
       carry_unit3/g2015/Y        ^     AO21XL       2  0.6   37  +136     1056     8122 
       carry_unit3/g2014/A1       ^                                 +0     1056     8122 
       carry_unit3/g2014/Y        ^     AO21XL       2  0.6   37  +136     1192     8257 
       carry_unit3/g2013/A1       ^                                 +0     1192     8257 
       carry_unit3/g2013/Y        ^     AO21XL       2  0.6   37  +136     1327     8392 
       carry_unit3/g2012/A1       ^                                 +0     1327     8392 
       carry_unit3/g2012/Y        ^     AO21XL       2  0.6   37  +136     1462     8528 
       carry_unit4/g4063/A1       ^                                 +0     1462     8528 
       carry_unit4/g4063/Y        ^     AO21XL       2  0.6   37  +136     1598     8664 
       carry_unit4/g4062/A1       ^                                 +0     1598     8664 
       carry_unit4/g4062/Y        ^     AO21XL       2  0.6   37  +136     1734     8799 
       carry_unit4/g4061/A1       ^                                 +0     1734     8799 
       carry_unit4/g4061/Y        ^     AO21XL       2  0.6   37  +136     1869     8934 
       carry_unit4/g4060/A1       ^                                 +0     1869     8934 
       carry_unit4/g4060/Y        ^     AO21XL       2  0.6   37  +136     2004     9070 
       carry_unit4/g4059/A1       ^                                 +0     2004     9070 
       carry_unit4/g4059/Y        ^     AO21XL       2  0.6   37  +136     2140     9206 
       carry_unit4/g4058/A1       ^                                 +0     2140     9206 
       carry_unit4/g4058/Y        ^     AO21XL       2  0.6   37  +136     2276     9341 
       carry_unit4/g4057/A1       ^                                 +0     2276     9341 
       carry_unit4/g4057/Y        ^     AO21XL       2  0.6   37  +136     2411     9476 
       carry_unit4/g4056/A1       ^                                 +0     2411     9476 
       carry_unit4/g4056/Y        ^     AO21XL       1  0.0   16  +124     2534     9600 
       carry_out16            <<< ^                                 +0     2534     9600 
-----------------------------------------------------------------------------------------
Cost Group   : 'func_clk' (path_group 'func_clk')
