============================================================
  Generated by:           Genus(TM) Synthesis Solution 16.13-s036_1
  Generated on:           Oct 27 2024  11:49:43 am
  Module:                 alu
  Technology library:     slow_vdd1v0 1.0
  Operating conditions:   PVT_0P9V_125C (balanced_tree)
  Wireload mode:          enclosed
  Area mode:              timing library
============================================================

Path 1: MET Late External Delay Assertion
Endpoint:   carry_out16 (^) checked with leading edge of 'func_clk'
Beginpoint: b[0]        (v) triggered by leading edge of 'func_clk'
Other End Arrival Time           5000
- External Delay                  400
= Required Time                  4600
- Arrival Time                   2634
= Slack Time                     1966
    Clock Rise Edge                        0
    + Input Delay                        300
    = Beginpoint Arrival Time            300
---------------------------------------------------------------------------------------
                Pin             Edge   Cell   Fanout Load Slew Delay  Arrival Required 
                                                     (fF) (ps)  (ps) Time(ps) Time(ps) 
---------------------------------------------------------------------------------------
       b[0]                     v                  1  0.4    0    +0      300     2266 
       gen_prop_inst/g258/A     v                                 +0      300     2266 
       gen_prop_inst/g258/S     ^     ADDHX1       2  0.6   30  +182      482     2447 
       carry_unit1/g30/A1       ^                                 +0      482     2447 
       carry_unit1/g30/Y        ^     AO21XL       2  0.6   37  +132      614     2580 
       carry_unit1/g29/A1       ^                                 +0      614     2580 
       carry_unit1/g29/Y        ^     AO21XL       2  0.6   37  +136      750     2715 
       carry_unit2/g30/A1       ^                                 +0      750     2715 
       carry_unit2/g30/Y        ^     AO21XL       2  0.6   37  +136      885     2850 
       carry_unit2/g29/A1       ^                                 +0      885     2850 
       carry_unit2/g29/Y        ^     AO21XL       2  0.6   37  +136     1020     2986 
       carry_unit3/g62/A1       ^                                 +0     1020     2986 
       carry_unit3/g62/Y        ^     AO21XL       2  0.6   37  +136     1156     3122 
       carry_unit3/g61/A1       ^                                 +0     1156     3122 
       carry_unit3/g61/Y        ^     AO21XL       2  0.6   37  +136     1292     3257 
       carry_unit3/g60/A1       ^                                 +0     1292     3257 
       carry_unit3/g60/Y        ^     AO21XL       2  0.6   37  +136     1427     3392 
       carry_unit3/g59/A1       ^                                 +0     1427     3392 
       carry_unit3/g59/Y        ^     AO21XL       2  0.6   37  +136     1562     3528 
       carry_unit4/g126/A1      ^                                 +0     1562     3528 
       carry_unit4/g126/Y       ^     AO21XL       2  0.6   37  +136     1698     3664 
       carry_unit4/g125/A1      ^                                 +0     1698     3664 
       carry_unit4/g125/Y       ^     AO21XL       2  0.6   37  +136     1834     3799 
       carry_unit4/g124/A1      ^                                 +0     1834     3799 
       carry_unit4/g124/Y       ^     AO21XL       2  0.6   37  +136     1969     3934 
       carry_unit4/g123/A1      ^                                 +0     1969     3934 
       carry_unit4/g123/Y       ^     AO21XL       2  0.6   37  +136     2104     4070 
       carry_unit4/g122/A1      ^                                 +0     2104     4070 
       carry_unit4/g122/Y       ^     AO21XL       2  0.6   37  +136     2240     4206 
       carry_unit4/g121/A1      ^                                 +0     2240     4206 
       carry_unit4/g121/Y       ^     AO21XL       2  0.6   37  +136     2376     4341 
       carry_unit4/g120/A1      ^                                 +0     2376     4341 
       carry_unit4/g120/Y       ^     AO21XL       2  0.6   37  +136     2511     4476 
       carry_unit4/g119/A1      ^                                 +0     2511     4476 
       carry_unit4/g119/Y       ^     AO21XL       1  0.0   16  +124     2634     4600 
       carry_out16          <<< ^                                 +0     2634     4600 
---------------------------------------------------------------------------------------
Cost Group   : 'func_clk' (path_group 'func_clk')
