============================================================
  Generated by:           Genus(TM) Synthesis Solution 16.13-s036_1
  Generated on:           Oct 27 2024  11:49:55 am
  Module:                 alu
  Technology library:     slow_vdd1v0 1.0
  Operating conditions:   PVT_0P9V_125C (balanced_tree)
  Wireload mode:          enclosed
  Area mode:              timing library
============================================================

Path 1: MET Late External Delay Assertion
Endpoint:   carry_out16 (^) checked with leading edge of 'func_clk'
Beginpoint: b[0]        (v) triggered by leading edge of 'func_clk'
Other End Arrival Time          10000
- External Delay                  400
= Required Time                  9600
- Arrival Time                   2634
= Slack Time                     6966
    Clock Rise Edge                        0
    + Input Delay                        300
    = Beginpoint Arrival Time            300
-----------------------------------------------------------------------------------------
                 Pin              Edge   Cell   Fanout Load Slew Delay  Arrival Required 
                                                       (fF) (ps)  (ps) Time(ps) Time(ps) 
-----------------------------------------------------------------------------------------
       b[0]                       v                  1  0.4    0    +0      300     7266 
       gen_prop_inst/g13714/A     v                                 +0      300     7266 
       gen_prop_inst/g13714/S     ^     ADDHX1       2  0.6   30  +182      482     7447 
       carry_unit1/g900/A1        ^                                 +0      482     7447 
       carry_unit1/g900/Y         ^     AO21XL       2  0.6   37  +132      614     7580 
       carry_unit1/g899/A1        ^                                 +0      614     7580 
       carry_unit1/g899/Y         ^     AO21XL       2  0.6   37  +136      750     7715 
       carry_unit2/g929/A1        ^                                 +0      750     7715 
       carry_unit2/g929/Y         ^     AO21XL       2  0.6   37  +136      885     7850 
       carry_unit2/g928/A1        ^                                 +0      885     7850 
       carry_unit2/g928/Y         ^     AO21XL       2  0.6   37  +136     1020     7986 
       carry_unit3/g1889/A1       ^                                 +0     1020     7986 
       carry_unit3/g1889/Y        ^     AO21XL       2  0.6   37  +136     1156     8122 
       carry_unit3/g1888/A1       ^                                 +0     1156     8122 
       carry_unit3/g1888/Y        ^     AO21XL       2  0.6   37  +136     1292     8257 
       carry_unit3/g1887/A1       ^                                 +0     1292     8257 
       carry_unit3/g1887/Y        ^     AO21XL       2  0.6   37  +136     1427     8392 
       carry_unit3/g1886/A1       ^                                 +0     1427     8392 
       carry_unit3/g1886/Y        ^     AO21XL       2  0.6   37  +136     1562     8528 
       carry_unit4/g3809/A1       ^                                 +0     1562     8528 
       carry_unit4/g3809/Y        ^     AO21XL       2  0.6   37  +136     1698     8664 
       carry_unit4/g3808/A1       ^                                 +0     1698     8664 
       carry_unit4/g3808/Y        ^     AO21XL       2  0.6   37  +136     1834     8799 
       carry_unit4/g3807/A1       ^                                 +0     1834     8799 
       carry_unit4/g3807/Y        ^     AO21XL       2  0.6   37  +136     1969     8934 
       carry_unit4/g3806/A1       ^                                 +0     1969     8934 
       carry_unit4/g3806/Y        ^     AO21XL       2  0.6   37  +136     2104     9070 
       carry_unit4/g3805/A1       ^                                 +0     2104     9070 
       carry_unit4/g3805/Y        ^     AO21XL       2  0.6   37  +136     2240     9206 
       carry_unit4/g3804/A1       ^                                 +0     2240     9206 
       carry_unit4/g3804/Y        ^     AO21XL       2  0.6   37  +136     2376     9341 
       carry_unit4/g3803/A1       ^                                 +0     2376     9341 
       carry_unit4/g3803/Y        ^     AO21XL       2  0.6   37  +136     2511     9476 
       carry_unit4/g3802/A1       ^                                 +0     2511     9476 
       carry_unit4/g3802/Y        ^     AO21XL       1  0.0   16  +124     2634     9600 
       carry_out16            <<< ^                                 +0     2634     9600 
-----------------------------------------------------------------------------------------
Cost Group   : 'func_clk' (path_group 'func_clk')
