============================================================
  Generated by:           Genus(TM) Synthesis Solution 16.13-s036_1
  Generated on:           Oct 27 2024  11:49:51 am
  Module:                 alu
  Technology library:     slow_vdd1v0 1.0
  Operating conditions:   PVT_0P9V_125C (balanced_tree)
  Wireload mode:          enclosed
  Area mode:              timing library
============================================================

                       Leakage   Dynamic    Total   
    Instance    Cells Power(nW) Power(nW) Power(nW) 
----------------------------------------------------
alu                64     4.790 13033.749 13038.540 
  sum_unit         32     2.767  9768.861  9771.628 
  gen_prop_inst    16     1.546  1928.657  1930.202 
  carry_unit4       8     0.239   427.310   427.549 
  carry_unit3       4     0.119   210.891   211.011 
  carry_unit1       2     0.060    96.596    96.656 
  carry_unit2       2     0.059    83.204    83.263 

============================================================
  Generated by:           Genus(TM) Synthesis Solution 16.13-s036_1
  Generated on:           Oct 27 2024  11:49:52 am
  Module:                 alu
  Technology library:     slow_vdd1v0 1.0
  Operating conditions:   PVT_0P9V_125C (balanced_tree)
  Wireload mode:          enclosed
  Area mode:              timing library
============================================================

                       Leakage   Dynamic    Total   
    Instance    Cells Power(nW) Power(nW) Power(nW) 
----------------------------------------------------
alu                64     4.790 13033.749 13038.540 
  sum_unit         32     2.767  9768.861  9771.628 
  gen_prop_inst    16     1.546  1928.657  1930.202 
  carry_unit4       8     0.239   427.310   427.549 
  carry_unit3       4     0.119   210.891   211.011 
  carry_unit1       2     0.060    96.596    96.656 
  carry_unit2       2     0.059    83.204    83.263 

============================================================
  Generated by:           Genus(TM) Synthesis Solution 16.13-s036_1
  Generated on:           Oct 27 2024  11:49:52 am
  Module:                 alu
  Technology library:     slow_vdd1v0 1.0
  Operating conditions:   PVT_0P9V_125C (balanced_tree)
  Wireload mode:          enclosed
  Area mode:              timing library
============================================================

                       Leakage   Dynamic    Total   
    Instance    Cells Power(nW) Power(nW) Power(nW) 
----------------------------------------------------
alu                64     4.790 13033.749 13038.540 
  sum_unit         32     2.767  9768.861  9771.628 
  gen_prop_inst    16     1.546  1928.657  1930.202 
  carry_unit4       8     0.239   427.310   427.549 
  carry_unit3       4     0.119   210.891   211.011 
  carry_unit1       2     0.060    96.596    96.656 
  carry_unit2       2     0.059    83.204    83.263 

============================================================
  Generated by:           Genus(TM) Synthesis Solution 16.13-s036_1
  Generated on:           Oct 27 2024  11:49:52 am
  Module:                 alu
  Technology library:     slow_vdd1v0 1.0
  Operating conditions:   PVT_0P9V_125C (balanced_tree)
  Wireload mode:          enclosed
  Area mode:              timing library
============================================================

                       Leakage   Dynamic    Total   
    Instance    Cells Power(nW) Power(nW) Power(nW) 
----------------------------------------------------
alu                64     4.790 13033.749 13038.540 
  sum_unit         32     2.767  9768.861  9771.628 
  gen_prop_inst    16     1.546  1928.657  1930.202 
  carry_unit4       8     0.239   427.310   427.549 
  carry_unit3       4     0.119   210.891   211.011 
  carry_unit1       2     0.060    96.596    96.656 
  carry_unit2       2     0.059    83.204    83.263 

============================================================
  Generated by:           Genus(TM) Synthesis Solution 16.13-s036_1
  Generated on:           Oct 27 2024  11:49:53 am
  Module:                 alu
  Technology library:     slow_vdd1v0 1.0
  Operating conditions:   PVT_0P9V_125C (balanced_tree)
  Wireload mode:          enclosed
  Area mode:              timing library
============================================================

                       Leakage   Dynamic    Total   
    Instance    Cells Power(nW) Power(nW) Power(nW) 
----------------------------------------------------
alu                64     4.790 13033.749 13038.540 
  sum_unit         32     2.767  9768.861  9771.628 
  gen_prop_inst    16     1.546  1928.657  1930.202 
  carry_unit4       8     0.239   427.310   427.549 
  carry_unit3       4     0.119   210.891   211.011 
  carry_unit1       2     0.060    96.596    96.656 
  carry_unit2       2     0.059    83.204    83.263 

============================================================
  Generated by:           Genus(TM) Synthesis Solution 16.13-s036_1
  Generated on:           Oct 27 2024  11:49:53 am
  Module:                 alu
  Technology library:     slow_vdd1v0 1.0
  Operating conditions:   PVT_0P9V_125C (balanced_tree)
  Wireload mode:          enclosed
  Area mode:              timing library
============================================================

                       Leakage   Dynamic    Total   
    Instance    Cells Power(nW) Power(nW) Power(nW) 
----------------------------------------------------
alu                64     4.790 13033.749 13038.540 
  sum_unit         32     2.767  9768.861  9771.628 
  gen_prop_inst    16     1.546  1928.657  1930.202 
  carry_unit4       8     0.239   427.310   427.549 
  carry_unit3       4     0.119   210.891   211.011 
  carry_unit1       2     0.060    96.596    96.656 
  carry_unit2       2     0.059    83.204    83.263 

============================================================
  Generated by:           Genus(TM) Synthesis Solution 16.13-s036_1
  Generated on:           Oct 27 2024  11:49:54 am
  Module:                 alu
  Technology library:     slow_vdd1v0 1.0
  Operating conditions:   PVT_0P9V_125C (balanced_tree)
  Wireload mode:          enclosed
  Area mode:              timing library
============================================================

                       Leakage   Dynamic    Total   
    Instance    Cells Power(nW) Power(nW) Power(nW) 
----------------------------------------------------
alu                64     4.790 13033.749 13038.540 
  sum_unit         32     2.767  9768.861  9771.628 
  gen_prop_inst    16     1.546  1928.657  1930.202 
  carry_unit4       8     0.239   427.310   427.549 
  carry_unit3       4     0.119   210.891   211.011 
  carry_unit1       2     0.060    96.596    96.656 
  carry_unit2       2     0.059    83.204    83.263 

============================================================
  Generated by:           Genus(TM) Synthesis Solution 16.13-s036_1
  Generated on:           Oct 27 2024  11:49:54 am
  Module:                 alu
  Technology library:     slow_vdd1v0 1.0
  Operating conditions:   PVT_0P9V_125C (balanced_tree)
  Wireload mode:          enclosed
  Area mode:              timing library
============================================================

                       Leakage   Dynamic    Total   
    Instance    Cells Power(nW) Power(nW) Power(nW) 
----------------------------------------------------
alu                64     4.790 13033.749 13038.540 
  sum_unit         32     2.767  9768.861  9771.628 
  gen_prop_inst    16     1.546  1928.657  1930.202 
  carry_unit4       8     0.239   427.310   427.549 
  carry_unit3       4     0.119   210.891   211.011 
  carry_unit1       2     0.060    96.596    96.656 
  carry_unit2       2     0.059    83.204    83.263 

============================================================
  Generated by:           Genus(TM) Synthesis Solution 16.13-s036_1
  Generated on:           Oct 27 2024  11:49:54 am
  Module:                 alu
  Technology library:     slow_vdd1v0 1.0
  Operating conditions:   PVT_0P9V_125C (balanced_tree)
  Wireload mode:          enclosed
  Area mode:              timing library
============================================================

                       Leakage   Dynamic    Total   
    Instance    Cells Power(nW) Power(nW) Power(nW) 
----------------------------------------------------
alu                64     4.790 13033.749 13038.540 
  sum_unit         32     2.767  9768.861  9771.628 
  gen_prop_inst    16     1.546  1928.657  1930.202 
  carry_unit4       8     0.239   427.310   427.549 
  carry_unit3       4     0.119   210.891   211.011 
  carry_unit1       2     0.060    96.596    96.656 
  carry_unit2       2     0.059    83.204    83.263 

============================================================
  Generated by:           Genus(TM) Synthesis Solution 16.13-s036_1
  Generated on:           Oct 27 2024  11:49:55 am
  Module:                 alu
  Technology library:     slow_vdd1v0 1.0
  Operating conditions:   PVT_0P9V_125C (balanced_tree)
  Wireload mode:          enclosed
  Area mode:              timing library
============================================================

                       Leakage   Dynamic    Total   
    Instance    Cells Power(nW) Power(nW) Power(nW) 
----------------------------------------------------
alu                64     4.790 13033.749 13038.540 
  sum_unit         32     2.767  9768.861  9771.628 
  gen_prop_inst    16     1.546  1928.657  1930.202 
  carry_unit4       8     0.239   427.310   427.549 
  carry_unit3       4     0.119   210.891   211.011 
  carry_unit1       2     0.060    96.596    96.656 
  carry_unit2       2     0.059    83.204    83.263 

