============================================================
  Generated by:           Genus(TM) Synthesis Solution 16.13-s036_1
  Generated on:           Oct 27 2024  11:50:02 am
  Module:                 alu
  Technology library:     slow_vdd1v0 1.0
  Operating conditions:   PVT_0P9V_125C (balanced_tree)
  Wireload mode:          enclosed
  Area mode:              timing library
============================================================

Path 1: MET Late External Delay Assertion
Endpoint:   carry_out16 (^) checked with leading edge of 'func_clk'
Beginpoint: b[0]        (v) triggered by leading edge of 'func_clk'
Other End Arrival Time          10000
- External Delay                  900
= Required Time                  9100
- Arrival Time                   2634
= Slack Time                     6466
    Clock Rise Edge                        0
    + Input Delay                        300
    = Beginpoint Arrival Time            300
-----------------------------------------------------------------------------------------
                 Pin              Edge   Cell   Fanout Load Slew Delay  Arrival Required 
                                                       (fF) (ps)  (ps) Time(ps) Time(ps) 
-----------------------------------------------------------------------------------------
       b[0]                       v                  1  0.4    0    +0      300     6766 
       gen_prop_inst/g22066/A     v                                 +0      300     6766 
       gen_prop_inst/g22066/S     ^     ADDHX1       2  0.6   30  +182      482     6947 
       carry_unit1/g1440/A1       ^                                 +0      482     6947 
       carry_unit1/g1440/Y        ^     AO21XL       2  0.6   37  +132      614     7080 
       carry_unit1/g1439/A1       ^                                 +0      614     7080 
       carry_unit1/g1439/Y        ^     AO21XL       2  0.6   37  +136      750     7215 
       carry_unit2/g1487/A1       ^                                 +0      750     7215 
       carry_unit2/g1487/Y        ^     AO21XL       2  0.6   37  +136      885     7350 
       carry_unit2/g1486/A1       ^                                 +0      885     7350 
       carry_unit2/g1486/Y        ^     AO21XL       2  0.6   37  +136     1020     7486 
       carry_unit3/g3023/A1       ^                                 +0     1020     7486 
       carry_unit3/g3023/Y        ^     AO21XL       2  0.6   37  +136     1156     7622 
       carry_unit3/g3022/A1       ^                                 +0     1156     7622 
       carry_unit3/g3022/Y        ^     AO21XL       2  0.6   37  +136     1292     7757 
       carry_unit3/g3021/A1       ^                                 +0     1292     7757 
       carry_unit3/g3021/Y        ^     AO21XL       2  0.6   37  +136     1427     7892 
       carry_unit3/g3020/A1       ^                                 +0     1427     7892 
       carry_unit3/g3020/Y        ^     AO21XL       2  0.6   37  +136     1562     8028 
       carry_unit4/g6095/A1       ^                                 +0     1562     8028 
       carry_unit4/g6095/Y        ^     AO21XL       2  0.6   37  +136     1698     8164 
       carry_unit4/g6094/A1       ^                                 +0     1698     8164 
       carry_unit4/g6094/Y        ^     AO21XL       2  0.6   37  +136     1834     8299 
       carry_unit4/g6093/A1       ^                                 +0     1834     8299 
       carry_unit4/g6093/Y        ^     AO21XL       2  0.6   37  +136     1969     8434 
       carry_unit4/g6092/A1       ^                                 +0     1969     8434 
       carry_unit4/g6092/Y        ^     AO21XL       2  0.6   37  +136     2104     8570 
       carry_unit4/g6091/A1       ^                                 +0     2104     8570 
       carry_unit4/g6091/Y        ^     AO21XL       2  0.6   37  +136     2240     8706 
       carry_unit4/g6090/A1       ^                                 +0     2240     8706 
       carry_unit4/g6090/Y        ^     AO21XL       2  0.6   37  +136     2376     8841 
       carry_unit4/g6089/A1       ^                                 +0     2376     8841 
       carry_unit4/g6089/Y        ^     AO21XL       2  0.6   37  +136     2511     8976 
       carry_unit4/g6088/A1       ^                                 +0     2511     8976 
       carry_unit4/g6088/Y        ^     AO21XL       1  0.0   16  +124     2634     9100 
       carry_out16            <<< ^                                 +0     2634     9100 
-----------------------------------------------------------------------------------------
Cost Group   : 'func_clk' (path_group 'func_clk')
