============================================================
  Generated by:           Genus(TM) Synthesis Solution 16.13-s036_1
  Generated on:           Oct 27 2024  11:49:44 am
  Module:                 alu
  Technology library:     slow_vdd1v0 1.0
  Operating conditions:   PVT_0P9V_125C (balanced_tree)
  Wireload mode:          enclosed
  Area mode:              timing library
============================================================

Path 1: MET Late External Delay Assertion
Endpoint:   carry_out16 (^) checked with leading edge of 'func_clk'
Beginpoint: b[0]        (v) triggered by leading edge of 'func_clk'
Other End Arrival Time           7000
- External Delay                  400
= Required Time                  6600
- Arrival Time                   2634
= Slack Time                     3966
    Clock Rise Edge                        0
    + Input Delay                        300
    = Beginpoint Arrival Time            300
----------------------------------------------------------------------------------------
                Pin              Edge   Cell   Fanout Load Slew Delay  Arrival Required 
                                                      (fF) (ps)  (ps) Time(ps) Time(ps) 
----------------------------------------------------------------------------------------
       b[0]                      v                  1  0.4    0    +0      300     4266 
       gen_prop_inst/g1186/A     v                                 +0      300     4266 
       gen_prop_inst/g1186/S     ^     ADDHX1       2  0.6   30  +182      482     4447 
       carry_unit1/g90/A1        ^                                 +0      482     4447 
       carry_unit1/g90/Y         ^     AO21XL       2  0.6   37  +132      614     4580 
       carry_unit1/g89/A1        ^                                 +0      614     4580 
       carry_unit1/g89/Y         ^     AO21XL       2  0.6   37  +136      750     4715 
       carry_unit2/g92/A1        ^                                 +0      750     4715 
       carry_unit2/g92/Y         ^     AO21XL       2  0.6   37  +136      885     4850 
       carry_unit2/g91/A1        ^                                 +0      885     4850 
       carry_unit2/g91/Y         ^     AO21XL       2  0.6   37  +136     1020     4986 
       carry_unit3/g188/A1       ^                                 +0     1020     4986 
       carry_unit3/g188/Y        ^     AO21XL       2  0.6   37  +136     1156     5122 
       carry_unit3/g187/A1       ^                                 +0     1156     5122 
       carry_unit3/g187/Y        ^     AO21XL       2  0.6   37  +136     1292     5257 
       carry_unit3/g186/A1       ^                                 +0     1292     5257 
       carry_unit3/g186/Y        ^     AO21XL       2  0.6   37  +136     1427     5392 
       carry_unit3/g185/A1       ^                                 +0     1427     5392 
       carry_unit3/g185/Y        ^     AO21XL       2  0.6   37  +136     1562     5528 
       carry_unit4/g380/A1       ^                                 +0     1562     5528 
       carry_unit4/g380/Y        ^     AO21XL       2  0.6   37  +136     1698     5664 
       carry_unit4/g379/A1       ^                                 +0     1698     5664 
       carry_unit4/g379/Y        ^     AO21XL       2  0.6   37  +136     1834     5799 
       carry_unit4/g378/A1       ^                                 +0     1834     5799 
       carry_unit4/g378/Y        ^     AO21XL       2  0.6   37  +136     1969     5934 
       carry_unit4/g377/A1       ^                                 +0     1969     5934 
       carry_unit4/g377/Y        ^     AO21XL       2  0.6   37  +136     2104     6070 
       carry_unit4/g376/A1       ^                                 +0     2104     6070 
       carry_unit4/g376/Y        ^     AO21XL       2  0.6   37  +136     2240     6206 
       carry_unit4/g375/A1       ^                                 +0     2240     6206 
       carry_unit4/g375/Y        ^     AO21XL       2  0.6   37  +136     2376     6341 
       carry_unit4/g374/A1       ^                                 +0     2376     6341 
       carry_unit4/g374/Y        ^     AO21XL       2  0.6   37  +136     2511     6476 
       carry_unit4/g373/A1       ^                                 +0     2511     6476 
       carry_unit4/g373/Y        ^     AO21XL       1  0.0   16  +124     2634     6600 
       carry_out16           <<< ^                                 +0     2634     6600 
----------------------------------------------------------------------------------------
Cost Group   : 'func_clk' (path_group 'func_clk')
