============================================================
  Generated by:           Genus(TM) Synthesis Solution 16.13-s036_1
  Generated on:           Oct 27 2024  11:49:54 am
  Module:                 alu
  Technology library:     slow_vdd1v0 1.0
  Operating conditions:   PVT_0P9V_125C (balanced_tree)
  Wireload mode:          enclosed
  Area mode:              timing library
============================================================

Path 1: MET Late External Delay Assertion
Endpoint:   carry_out16 (^) checked with leading edge of 'func_clk'
Beginpoint: b[0]        (v) triggered by leading edge of 'func_clk'
Other End Arrival Time          10000
- External Delay                  400
= Required Time                  9600
- Arrival Time                   2634
= Slack Time                     6966
    Clock Rise Edge                        0
    + Input Delay                        300
    = Beginpoint Arrival Time            300
-----------------------------------------------------------------------------------------
                 Pin              Edge   Cell   Fanout Load Slew Delay  Arrival Required 
                                                       (fF) (ps)  (ps) Time(ps) Time(ps) 
-----------------------------------------------------------------------------------------
       b[0]                       v                  1  0.4    0    +0      300     7266 
       gen_prop_inst/g13250/A     v                                 +0      300     7266 
       gen_prop_inst/g13250/S     ^     ADDHX1       2  0.6   30  +182      482     7447 
       carry_unit1/g870/A1        ^                                 +0      482     7447 
       carry_unit1/g870/Y         ^     AO21XL       2  0.6   37  +132      614     7580 
       carry_unit1/g869/A1        ^                                 +0      614     7580 
       carry_unit1/g869/Y         ^     AO21XL       2  0.6   37  +136      750     7715 
       carry_unit2/g898/A1        ^                                 +0      750     7715 
       carry_unit2/g898/Y         ^     AO21XL       2  0.6   37  +136      885     7850 
       carry_unit2/g897/A1        ^                                 +0      885     7850 
       carry_unit2/g897/Y         ^     AO21XL       2  0.6   37  +136     1020     7986 
       carry_unit3/g1826/A1       ^                                 +0     1020     7986 
       carry_unit3/g1826/Y        ^     AO21XL       2  0.6   37  +136     1156     8122 
       carry_unit3/g1825/A1       ^                                 +0     1156     8122 
       carry_unit3/g1825/Y        ^     AO21XL       2  0.6   37  +136     1292     8257 
       carry_unit3/g1824/A1       ^                                 +0     1292     8257 
       carry_unit3/g1824/Y        ^     AO21XL       2  0.6   37  +136     1427     8392 
       carry_unit3/g1823/A1       ^                                 +0     1427     8392 
       carry_unit3/g1823/Y        ^     AO21XL       2  0.6   37  +136     1562     8528 
       carry_unit4/g3682/A1       ^                                 +0     1562     8528 
       carry_unit4/g3682/Y        ^     AO21XL       2  0.6   37  +136     1698     8664 
       carry_unit4/g3681/A1       ^                                 +0     1698     8664 
       carry_unit4/g3681/Y        ^     AO21XL       2  0.6   37  +136     1834     8799 
       carry_unit4/g3680/A1       ^                                 +0     1834     8799 
       carry_unit4/g3680/Y        ^     AO21XL       2  0.6   37  +136     1969     8934 
       carry_unit4/g3679/A1       ^                                 +0     1969     8934 
       carry_unit4/g3679/Y        ^     AO21XL       2  0.6   37  +136     2104     9070 
       carry_unit4/g3678/A1       ^                                 +0     2104     9070 
       carry_unit4/g3678/Y        ^     AO21XL       2  0.6   37  +136     2240     9206 
       carry_unit4/g3677/A1       ^                                 +0     2240     9206 
       carry_unit4/g3677/Y        ^     AO21XL       2  0.6   37  +136     2376     9341 
       carry_unit4/g3676/A1       ^                                 +0     2376     9341 
       carry_unit4/g3676/Y        ^     AO21XL       2  0.6   37  +136     2511     9476 
       carry_unit4/g3675/A1       ^                                 +0     2511     9476 
       carry_unit4/g3675/Y        ^     AO21XL       1  0.0   16  +124     2634     9600 
       carry_out16            <<< ^                                 +0     2634     9600 
-----------------------------------------------------------------------------------------
Cost Group   : 'func_clk' (path_group 'func_clk')
