============================================================
  Generated by:           Genus(TM) Synthesis Solution 16.13-s036_1
  Generated on:           Oct 27 2024  11:49:56 am
  Module:                 alu
  Technology library:     slow_vdd1v0 1.0
  Operating conditions:   PVT_0P9V_125C (balanced_tree)
  Wireload mode:          enclosed
  Area mode:              timing library
============================================================

Path 1: MET Late External Delay Assertion
Endpoint:   carry_out16 (^) checked with leading edge of 'func_clk'
Beginpoint: b[0]        (v) triggered by leading edge of 'func_clk'
Other End Arrival Time          10000
- External Delay                  400
= Required Time                  9600
- Arrival Time                   2734
= Slack Time                     6866
    Clock Rise Edge                        0
    + Input Delay                        400
    = Beginpoint Arrival Time            400
-----------------------------------------------------------------------------------------
                 Pin              Edge   Cell   Fanout Load Slew Delay  Arrival Required 
                                                       (fF) (ps)  (ps) Time(ps) Time(ps) 
-----------------------------------------------------------------------------------------
       b[0]                       v                  1  0.4    0    +0      400     7266 
       gen_prop_inst/g15570/A     v                                 +0      400     7266 
       gen_prop_inst/g15570/S     ^     ADDHX1       2  0.6   30  +182      582     7447 
       carry_unit1/g1020/A1       ^                                 +0      582     7447 
       carry_unit1/g1020/Y        ^     AO21XL       2  0.6   37  +132      714     7580 
       carry_unit1/g1019/A1       ^                                 +0      714     7580 
       carry_unit1/g1019/Y        ^     AO21XL       2  0.6   37  +136      850     7715 
       carry_unit2/g1053/A1       ^                                 +0      850     7715 
       carry_unit2/g1053/Y        ^     AO21XL       2  0.6   37  +136      985     7850 
       carry_unit2/g1052/A1       ^                                 +0      985     7850 
       carry_unit2/g1052/Y        ^     AO21XL       2  0.6   37  +136     1120     7986 
       carry_unit3/g2141/A1       ^                                 +0     1120     7986 
       carry_unit3/g2141/Y        ^     AO21XL       2  0.6   37  +136     1256     8122 
       carry_unit3/g2140/A1       ^                                 +0     1256     8122 
       carry_unit3/g2140/Y        ^     AO21XL       2  0.6   37  +136     1392     8257 
       carry_unit3/g2139/A1       ^                                 +0     1392     8257 
       carry_unit3/g2139/Y        ^     AO21XL       2  0.6   37  +136     1527     8392 
       carry_unit3/g2138/A1       ^                                 +0     1527     8392 
       carry_unit3/g2138/Y        ^     AO21XL       2  0.6   37  +136     1662     8528 
       carry_unit4/g4317/A1       ^                                 +0     1662     8528 
       carry_unit4/g4317/Y        ^     AO21XL       2  0.6   37  +136     1798     8664 
       carry_unit4/g4316/A1       ^                                 +0     1798     8664 
       carry_unit4/g4316/Y        ^     AO21XL       2  0.6   37  +136     1934     8799 
       carry_unit4/g4315/A1       ^                                 +0     1934     8799 
       carry_unit4/g4315/Y        ^     AO21XL       2  0.6   37  +136     2069     8934 
       carry_unit4/g4314/A1       ^                                 +0     2069     8934 
       carry_unit4/g4314/Y        ^     AO21XL       2  0.6   37  +136     2204     9070 
       carry_unit4/g4313/A1       ^                                 +0     2204     9070 
       carry_unit4/g4313/Y        ^     AO21XL       2  0.6   37  +136     2340     9206 
       carry_unit4/g4312/A1       ^                                 +0     2340     9206 
       carry_unit4/g4312/Y        ^     AO21XL       2  0.6   37  +136     2476     9341 
       carry_unit4/g4311/A1       ^                                 +0     2476     9341 
       carry_unit4/g4311/Y        ^     AO21XL       2  0.6   37  +136     2611     9476 
       carry_unit4/g4310/A1       ^                                 +0     2611     9476 
       carry_unit4/g4310/Y        ^     AO21XL       1  0.0   16  +124     2734     9600 
       carry_out16            <<< ^                                 +0     2734     9600 
-----------------------------------------------------------------------------------------
Cost Group   : 'func_clk' (path_group 'func_clk')
