============================================================
  Generated by:           Genus(TM) Synthesis Solution 16.13-s036_1
  Generated on:           Oct 27 2024  11:49:45 am
  Module:                 alu
  Technology library:     slow_vdd1v0 1.0
  Operating conditions:   PVT_0P9V_125C (balanced_tree)
  Wireload mode:          enclosed
  Area mode:              timing library
============================================================

Path 1: MET Late External Delay Assertion
Endpoint:   carry_out16 (^) checked with leading edge of 'func_clk'
Beginpoint: b[0]        (v) triggered by leading edge of 'func_clk'
Other End Arrival Time           9000
- External Delay                  400
= Required Time                  8600
- Arrival Time                   2634
= Slack Time                     5966
    Clock Rise Edge                        0
    + Input Delay                        300
    = Beginpoint Arrival Time            300
----------------------------------------------------------------------------------------
                Pin              Edge   Cell   Fanout Load Slew Delay  Arrival Required 
                                                      (fF) (ps)  (ps) Time(ps) Time(ps) 
----------------------------------------------------------------------------------------
       b[0]                      v                  1  0.4    0    +0      300     6266 
       gen_prop_inst/g2114/A     v                                 +0      300     6266 
       gen_prop_inst/g2114/S     ^     ADDHX1       2  0.6   30  +182      482     6447 
       carry_unit1/g150/A1       ^                                 +0      482     6447 
       carry_unit1/g150/Y        ^     AO21XL       2  0.6   37  +132      614     6580 
       carry_unit1/g149/A1       ^                                 +0      614     6580 
       carry_unit1/g149/Y        ^     AO21XL       2  0.6   37  +136      750     6715 
       carry_unit2/g154/A1       ^                                 +0      750     6715 
       carry_unit2/g154/Y        ^     AO21XL       2  0.6   37  +136      885     6850 
       carry_unit2/g153/A1       ^                                 +0      885     6850 
       carry_unit2/g153/Y        ^     AO21XL       2  0.6   37  +136     1020     6986 
       carry_unit3/g314/A1       ^                                 +0     1020     6986 
       carry_unit3/g314/Y        ^     AO21XL       2  0.6   37  +136     1156     7122 
       carry_unit3/g313/A1       ^                                 +0     1156     7122 
       carry_unit3/g313/Y        ^     AO21XL       2  0.6   37  +136     1292     7257 
       carry_unit3/g312/A1       ^                                 +0     1292     7257 
       carry_unit3/g312/Y        ^     AO21XL       2  0.6   37  +136     1427     7392 
       carry_unit3/g311/A1       ^                                 +0     1427     7392 
       carry_unit3/g311/Y        ^     AO21XL       2  0.6   37  +136     1562     7528 
       carry_unit4/g634/A1       ^                                 +0     1562     7528 
       carry_unit4/g634/Y        ^     AO21XL       2  0.6   37  +136     1698     7664 
       carry_unit4/g633/A1       ^                                 +0     1698     7664 
       carry_unit4/g633/Y        ^     AO21XL       2  0.6   37  +136     1834     7799 
       carry_unit4/g632/A1       ^                                 +0     1834     7799 
       carry_unit4/g632/Y        ^     AO21XL       2  0.6   37  +136     1969     7934 
       carry_unit4/g631/A1       ^                                 +0     1969     7934 
       carry_unit4/g631/Y        ^     AO21XL       2  0.6   37  +136     2104     8070 
       carry_unit4/g630/A1       ^                                 +0     2104     8070 
       carry_unit4/g630/Y        ^     AO21XL       2  0.6   37  +136     2240     8206 
       carry_unit4/g629/A1       ^                                 +0     2240     8206 
       carry_unit4/g629/Y        ^     AO21XL       2  0.6   37  +136     2376     8341 
       carry_unit4/g628/A1       ^                                 +0     2376     8341 
       carry_unit4/g628/Y        ^     AO21XL       2  0.6   37  +136     2511     8476 
       carry_unit4/g627/A1       ^                                 +0     2511     8476 
       carry_unit4/g627/Y        ^     AO21XL       1  0.0   16  +124     2634     8600 
       carry_out16           <<< ^                                 +0     2634     8600 
----------------------------------------------------------------------------------------
Cost Group   : 'func_clk' (path_group 'func_clk')
