============================================================
  Generated by:           Genus(TM) Synthesis Solution 16.13-s036_1
  Generated on:           Oct 27 2024  11:50:00 am
  Module:                 alu
  Technology library:     slow_vdd1v0 1.0
  Operating conditions:   PVT_0P9V_125C (balanced_tree)
  Wireload mode:          enclosed
  Area mode:              timing library
============================================================

Path 1: MET Late External Delay Assertion
Endpoint:   carry_out16 (^) checked with leading edge of 'func_clk'
Beginpoint: b[0]        (v) triggered by leading edge of 'func_clk'
Other End Arrival Time          10000
- External Delay                  500
= Required Time                  9500
- Arrival Time                   2634
= Slack Time                     6866
    Clock Rise Edge                        0
    + Input Delay                        300
    = Beginpoint Arrival Time            300
-----------------------------------------------------------------------------------------
                 Pin              Edge   Cell   Fanout Load Slew Delay  Arrival Required 
                                                       (fF) (ps)  (ps) Time(ps) Time(ps) 
-----------------------------------------------------------------------------------------
       b[0]                       v                  1  0.4    0    +0      300     7166 
       gen_prop_inst/g20210/A     v                                 +0      300     7166 
       gen_prop_inst/g20210/S     ^     ADDHX1       2  0.6   30  +182      482     7347 
       carry_unit1/g1320/A1       ^                                 +0      482     7347 
       carry_unit1/g1320/Y        ^     AO21XL       2  0.6   37  +132      614     7480 
       carry_unit1/g1319/A1       ^                                 +0      614     7480 
       carry_unit1/g1319/Y        ^     AO21XL       2  0.6   37  +136      750     7615 
       carry_unit2/g1363/A1       ^                                 +0      750     7615 
       carry_unit2/g1363/Y        ^     AO21XL       2  0.6   37  +136      885     7750 
       carry_unit2/g1362/A1       ^                                 +0      885     7750 
       carry_unit2/g1362/Y        ^     AO21XL       2  0.6   37  +136     1020     7886 
       carry_unit3/g2771/A1       ^                                 +0     1020     7886 
       carry_unit3/g2771/Y        ^     AO21XL       2  0.6   37  +136     1156     8022 
       carry_unit3/g2770/A1       ^                                 +0     1156     8022 
       carry_unit3/g2770/Y        ^     AO21XL       2  0.6   37  +136     1292     8157 
       carry_unit3/g2769/A1       ^                                 +0     1292     8157 
       carry_unit3/g2769/Y        ^     AO21XL       2  0.6   37  +136     1427     8292 
       carry_unit3/g2768/A1       ^                                 +0     1427     8292 
       carry_unit3/g2768/Y        ^     AO21XL       2  0.6   37  +136     1562     8428 
       carry_unit4/g5587/A1       ^                                 +0     1562     8428 
       carry_unit4/g5587/Y        ^     AO21XL       2  0.6   37  +136     1698     8564 
       carry_unit4/g5586/A1       ^                                 +0     1698     8564 
       carry_unit4/g5586/Y        ^     AO21XL       2  0.6   37  +136     1834     8699 
       carry_unit4/g5585/A1       ^                                 +0     1834     8699 
       carry_unit4/g5585/Y        ^     AO21XL       2  0.6   37  +136     1969     8834 
       carry_unit4/g5584/A1       ^                                 +0     1969     8834 
       carry_unit4/g5584/Y        ^     AO21XL       2  0.6   37  +136     2104     8970 
       carry_unit4/g5583/A1       ^                                 +0     2104     8970 
       carry_unit4/g5583/Y        ^     AO21XL       2  0.6   37  +136     2240     9106 
       carry_unit4/g5582/A1       ^                                 +0     2240     9106 
       carry_unit4/g5582/Y        ^     AO21XL       2  0.6   37  +136     2376     9241 
       carry_unit4/g5581/A1       ^                                 +0     2376     9241 
       carry_unit4/g5581/Y        ^     AO21XL       2  0.6   37  +136     2511     9376 
       carry_unit4/g5580/A1       ^                                 +0     2511     9376 
       carry_unit4/g5580/Y        ^     AO21XL       1  0.0   16  +124     2634     9500 
       carry_out16            <<< ^                                 +0     2634     9500 
-----------------------------------------------------------------------------------------
Cost Group   : 'func_clk' (path_group 'func_clk')
