============================================================
  Generated by:           Genus(TM) Synthesis Solution 16.13-s036_1
  Generated on:           Oct 27 2024  11:49:49 am
  Module:                 alu
  Technology library:     slow_vdd1v0 1.0
  Operating conditions:   PVT_0P9V_125C (balanced_tree)
  Wireload mode:          enclosed
  Area mode:              timing library
============================================================

Path 1: MET Late External Delay Assertion
Endpoint:   carry_out16 (^) checked with leading edge of 'func_clk'
Beginpoint: b[0]        (v) triggered by leading edge of 'func_clk'
Other End Arrival Time          10000
- External Delay                  400
= Required Time                  9600
- Arrival Time                   2734
= Slack Time                     6866
    Clock Rise Edge                        0
    + Input Delay                        400
    = Beginpoint Arrival Time            400
----------------------------------------------------------------------------------------
                Pin              Edge   Cell   Fanout Load Slew Delay  Arrival Required 
                                                      (fF) (ps)  (ps) Time(ps) Time(ps) 
----------------------------------------------------------------------------------------
       b[0]                      v                  1  0.4    0    +0      400     7266 
       gen_prop_inst/g6290/A     v                                 +0      400     7266 
       gen_prop_inst/g6290/S     ^     ADDHX1       2  0.6   30  +182      582     7447 
       carry_unit1/g420/A1       ^                                 +0      582     7447 
       carry_unit1/g420/Y        ^     AO21XL       2  0.6   37  +132      714     7580 
       carry_unit1/g419/A1       ^                                 +0      714     7580 
       carry_unit1/g419/Y        ^     AO21XL       2  0.6   37  +136      850     7715 
       carry_unit2/g433/A1       ^                                 +0      850     7715 
       carry_unit2/g433/Y        ^     AO21XL       2  0.6   37  +136      985     7850 
       carry_unit2/g432/A1       ^                                 +0      985     7850 
       carry_unit2/g432/Y        ^     AO21XL       2  0.6   37  +136     1120     7986 
       carry_unit3/g881/A1       ^                                 +0     1120     7986 
       carry_unit3/g881/Y        ^     AO21XL       2  0.6   37  +136     1256     8122 
       carry_unit3/g880/A1       ^                                 +0     1256     8122 
       carry_unit3/g880/Y        ^     AO21XL       2  0.6   37  +136     1392     8257 
       carry_unit3/g879/A1       ^                                 +0     1392     8257 
       carry_unit3/g879/Y        ^     AO21XL       2  0.6   37  +136     1527     8392 
       carry_unit3/g878/A1       ^                                 +0     1527     8392 
       carry_unit3/g878/Y        ^     AO21XL       2  0.6   37  +136     1662     8528 
       carry_unit4/g1777/A1      ^                                 +0     1662     8528 
       carry_unit4/g1777/Y       ^     AO21XL       2  0.6   37  +136     1798     8664 
       carry_unit4/g1776/A1      ^                                 +0     1798     8664 
       carry_unit4/g1776/Y       ^     AO21XL       2  0.6   37  +136     1934     8799 
       carry_unit4/g1775/A1      ^                                 +0     1934     8799 
       carry_unit4/g1775/Y       ^     AO21XL       2  0.6   37  +136     2069     8934 
       carry_unit4/g1774/A1      ^                                 +0     2069     8934 
       carry_unit4/g1774/Y       ^     AO21XL       2  0.6   37  +136     2204     9070 
       carry_unit4/g1773/A1      ^                                 +0     2204     9070 
       carry_unit4/g1773/Y       ^     AO21XL       2  0.6   37  +136     2340     9206 
       carry_unit4/g1772/A1      ^                                 +0     2340     9206 
       carry_unit4/g1772/Y       ^     AO21XL       2  0.6   37  +136     2476     9341 
       carry_unit4/g1771/A1      ^                                 +0     2476     9341 
       carry_unit4/g1771/Y       ^     AO21XL       2  0.6   37  +136     2611     9476 
       carry_unit4/g1770/A1      ^                                 +0     2611     9476 
       carry_unit4/g1770/Y       ^     AO21XL       1  0.0   16  +124     2734     9600 
       carry_out16           <<< ^                                 +0     2734     9600 
----------------------------------------------------------------------------------------
Cost Group   : 'func_clk' (path_group 'func_clk')
