============================================================
  Generated by:           Genus(TM) Synthesis Solution 16.13-s036_1
  Generated on:           Oct 27 2024  11:49:47 am
  Module:                 alu
  Technology library:     slow_vdd1v0 1.0
  Operating conditions:   PVT_0P9V_125C (balanced_tree)
  Wireload mode:          enclosed
  Area mode:              timing library
============================================================

Path 1: MET Late External Delay Assertion
Endpoint:   carry_out16 (^) checked with leading edge of 'func_clk'
Beginpoint: b[0]        (v) triggered by leading edge of 'func_clk'
Other End Arrival Time          13000
- External Delay                  400
= Required Time                 12600
- Arrival Time                   2634
= Slack Time                     9966
    Clock Rise Edge                        0
    + Input Delay                        300
    = Beginpoint Arrival Time            300
----------------------------------------------------------------------------------------
                Pin              Edge   Cell   Fanout Load Slew Delay  Arrival Required 
                                                      (fF) (ps)  (ps) Time(ps) Time(ps) 
----------------------------------------------------------------------------------------
       b[0]                      v                  1  0.4    0    +0      300    10266 
       gen_prop_inst/g3970/A     v                                 +0      300    10266 
       gen_prop_inst/g3970/S     ^     ADDHX1       2  0.6   30  +182      482    10447 
       carry_unit1/g270/A1       ^                                 +0      482    10447 
       carry_unit1/g270/Y        ^     AO21XL       2  0.6   37  +132      614    10580 
       carry_unit1/g269/A1       ^                                 +0      614    10580 
       carry_unit1/g269/Y        ^     AO21XL       2  0.6   37  +136      750    10715 
       carry_unit2/g278/A1       ^                                 +0      750    10715 
       carry_unit2/g278/Y        ^     AO21XL       2  0.6   37  +136      885    10850 
       carry_unit2/g277/A1       ^                                 +0      885    10850 
       carry_unit2/g277/Y        ^     AO21XL       2  0.6   37  +136     1020    10986 
       carry_unit3/g566/A1       ^                                 +0     1020    10986 
       carry_unit3/g566/Y        ^     AO21XL       2  0.6   37  +136     1156    11122 
       carry_unit3/g565/A1       ^                                 +0     1156    11122 
       carry_unit3/g565/Y        ^     AO21XL       2  0.6   37  +136     1292    11257 
       carry_unit3/g564/A1       ^                                 +0     1292    11257 
       carry_unit3/g564/Y        ^     AO21XL       2  0.6   37  +136     1427    11392 
       carry_unit3/g563/A1       ^                                 +0     1427    11392 
       carry_unit3/g563/Y        ^     AO21XL       2  0.6   37  +136     1562    11528 
       carry_unit4/g1142/A1      ^                                 +0     1562    11528 
       carry_unit4/g1142/Y       ^     AO21XL       2  0.6   37  +136     1698    11664 
       carry_unit4/g1141/A1      ^                                 +0     1698    11664 
       carry_unit4/g1141/Y       ^     AO21XL       2  0.6   37  +136     1834    11799 
       carry_unit4/g1140/A1      ^                                 +0     1834    11799 
       carry_unit4/g1140/Y       ^     AO21XL       2  0.6   37  +136     1969    11934 
       carry_unit4/g1139/A1      ^                                 +0     1969    11934 
       carry_unit4/g1139/Y       ^     AO21XL       2  0.6   37  +136     2104    12070 
       carry_unit4/g1138/A1      ^                                 +0     2104    12070 
       carry_unit4/g1138/Y       ^     AO21XL       2  0.6   37  +136     2240    12206 
       carry_unit4/g1137/A1      ^                                 +0     2240    12206 
       carry_unit4/g1137/Y       ^     AO21XL       2  0.6   37  +136     2376    12341 
       carry_unit4/g1136/A1      ^                                 +0     2376    12341 
       carry_unit4/g1136/Y       ^     AO21XL       2  0.6   37  +136     2511    12476 
       carry_unit4/g1135/A1      ^                                 +0     2511    12476 
       carry_unit4/g1135/Y       ^     AO21XL       1  0.0   16  +124     2634    12600 
       carry_out16           <<< ^                                 +0     2634    12600 
----------------------------------------------------------------------------------------
Cost Group   : 'func_clk' (path_group 'func_clk')
