============================================================
  Generated by:           Genus(TM) Synthesis Solution 16.13-s036_1
  Generated on:           Oct 27 2024  11:49:58 am
  Module:                 alu
  Technology library:     slow_vdd1v0 1.0
  Operating conditions:   PVT_0P9V_125C (balanced_tree)
  Wireload mode:          enclosed
  Area mode:              timing library
============================================================

Path 1: MET Late External Delay Assertion
Endpoint:   carry_out16 (^) checked with leading edge of 'func_clk'
Beginpoint: b[0]        (v) triggered by leading edge of 'func_clk'
Other End Arrival Time          10000
- External Delay                  400
= Required Time                  9600
- Arrival Time                   3134
= Slack Time                     6466
    Clock Rise Edge                        0
    + Input Delay                        800
    = Beginpoint Arrival Time            800
-----------------------------------------------------------------------------------------
                 Pin              Edge   Cell   Fanout Load Slew Delay  Arrival Required 
                                                       (fF) (ps)  (ps) Time(ps) Time(ps) 
-----------------------------------------------------------------------------------------
       b[0]                       v                  1  0.4    0    +0      800     7266 
       gen_prop_inst/g17426/A     v                                 +0      800     7266 
       gen_prop_inst/g17426/S     ^     ADDHX1       2  0.6   30  +182      982     7447 
       carry_unit1/g1140/A1       ^                                 +0      982     7447 
       carry_unit1/g1140/Y        ^     AO21XL       2  0.6   37  +132     1114     7580 
       carry_unit1/g1139/A1       ^                                 +0     1114     7580 
       carry_unit1/g1139/Y        ^     AO21XL       2  0.6   37  +136     1250     7715 
       carry_unit2/g1177/A1       ^                                 +0     1250     7715 
       carry_unit2/g1177/Y        ^     AO21XL       2  0.6   37  +136     1385     7850 
       carry_unit2/g1176/A1       ^                                 +0     1385     7850 
       carry_unit2/g1176/Y        ^     AO21XL       2  0.6   37  +136     1520     7986 
       carry_unit3/g2393/A1       ^                                 +0     1520     7986 
       carry_unit3/g2393/Y        ^     AO21XL       2  0.6   37  +136     1656     8122 
       carry_unit3/g2392/A1       ^                                 +0     1656     8122 
       carry_unit3/g2392/Y        ^     AO21XL       2  0.6   37  +136     1792     8257 
       carry_unit3/g2391/A1       ^                                 +0     1792     8257 
       carry_unit3/g2391/Y        ^     AO21XL       2  0.6   37  +136     1927     8392 
       carry_unit3/g2390/A1       ^                                 +0     1927     8392 
       carry_unit3/g2390/Y        ^     AO21XL       2  0.6   37  +136     2062     8528 
       carry_unit4/g4825/A1       ^                                 +0     2062     8528 
       carry_unit4/g4825/Y        ^     AO21XL       2  0.6   37  +136     2198     8664 
       carry_unit4/g4824/A1       ^                                 +0     2198     8664 
       carry_unit4/g4824/Y        ^     AO21XL       2  0.6   37  +136     2334     8799 
       carry_unit4/g4823/A1       ^                                 +0     2334     8799 
       carry_unit4/g4823/Y        ^     AO21XL       2  0.6   37  +136     2469     8934 
       carry_unit4/g4822/A1       ^                                 +0     2469     8934 
       carry_unit4/g4822/Y        ^     AO21XL       2  0.6   37  +136     2604     9070 
       carry_unit4/g4821/A1       ^                                 +0     2604     9070 
       carry_unit4/g4821/Y        ^     AO21XL       2  0.6   37  +136     2740     9206 
       carry_unit4/g4820/A1       ^                                 +0     2740     9206 
       carry_unit4/g4820/Y        ^     AO21XL       2  0.6   37  +136     2876     9341 
       carry_unit4/g4819/A1       ^                                 +0     2876     9341 
       carry_unit4/g4819/Y        ^     AO21XL       2  0.6   37  +136     3011     9476 
       carry_unit4/g4818/A1       ^                                 +0     3011     9476 
       carry_unit4/g4818/Y        ^     AO21XL       1  0.0   16  +124     3134     9600 
       carry_out16            <<< ^                                 +0     3134     9600 
-----------------------------------------------------------------------------------------
Cost Group   : 'func_clk' (path_group 'func_clk')
