============================================================
  Generated by:           Genus(TM) Synthesis Solution 16.13-s036_1
  Generated on:           Oct 27 2024  11:49:47 am
  Module:                 alu
  Technology library:     slow_vdd1v0 1.0
  Operating conditions:   PVT_0P9V_125C (balanced_tree)
  Wireload mode:          enclosed
  Area mode:              timing library
============================================================

Path 1: MET Late External Delay Assertion
Endpoint:   carry_out16 (^) checked with leading edge of 'func_clk'
Beginpoint: b[0]        (v) triggered by leading edge of 'func_clk'
Other End Arrival Time          14000
- External Delay                  400
= Required Time                 13600
- Arrival Time                   2634
= Slack Time                    10966
    Clock Rise Edge                        0
    + Input Delay                        300
    = Beginpoint Arrival Time            300
----------------------------------------------------------------------------------------
                Pin              Edge   Cell   Fanout Load Slew Delay  Arrival Required 
                                                      (fF) (ps)  (ps) Time(ps) Time(ps) 
----------------------------------------------------------------------------------------
       b[0]                      v                  1  0.4    0    +0      300    11266 
       gen_prop_inst/g4434/A     v                                 +0      300    11266 
       gen_prop_inst/g4434/S     ^     ADDHX1       2  0.6   30  +182      482    11447 
       carry_unit1/g300/A1       ^                                 +0      482    11447 
       carry_unit1/g300/Y        ^     AO21XL       2  0.6   37  +132      614    11580 
       carry_unit1/g299/A1       ^                                 +0      614    11580 
       carry_unit1/g299/Y        ^     AO21XL       2  0.6   37  +136      750    11715 
       carry_unit2/g309/A1       ^                                 +0      750    11715 
       carry_unit2/g309/Y        ^     AO21XL       2  0.6   37  +136      885    11850 
       carry_unit2/g308/A1       ^                                 +0      885    11850 
       carry_unit2/g308/Y        ^     AO21XL       2  0.6   37  +136     1020    11986 
       carry_unit3/g629/A1       ^                                 +0     1020    11986 
       carry_unit3/g629/Y        ^     AO21XL       2  0.6   37  +136     1156    12122 
       carry_unit3/g628/A1       ^                                 +0     1156    12122 
       carry_unit3/g628/Y        ^     AO21XL       2  0.6   37  +136     1292    12257 
       carry_unit3/g627/A1       ^                                 +0     1292    12257 
       carry_unit3/g627/Y        ^     AO21XL       2  0.6   37  +136     1427    12392 
       carry_unit3/g626/A1       ^                                 +0     1427    12392 
       carry_unit3/g626/Y        ^     AO21XL       2  0.6   37  +136     1562    12528 
       carry_unit4/g1269/A1      ^                                 +0     1562    12528 
       carry_unit4/g1269/Y       ^     AO21XL       2  0.6   37  +136     1698    12664 
       carry_unit4/g1268/A1      ^                                 +0     1698    12664 
       carry_unit4/g1268/Y       ^     AO21XL       2  0.6   37  +136     1834    12799 
       carry_unit4/g1267/A1      ^                                 +0     1834    12799 
       carry_unit4/g1267/Y       ^     AO21XL       2  0.6   37  +136     1969    12934 
       carry_unit4/g1266/A1      ^                                 +0     1969    12934 
       carry_unit4/g1266/Y       ^     AO21XL       2  0.6   37  +136     2104    13070 
       carry_unit4/g1265/A1      ^                                 +0     2104    13070 
       carry_unit4/g1265/Y       ^     AO21XL       2  0.6   37  +136     2240    13206 
       carry_unit4/g1264/A1      ^                                 +0     2240    13206 
       carry_unit4/g1264/Y       ^     AO21XL       2  0.6   37  +136     2376    13341 
       carry_unit4/g1263/A1      ^                                 +0     2376    13341 
       carry_unit4/g1263/Y       ^     AO21XL       2  0.6   37  +136     2511    13476 
       carry_unit4/g1262/A1      ^                                 +0     2511    13476 
       carry_unit4/g1262/Y       ^     AO21XL       1  0.0   16  +124     2634    13600 
       carry_out16           <<< ^                                 +0     2634    13600 
----------------------------------------------------------------------------------------
Cost Group   : 'func_clk' (path_group 'func_clk')
