============================================================
  Generated by:           Genus(TM) Synthesis Solution 16.13-s036_1
  Generated on:           Oct 27 2024  11:49:48 am
  Module:                 alu
  Technology library:     slow_vdd1v0 1.0
  Operating conditions:   PVT_0P9V_125C (balanced_tree)
  Wireload mode:          enclosed
  Area mode:              timing library
============================================================

Path 1: MET Late External Delay Assertion
Endpoint:   carry_out16 (^) checked with leading edge of 'func_clk'
Beginpoint: b[0]        (v) triggered by leading edge of 'func_clk'
Other End Arrival Time          10000
- External Delay                  400
= Required Time                  9600
- Arrival Time                   2634
= Slack Time                     6966
    Clock Rise Edge                        0
    + Input Delay                        300
    = Beginpoint Arrival Time            300
----------------------------------------------------------------------------------------
                Pin              Edge   Cell   Fanout Load Slew Delay  Arrival Required 
                                                      (fF) (ps)  (ps) Time(ps) Time(ps) 
----------------------------------------------------------------------------------------
       b[0]                      v                  1  0.4    0    +0      300     7266 
       gen_prop_inst/g5826/A     v                                 +0      300     7266 
       gen_prop_inst/g5826/S     ^     ADDHX1       2  0.6   30  +182      482     7447 
       carry_unit1/g390/A1       ^                                 +0      482     7447 
       carry_unit1/g390/Y        ^     AO21XL       2  0.6   37  +132      614     7580 
       carry_unit1/g389/A1       ^                                 +0      614     7580 
       carry_unit1/g389/Y        ^     AO21XL       2  0.6   37  +136      750     7715 
       carry_unit2/g402/A1       ^                                 +0      750     7715 
       carry_unit2/g402/Y        ^     AO21XL       2  0.6   37  +136      885     7850 
       carry_unit2/g401/A1       ^                                 +0      885     7850 
       carry_unit2/g401/Y        ^     AO21XL       2  0.6   37  +136     1020     7986 
       carry_unit3/g818/A1       ^                                 +0     1020     7986 
       carry_unit3/g818/Y        ^     AO21XL       2  0.6   37  +136     1156     8122 
       carry_unit3/g817/A1       ^                                 +0     1156     8122 
       carry_unit3/g817/Y        ^     AO21XL       2  0.6   37  +136     1292     8257 
       carry_unit3/g816/A1       ^                                 +0     1292     8257 
       carry_unit3/g816/Y        ^     AO21XL       2  0.6   37  +136     1427     8392 
       carry_unit3/g815/A1       ^                                 +0     1427     8392 
       carry_unit3/g815/Y        ^     AO21XL       2  0.6   37  +136     1562     8528 
       carry_unit4/g1650/A1      ^                                 +0     1562     8528 
       carry_unit4/g1650/Y       ^     AO21XL       2  0.6   37  +136     1698     8664 
       carry_unit4/g1649/A1      ^                                 +0     1698     8664 
       carry_unit4/g1649/Y       ^     AO21XL       2  0.6   37  +136     1834     8799 
       carry_unit4/g1648/A1      ^                                 +0     1834     8799 
       carry_unit4/g1648/Y       ^     AO21XL       2  0.6   37  +136     1969     8934 
       carry_unit4/g1647/A1      ^                                 +0     1969     8934 
       carry_unit4/g1647/Y       ^     AO21XL       2  0.6   37  +136     2104     9070 
       carry_unit4/g1646/A1      ^                                 +0     2104     9070 
       carry_unit4/g1646/Y       ^     AO21XL       2  0.6   37  +136     2240     9206 
       carry_unit4/g1645/A1      ^                                 +0     2240     9206 
       carry_unit4/g1645/Y       ^     AO21XL       2  0.6   37  +136     2376     9341 
       carry_unit4/g1644/A1      ^                                 +0     2376     9341 
       carry_unit4/g1644/Y       ^     AO21XL       2  0.6   37  +136     2511     9476 
       carry_unit4/g1643/A1      ^                                 +0     2511     9476 
       carry_unit4/g1643/Y       ^     AO21XL       1  0.0   16  +124     2634     9600 
       carry_out16           <<< ^                                 +0     2634     9600 
----------------------------------------------------------------------------------------
Cost Group   : 'func_clk' (path_group 'func_clk')
