============================================================
  Generated by:           Genus(TM) Synthesis Solution 16.13-s036_1
  Generated on:           Oct 27 2024  11:49:58 am
  Module:                 alu
  Technology library:     slow_vdd1v0 1.0
  Operating conditions:   PVT_0P9V_125C (balanced_tree)
  Wireload mode:          enclosed
  Area mode:              timing library
============================================================

Path 1: MET Late External Delay Assertion
Endpoint:   carry_out16 (^) checked with leading edge of 'func_clk'
Beginpoint: b[0]        (v) triggered by leading edge of 'func_clk'
Other End Arrival Time          10000
- External Delay                  400
= Required Time                  9600
- Arrival Time                   3034
= Slack Time                     6566
    Clock Rise Edge                        0
    + Input Delay                        700
    = Beginpoint Arrival Time            700
-----------------------------------------------------------------------------------------
                 Pin              Edge   Cell   Fanout Load Slew Delay  Arrival Required 
                                                       (fF) (ps)  (ps) Time(ps) Time(ps) 
-----------------------------------------------------------------------------------------
       b[0]                       v                  1  0.4    0    +0      700     7266 
       gen_prop_inst/g16962/A     v                                 +0      700     7266 
       gen_prop_inst/g16962/S     ^     ADDHX1       2  0.6   30  +182      882     7447 
       carry_unit1/g1110/A1       ^                                 +0      882     7447 
       carry_unit1/g1110/Y        ^     AO21XL       2  0.6   37  +132     1014     7580 
       carry_unit1/g1109/A1       ^                                 +0     1014     7580 
       carry_unit1/g1109/Y        ^     AO21XL       2  0.6   37  +136     1150     7715 
       carry_unit2/g1146/A1       ^                                 +0     1150     7715 
       carry_unit2/g1146/Y        ^     AO21XL       2  0.6   37  +136     1285     7850 
       carry_unit2/g1145/A1       ^                                 +0     1285     7850 
       carry_unit2/g1145/Y        ^     AO21XL       2  0.6   37  +136     1420     7986 
       carry_unit3/g2330/A1       ^                                 +0     1420     7986 
       carry_unit3/g2330/Y        ^     AO21XL       2  0.6   37  +136     1556     8122 
       carry_unit3/g2329/A1       ^                                 +0     1556     8122 
       carry_unit3/g2329/Y        ^     AO21XL       2  0.6   37  +136     1692     8257 
       carry_unit3/g2328/A1       ^                                 +0     1692     8257 
       carry_unit3/g2328/Y        ^     AO21XL       2  0.6   37  +136     1827     8392 
       carry_unit3/g2327/A1       ^                                 +0     1827     8392 
       carry_unit3/g2327/Y        ^     AO21XL       2  0.6   37  +136     1962     8528 
       carry_unit4/g4698/A1       ^                                 +0     1962     8528 
       carry_unit4/g4698/Y        ^     AO21XL       2  0.6   37  +136     2098     8664 
       carry_unit4/g4697/A1       ^                                 +0     2098     8664 
       carry_unit4/g4697/Y        ^     AO21XL       2  0.6   37  +136     2234     8799 
       carry_unit4/g4696/A1       ^                                 +0     2234     8799 
       carry_unit4/g4696/Y        ^     AO21XL       2  0.6   37  +136     2369     8934 
       carry_unit4/g4695/A1       ^                                 +0     2369     8934 
       carry_unit4/g4695/Y        ^     AO21XL       2  0.6   37  +136     2504     9070 
       carry_unit4/g4694/A1       ^                                 +0     2504     9070 
       carry_unit4/g4694/Y        ^     AO21XL       2  0.6   37  +136     2640     9206 
       carry_unit4/g4693/A1       ^                                 +0     2640     9206 
       carry_unit4/g4693/Y        ^     AO21XL       2  0.6   37  +136     2776     9341 
       carry_unit4/g4692/A1       ^                                 +0     2776     9341 
       carry_unit4/g4692/Y        ^     AO21XL       2  0.6   37  +136     2911     9476 
       carry_unit4/g4691/A1       ^                                 +0     2911     9476 
       carry_unit4/g4691/Y        ^     AO21XL       1  0.0   16  +124     3034     9600 
       carry_out16            <<< ^                                 +0     3034     9600 
-----------------------------------------------------------------------------------------
Cost Group   : 'func_clk' (path_group 'func_clk')
