============================================================
  Generated by:           Genus(TM) Synthesis Solution 16.13-s036_1
  Generated on:           Oct 27 2024  11:06:02 am
  Module:                 alu
  Technology library:     slow_vdd1v0 1.0
  Operating conditions:   PVT_0P9V_125C (balanced_tree)
  Wireload mode:          enclosed
  Area mode:              timing library
============================================================

path   1:

      Pin                 Type        Fanout Load Slew Delay Arrival   Location    
                                             (fF) (ps)  (ps)   (ps)       (x,   y) 
-----------------------------------------------------------------------------------
(clock func_clk)       launch                                      0 R             
(alu.sdc_line_30)      ext delay                        +400     400 R             
cin               (u)  in port             2  2.4    0    +0     400 R             
carry_unit1/cin 
  g1/in_1                                                 +0     400               
  g1/z            (u)  unmapped_and2       1  1.2    0   +58     458 R             
  g2/in_1                                                 +0     458               
  g2/z            (u)  unmapped_or2        2  2.4    0   +68     526 R             
  g3/in_1                                                 +0     526               
  g3/z            (u)  unmapped_and2       1  1.2    0   +58     583 R             
  g4/in_1                                                 +0     583               
  g4/z            (u)  unmapped_or2        2  2.4    0   +68     651 R             
  g5/in_1                                                 +0     651               
  g5/z            (u)  unmapped_and2       1  1.2    0   +58     708 R             
  g6/in_1                                                 +0     708               
  g6/z            (u)  unmapped_or2        2  2.4    0   +68     776 R             
  g7/in_1                                                 +0     776               
  g7/z            (u)  unmapped_and2       1  1.2    0   +58     834 R             
  g8/in_1                                                 +0     834               
  g8/z            (u)  unmapped_or2        2  2.4    0   +68     902 R             
carry_unit1/cout[4] 
carry_unit2/cin 
  g1/in_1                                                 +0     902               
  g1/z            (u)  unmapped_and2       1  1.2    0   +58     960 R             
  g2/in_1                                                 +0     960               
  g2/z            (u)  unmapped_or2        2  2.4    0   +68    1028 R             
  g3/in_1                                                 +0    1028               
  g3/z            (u)  unmapped_and2       1  1.2    0   +58    1085 R             
  g4/in_1                                                 +0    1085               
  g4/z            (u)  unmapped_or2        2  2.4    0   +68    1153 R             
  g5/in_1                                                 +0    1153               
  g5/z            (u)  unmapped_and2       1  1.2    0   +58    1210 R             
  g6/in_1                                                 +0    1210               
  g6/z            (u)  unmapped_or2        2  2.4    0   +68    1278 R             
  g7/in_1                                                 +0    1278               
  g7/z            (u)  unmapped_and2       1  1.2    0   +58    1336 R             
  g8/in_1                                                 +0    1336               
  g8/z            (u)  unmapped_or2        2  2.4    0   +68    1404 R             
carry_unit2/cout[4] 
carry_unit3/cin 
  g1/in_1                                                 +0    1404               
  g1/z            (u)  unmapped_and2       1  1.2    0   +58    1462 R             
  g2/in_1                                                 +0    1462               
  g2/z            (u)  unmapped_or2        2  2.4    0   +68    1530 R             
  g3/in_1                                                 +0    1530               
  g3/z            (u)  unmapped_and2       1  1.2    0   +58    1587 R             
  g4/in_1                                                 +0    1587               
  g4/z            (u)  unmapped_or2        2  2.4    0   +68    1655 R             
  g5/in_1                                                 +0    1655               
  g5/z            (u)  unmapped_and2       1  1.2    0   +58    1712 R             
  g6/in_1                                                 +0    1712               
  g6/z            (u)  unmapped_or2        2  2.4    0   +68    1780 R             
  g7/in_1                                                 +0    1780               
  g7/z            (u)  unmapped_and2       1  1.2    0   +58    1838 R             
  g8/in_1                                                 +0    1838               
  g8/z            (u)  unmapped_or2        2  2.4    0   +68    1906 R             
  g9/in_1                                                 +0    1906               
  g9/z            (u)  unmapped_and2       1  1.2    0   +58    1964 R             
  g10/in_1                                                +0    1964               
  g10/z           (u)  unmapped_or2        2  2.4    0   +68    2032 R             
  g11/in_1                                                +0    2032               
  g11/z           (u)  unmapped_and2       1  1.2    0   +58    2089 R             
  g12/in_1                                                +0    2089               
  g12/z           (u)  unmapped_or2        2  2.4    0   +68    2157 R             
  g13/in_1                                                +0    2157               
  g13/z           (u)  unmapped_and2       1  1.2    0   +58    2214 R             
  g14/in_1                                                +0    2214               
  g14/z           (u)  unmapped_or2        2  2.4    0   +68    2282 R             
  g15/in_1                                                +0    2282               
  g15/z           (u)  unmapped_and2       1  1.2    0   +58    2340 R             
  g16/in_1                                                +0    2340               
  g16/z           (u)  unmapped_or2        1  0.0    0   +56    2396 R             
carry_unit3/cout[8] 
carry_out16            out port                           +0    2396 R             
(alu.sdc_line_33)      ext delay                        +600    2996 R             
- - - - - - - - - - - - - - - - - - - - - - - - - - - - - - - - - - - - - - - - - -
(clock func_clk)       capture                                 10000 R             
-----------------------------------------------------------------------------------
Cost Group   : 'func_clk' (path_group 'func_clk')
Timing slack :    7004ps 
Start-point  : cin
End-point    : carry_out16

(u) : Net has unmapped pin(s).

path   2:

      Pin                  Type         Fanout Load Slew Delay Arrival   Location    
                                               (fF) (ps)  (ps)   (ps)       (x,   y) 
-------------------------------------------------------------------------------------
(clock func_clk)       launch                                        0 R             
(alu.sdc_line_30)      ext delay                          +400     400 R             
cin               (u)  in port               2  2.4    0    +0     400 R             
carry_unit1/cin 
  g1/in_1                                                   +0     400               
  g1/z            (u)  unmapped_and2         1  1.2    0   +58     458 R             
  g2/in_1                                                   +0     458               
  g2/z            (u)  unmapped_or2          2  2.4    0   +68     526 R             
  g3/in_1                                                   +0     526               
  g3/z            (u)  unmapped_and2         1  1.2    0   +58     583 R             
  g4/in_1                                                   +0     583               
  g4/z            (u)  unmapped_or2          2  2.4    0   +68     651 R             
  g5/in_1                                                   +0     651               
  g5/z            (u)  unmapped_and2         1  1.2    0   +58     708 R             
  g6/in_1                                                   +0     708               
  g6/z            (u)  unmapped_or2          2  2.4    0   +68     776 R             
  g7/in_1                                                   +0     776               
  g7/z            (u)  unmapped_and2         1  1.2    0   +58     834 R             
  g8/in_1                                                   +0     834               
  g8/z            (u)  unmapped_or2          2  2.4    0   +68     902 R             
carry_unit1/cout[4] 
carry_unit2/cin 
  g1/in_1                                                   +0     902               
  g1/z            (u)  unmapped_and2         1  1.2    0   +58     960 R             
  g2/in_1                                                   +0     960               
  g2/z            (u)  unmapped_or2          2  2.4    0   +68    1028 R             
  g3/in_1                                                   +0    1028               
  g3/z            (u)  unmapped_and2         1  1.2    0   +58    1085 R             
  g4/in_1                                                   +0    1085               
  g4/z            (u)  unmapped_or2          2  2.4    0   +68    1153 R             
  g5/in_1                                                   +0    1153               
  g5/z            (u)  unmapped_and2         1  1.2    0   +58    1210 R             
  g6/in_1                                                   +0    1210               
  g6/z            (u)  unmapped_or2          2  2.4    0   +68    1278 R             
  g7/in_1                                                   +0    1278               
  g7/z            (u)  unmapped_and2         1  1.2    0   +58    1336 R             
  g8/in_1                                                   +0    1336               
  g8/z            (u)  unmapped_or2          2  2.4    0   +68    1404 R             
carry_unit2/cout[4] 
carry_unit3/cin 
  g1/in_1                                                   +0    1404               
  g1/z            (u)  unmapped_and2         1  1.2    0   +58    1462 R             
  g2/in_1                                                   +0    1462               
  g2/z            (u)  unmapped_or2          2  2.4    0   +68    1530 R             
  g3/in_1                                                   +0    1530               
  g3/z            (u)  unmapped_and2         1  1.2    0   +58    1587 R             
  g4/in_1                                                   +0    1587               
  g4/z            (u)  unmapped_or2          2  2.4    0   +68    1655 R             
  g5/in_1                                                   +0    1655               
  g5/z            (u)  unmapped_and2         1  1.2    0   +58    1712 R             
  g6/in_1                                                   +0    1712               
  g6/z            (u)  unmapped_or2          2  2.4    0   +68    1780 R             
  g7/in_1                                                   +0    1780               
  g7/z            (u)  unmapped_and2         1  1.2    0   +58    1838 R             
  g8/in_1                                                   +0    1838               
  g8/z            (u)  unmapped_or2          2  2.4    0   +68    1906 R             
  g9/in_1                                                   +0    1906               
  g9/z            (u)  unmapped_and2         1  1.2    0   +58    1964 R             
  g10/in_1                                                  +0    1964               
  g10/z           (u)  unmapped_or2          2  2.4    0   +68    2032 R             
  g11/in_1                                                  +0    2032               
  g11/z           (u)  unmapped_and2         1  1.2    0   +58    2089 R             
  g12/in_1                                                  +0    2089               
  g12/z           (u)  unmapped_or2          2  2.4    0   +68    2157 R             
  g13/in_1                                                  +0    2157               
  g13/z           (u)  unmapped_and2         1  1.2    0   +58    2214 R             
  g14/in_1                                                  +0    2214               
  g14/z           (u)  unmapped_or2          2  2.4    0   +68    2282 R             
carry_unit3/cout[7] 
sum_unit/cout[15] 
  g16/in_1                                                  +0    2282               
  g16/z           (u)  unmapped_xor2         1  1.2    0  +131    2414 R             
  sum_reg[15]/d        unmapped_d_flop                      +0    2414               
  sum_reg[15]/clk      setup                           0  +119    2533 R             
-------------------------------------------------------------------------------------
Timing slack :  UNCONSTRAINED
Start-point  : cin
End-point    : sum_unit/sum_reg[15]/d

(u) : Net has unmapped pin(s).

path   3:

      Pin                  Type         Fanout Load Slew Delay Arrival   Location    
                                               (fF) (ps)  (ps)   (ps)       (x,   y) 
-------------------------------------------------------------------------------------
(clock func_clk)       launch                                        0 R             
(alu.sdc_line_30)      ext delay                          +400     400 R             
cin               (u)  in port               2  2.4    0    +0     400 R             
carry_unit1/cin 
  g1/in_1                                                   +0     400               
  g1/z            (u)  unmapped_and2         1  1.2    0   +58     458 R             
  g2/in_1                                                   +0     458               
  g2/z            (u)  unmapped_or2          2  2.4    0   +68     526 R             
  g3/in_1                                                   +0     526               
  g3/z            (u)  unmapped_and2         1  1.2    0   +58     583 R             
  g4/in_1                                                   +0     583               
  g4/z            (u)  unmapped_or2          2  2.4    0   +68     651 R             
  g5/in_1                                                   +0     651               
  g5/z            (u)  unmapped_and2         1  1.2    0   +58     708 R             
  g6/in_1                                                   +0     708               
  g6/z            (u)  unmapped_or2          2  2.4    0   +68     776 R             
  g7/in_1                                                   +0     776               
  g7/z            (u)  unmapped_and2         1  1.2    0   +58     834 R             
  g8/in_1                                                   +0     834               
  g8/z            (u)  unmapped_or2          2  2.4    0   +68     902 R             
carry_unit1/cout[4] 
carry_unit2/cin 
  g1/in_1                                                   +0     902               
  g1/z            (u)  unmapped_and2         1  1.2    0   +58     960 R             
  g2/in_1                                                   +0     960               
  g2/z            (u)  unmapped_or2          2  2.4    0   +68    1028 R             
  g3/in_1                                                   +0    1028               
  g3/z            (u)  unmapped_and2         1  1.2    0   +58    1085 R             
  g4/in_1                                                   +0    1085               
  g4/z            (u)  unmapped_or2          2  2.4    0   +68    1153 R             
  g5/in_1                                                   +0    1153               
  g5/z            (u)  unmapped_and2         1  1.2    0   +58    1210 R             
  g6/in_1                                                   +0    1210               
  g6/z            (u)  unmapped_or2          2  2.4    0   +68    1278 R             
  g7/in_1                                                   +0    1278               
  g7/z            (u)  unmapped_and2         1  1.2    0   +58    1336 R             
  g8/in_1                                                   +0    1336               
  g8/z            (u)  unmapped_or2          2  2.4    0   +68    1404 R             
carry_unit2/cout[4] 
carry_unit3/cin 
  g1/in_1                                                   +0    1404               
  g1/z            (u)  unmapped_and2         1  1.2    0   +58    1462 R             
  g2/in_1                                                   +0    1462               
  g2/z            (u)  unmapped_or2          2  2.4    0   +68    1530 R             
  g3/in_1                                                   +0    1530               
  g3/z            (u)  unmapped_and2         1  1.2    0   +58    1587 R             
  g4/in_1                                                   +0    1587               
  g4/z            (u)  unmapped_or2          2  2.4    0   +68    1655 R             
  g5/in_1                                                   +0    1655               
  g5/z            (u)  unmapped_and2         1  1.2    0   +58    1712 R             
  g6/in_1                                                   +0    1712               
  g6/z            (u)  unmapped_or2          2  2.4    0   +68    1780 R             
  g7/in_1                                                   +0    1780               
  g7/z            (u)  unmapped_and2         1  1.2    0   +58    1838 R             
  g8/in_1                                                   +0    1838               
  g8/z            (u)  unmapped_or2          2  2.4    0   +68    1906 R             
  g9/in_1                                                   +0    1906               
  g9/z            (u)  unmapped_and2         1  1.2    0   +58    1964 R             
  g10/in_1                                                  +0    1964               
  g10/z           (u)  unmapped_or2          2  2.4    0   +68    2032 R             
  g11/in_1                                                  +0    2032               
  g11/z           (u)  unmapped_and2         1  1.2    0   +58    2089 R             
  g12/in_1                                                  +0    2089               
  g12/z           (u)  unmapped_or2          2  2.4    0   +68    2157 R             
carry_unit3/cout[6] 
sum_unit/cout[14] 
  g15/in_1                                                  +0    2157               
  g15/z           (u)  unmapped_xor2         1  1.2    0  +131    2288 R             
  sum_reg[14]/d        unmapped_d_flop                      +0    2288               
  sum_reg[14]/clk      setup                           0  +119    2408 R             
-------------------------------------------------------------------------------------
Timing slack :  UNCONSTRAINED
Start-point  : cin
End-point    : sum_unit/sum_reg[14]/d

(u) : Net has unmapped pin(s).

path   4:

      Pin                  Type         Fanout Load Slew Delay Arrival   Location    
                                               (fF) (ps)  (ps)   (ps)       (x,   y) 
-------------------------------------------------------------------------------------
(clock func_clk)       launch                                        0 R             
(alu.sdc_line_30)      ext delay                          +400     400 R             
cin               (u)  in port               2  2.4    0    +0     400 R             
carry_unit1/cin 
  g1/in_1                                                   +0     400               
  g1/z            (u)  unmapped_and2         1  1.2    0   +58     458 R             
  g2/in_1                                                   +0     458               
  g2/z            (u)  unmapped_or2          2  2.4    0   +68     526 R             
  g3/in_1                                                   +0     526               
  g3/z            (u)  unmapped_and2         1  1.2    0   +58     583 R             
  g4/in_1                                                   +0     583               
  g4/z            (u)  unmapped_or2          2  2.4    0   +68     651 R             
  g5/in_1                                                   +0     651               
  g5/z            (u)  unmapped_and2         1  1.2    0   +58     708 R             
  g6/in_1                                                   +0     708               
  g6/z            (u)  unmapped_or2          2  2.4    0   +68     776 R             
  g7/in_1                                                   +0     776               
  g7/z            (u)  unmapped_and2         1  1.2    0   +58     834 R             
  g8/in_1                                                   +0     834               
  g8/z            (u)  unmapped_or2          2  2.4    0   +68     902 R             
carry_unit1/cout[4] 
carry_unit2/cin 
  g1/in_1                                                   +0     902               
  g1/z            (u)  unmapped_and2         1  1.2    0   +58     960 R             
  g2/in_1                                                   +0     960               
  g2/z            (u)  unmapped_or2          2  2.4    0   +68    1028 R             
  g3/in_1                                                   +0    1028               
  g3/z            (u)  unmapped_and2         1  1.2    0   +58    1085 R             
  g4/in_1                                                   +0    1085               
  g4/z            (u)  unmapped_or2          2  2.4    0   +68    1153 R             
  g5/in_1                                                   +0    1153               
  g5/z            (u)  unmapped_and2         1  1.2    0   +58    1210 R             
  g6/in_1                                                   +0    1210               
  g6/z            (u)  unmapped_or2          2  2.4    0   +68    1278 R             
  g7/in_1                                                   +0    1278               
  g7/z            (u)  unmapped_and2         1  1.2    0   +58    1336 R             
  g8/in_1                                                   +0    1336               
  g8/z            (u)  unmapped_or2          2  2.4    0   +68    1404 R             
carry_unit2/cout[4] 
carry_unit3/cin 
  g1/in_1                                                   +0    1404               
  g1/z            (u)  unmapped_and2         1  1.2    0   +58    1462 R             
  g2/in_1                                                   +0    1462               
  g2/z            (u)  unmapped_or2          2  2.4    0   +68    1530 R             
  g3/in_1                                                   +0    1530               
  g3/z            (u)  unmapped_and2         1  1.2    0   +58    1587 R             
  g4/in_1                                                   +0    1587               
  g4/z            (u)  unmapped_or2          2  2.4    0   +68    1655 R             
  g5/in_1                                                   +0    1655               
  g5/z            (u)  unmapped_and2         1  1.2    0   +58    1712 R             
  g6/in_1                                                   +0    1712               
  g6/z            (u)  unmapped_or2          2  2.4    0   +68    1780 R             
  g7/in_1                                                   +0    1780               
  g7/z            (u)  unmapped_and2         1  1.2    0   +58    1838 R             
  g8/in_1                                                   +0    1838               
  g8/z            (u)  unmapped_or2          2  2.4    0   +68    1906 R             
  g9/in_1                                                   +0    1906               
  g9/z            (u)  unmapped_and2         1  1.2    0   +58    1964 R             
  g10/in_1                                                  +0    1964               
  g10/z           (u)  unmapped_or2          2  2.4    0   +68    2032 R             
carry_unit3/cout[5] 
sum_unit/cout[13] 
  g14/in_1                                                  +0    2032               
  g14/z           (u)  unmapped_xor2         1  1.2    0  +131    2163 R             
  sum_reg[13]/d        unmapped_d_flop                      +0    2163               
  sum_reg[13]/clk      setup                           0  +119    2282 R             
-------------------------------------------------------------------------------------
Timing slack :  UNCONSTRAINED
Start-point  : cin
End-point    : sum_unit/sum_reg[13]/d

(u) : Net has unmapped pin(s).

path   5:

      Pin                  Type         Fanout Load Slew Delay Arrival   Location    
                                               (fF) (ps)  (ps)   (ps)       (x,   y) 
-------------------------------------------------------------------------------------
(clock func_clk)       launch                                        0 R             
(alu.sdc_line_30)      ext delay                          +400     400 R             
cin               (u)  in port               2  2.4    0    +0     400 R             
carry_unit1/cin 
  g1/in_1                                                   +0     400               
  g1/z            (u)  unmapped_and2         1  1.2    0   +58     458 R             
  g2/in_1                                                   +0     458               
  g2/z            (u)  unmapped_or2          2  2.4    0   +68     526 R             
  g3/in_1                                                   +0     526               
  g3/z            (u)  unmapped_and2         1  1.2    0   +58     583 R             
  g4/in_1                                                   +0     583               
  g4/z            (u)  unmapped_or2          2  2.4    0   +68     651 R             
  g5/in_1                                                   +0     651               
  g5/z            (u)  unmapped_and2         1  1.2    0   +58     708 R             
  g6/in_1                                                   +0     708               
  g6/z            (u)  unmapped_or2          2  2.4    0   +68     776 R             
  g7/in_1                                                   +0     776               
  g7/z            (u)  unmapped_and2         1  1.2    0   +58     834 R             
  g8/in_1                                                   +0     834               
  g8/z            (u)  unmapped_or2          2  2.4    0   +68     902 R             
carry_unit1/cout[4] 
carry_unit2/cin 
  g1/in_1                                                   +0     902               
  g1/z            (u)  unmapped_and2         1  1.2    0   +58     960 R             
  g2/in_1                                                   +0     960               
  g2/z            (u)  unmapped_or2          2  2.4    0   +68    1028 R             
  g3/in_1                                                   +0    1028               
  g3/z            (u)  unmapped_and2         1  1.2    0   +58    1085 R             
  g4/in_1                                                   +0    1085               
  g4/z            (u)  unmapped_or2          2  2.4    0   +68    1153 R             
  g5/in_1                                                   +0    1153               
  g5/z            (u)  unmapped_and2         1  1.2    0   +58    1210 R             
  g6/in_1                                                   +0    1210               
  g6/z            (u)  unmapped_or2          2  2.4    0   +68    1278 R             
  g7/in_1                                                   +0    1278               
  g7/z            (u)  unmapped_and2         1  1.2    0   +58    1336 R             
  g8/in_1                                                   +0    1336               
  g8/z            (u)  unmapped_or2          2  2.4    0   +68    1404 R             
carry_unit2/cout[4] 
carry_unit3/cin 
  g1/in_1                                                   +0    1404               
  g1/z            (u)  unmapped_and2         1  1.2    0   +58    1462 R             
  g2/in_1                                                   +0    1462               
  g2/z            (u)  unmapped_or2          2  2.4    0   +68    1530 R             
  g3/in_1                                                   +0    1530               
  g3/z            (u)  unmapped_and2         1  1.2    0   +58    1587 R             
  g4/in_1                                                   +0    1587               
  g4/z            (u)  unmapped_or2          2  2.4    0   +68    1655 R             
  g5/in_1                                                   +0    1655               
  g5/z            (u)  unmapped_and2         1  1.2    0   +58    1712 R             
  g6/in_1                                                   +0    1712               
  g6/z            (u)  unmapped_or2          2  2.4    0   +68    1780 R             
  g7/in_1                                                   +0    1780               
  g7/z            (u)  unmapped_and2         1  1.2    0   +58    1838 R             
  g8/in_1                                                   +0    1838               
  g8/z            (u)  unmapped_or2          2  2.4    0   +68    1906 R             
carry_unit3/cout[4] 
sum_unit/cout[12] 
  g13/in_1                                                  +0    1906               
  g13/z           (u)  unmapped_xor2         1  1.2    0  +131    2037 R             
  sum_reg[12]/d        unmapped_d_flop                      +0    2037               
  sum_reg[12]/clk      setup                           0  +119    2156 R             
-------------------------------------------------------------------------------------
Timing slack :  UNCONSTRAINED
Start-point  : cin
End-point    : sum_unit/sum_reg[12]/d

(u) : Net has unmapped pin(s).

path   6:

      Pin                  Type         Fanout Load Slew Delay Arrival   Location    
                                               (fF) (ps)  (ps)   (ps)       (x,   y) 
-------------------------------------------------------------------------------------
(clock func_clk)       launch                                        0 R             
(alu.sdc_line_30)      ext delay                          +400     400 R             
cin               (u)  in port               2  2.4    0    +0     400 R             
carry_unit1/cin 
  g1/in_1                                                   +0     400               
  g1/z            (u)  unmapped_and2         1  1.2    0   +58     458 R             
  g2/in_1                                                   +0     458               
  g2/z            (u)  unmapped_or2          2  2.4    0   +68     526 R             
  g3/in_1                                                   +0     526               
  g3/z            (u)  unmapped_and2         1  1.2    0   +58     583 R             
  g4/in_1                                                   +0     583               
  g4/z            (u)  unmapped_or2          2  2.4    0   +68     651 R             
  g5/in_1                                                   +0     651               
  g5/z            (u)  unmapped_and2         1  1.2    0   +58     708 R             
  g6/in_1                                                   +0     708               
  g6/z            (u)  unmapped_or2          2  2.4    0   +68     776 R             
  g7/in_1                                                   +0     776               
  g7/z            (u)  unmapped_and2         1  1.2    0   +58     834 R             
  g8/in_1                                                   +0     834               
  g8/z            (u)  unmapped_or2          2  2.4    0   +68     902 R             
carry_unit1/cout[4] 
carry_unit2/cin 
  g1/in_1                                                   +0     902               
  g1/z            (u)  unmapped_and2         1  1.2    0   +58     960 R             
  g2/in_1                                                   +0     960               
  g2/z            (u)  unmapped_or2          2  2.4    0   +68    1028 R             
  g3/in_1                                                   +0    1028               
  g3/z            (u)  unmapped_and2         1  1.2    0   +58    1085 R             
  g4/in_1                                                   +0    1085               
  g4/z            (u)  unmapped_or2          2  2.4    0   +68    1153 R             
  g5/in_1                                                   +0    1153               
  g5/z            (u)  unmapped_and2         1  1.2    0   +58    1210 R             
  g6/in_1                                                   +0    1210               
  g6/z            (u)  unmapped_or2          2  2.4    0   +68    1278 R             
  g7/in_1                                                   +0    1278               
  g7/z            (u)  unmapped_and2         1  1.2    0   +58    1336 R             
  g8/in_1                                                   +0    1336               
  g8/z            (u)  unmapped_or2          2  2.4    0   +68    1404 R             
carry_unit2/cout[4] 
carry_unit3/cin 
  g1/in_1                                                   +0    1404               
  g1/z            (u)  unmapped_and2         1  1.2    0   +58    1462 R             
  g2/in_1                                                   +0    1462               
  g2/z            (u)  unmapped_or2          2  2.4    0   +68    1530 R             
  g3/in_1                                                   +0    1530               
  g3/z            (u)  unmapped_and2         1  1.2    0   +58    1587 R             
  g4/in_1                                                   +0    1587               
  g4/z            (u)  unmapped_or2          2  2.4    0   +68    1655 R             
  g5/in_1                                                   +0    1655               
  g5/z            (u)  unmapped_and2         1  1.2    0   +58    1712 R             
  g6/in_1                                                   +0    1712               
  g6/z            (u)  unmapped_or2          2  2.4    0   +68    1780 R             
carry_unit3/cout[3] 
sum_unit/cout[11] 
  g12/in_1                                                  +0    1780               
  g12/z           (u)  unmapped_xor2         1  1.2    0  +131    1912 R             
  sum_reg[11]/d        unmapped_d_flop                      +0    1912               
  sum_reg[11]/clk      setup                           0  +119    2031 R             
-------------------------------------------------------------------------------------
Timing slack :  UNCONSTRAINED
Start-point  : cin
End-point    : sum_unit/sum_reg[11]/d

(u) : Net has unmapped pin(s).

path   7:

      Pin                  Type         Fanout Load Slew Delay Arrival   Location    
                                               (fF) (ps)  (ps)   (ps)       (x,   y) 
-------------------------------------------------------------------------------------
(clock func_clk)       launch                                        0 R             
(alu.sdc_line_30)      ext delay                          +400     400 R             
cin               (u)  in port               2  2.4    0    +0     400 R             
carry_unit1/cin 
  g1/in_1                                                   +0     400               
  g1/z            (u)  unmapped_and2         1  1.2    0   +58     458 R             
  g2/in_1                                                   +0     458               
  g2/z            (u)  unmapped_or2          2  2.4    0   +68     526 R             
  g3/in_1                                                   +0     526               
  g3/z            (u)  unmapped_and2         1  1.2    0   +58     583 R             
  g4/in_1                                                   +0     583               
  g4/z            (u)  unmapped_or2          2  2.4    0   +68     651 R             
  g5/in_1                                                   +0     651               
  g5/z            (u)  unmapped_and2         1  1.2    0   +58     708 R             
  g6/in_1                                                   +0     708               
  g6/z            (u)  unmapped_or2          2  2.4    0   +68     776 R             
  g7/in_1                                                   +0     776               
  g7/z            (u)  unmapped_and2         1  1.2    0   +58     834 R             
  g8/in_1                                                   +0     834               
  g8/z            (u)  unmapped_or2          2  2.4    0   +68     902 R             
carry_unit1/cout[4] 
carry_unit2/cin 
  g1/in_1                                                   +0     902               
  g1/z            (u)  unmapped_and2         1  1.2    0   +58     960 R             
  g2/in_1                                                   +0     960               
  g2/z            (u)  unmapped_or2          2  2.4    0   +68    1028 R             
  g3/in_1                                                   +0    1028               
  g3/z            (u)  unmapped_and2         1  1.2    0   +58    1085 R             
  g4/in_1                                                   +0    1085               
  g4/z            (u)  unmapped_or2          2  2.4    0   +68    1153 R             
  g5/in_1                                                   +0    1153               
  g5/z            (u)  unmapped_and2         1  1.2    0   +58    1210 R             
  g6/in_1                                                   +0    1210               
  g6/z            (u)  unmapped_or2          2  2.4    0   +68    1278 R             
  g7/in_1                                                   +0    1278               
  g7/z            (u)  unmapped_and2         1  1.2    0   +58    1336 R             
  g8/in_1                                                   +0    1336               
  g8/z            (u)  unmapped_or2          2  2.4    0   +68    1404 R             
carry_unit2/cout[4] 
carry_unit3/cin 
  g1/in_1                                                   +0    1404               
  g1/z            (u)  unmapped_and2         1  1.2    0   +58    1462 R             
  g2/in_1                                                   +0    1462               
  g2/z            (u)  unmapped_or2          2  2.4    0   +68    1530 R             
  g3/in_1                                                   +0    1530               
  g3/z            (u)  unmapped_and2         1  1.2    0   +58    1587 R             
  g4/in_1                                                   +0    1587               
  g4/z            (u)  unmapped_or2          2  2.4    0   +68    1655 R             
carry_unit3/cout[2] 
sum_unit/cout[10] 
  g11/in_1                                                  +0    1655               
  g11/z           (u)  unmapped_xor2         1  1.2    0  +131    1786 R             
  sum_reg[10]/d        unmapped_d_flop                      +0    1786               
  sum_reg[10]/clk      setup                           0  +119    1906 R             
-------------------------------------------------------------------------------------
Timing slack :  UNCONSTRAINED
Start-point  : cin
End-point    : sum_unit/sum_reg[10]/d

(u) : Net has unmapped pin(s).

path   8:

      Pin                  Type         Fanout Load Slew Delay Arrival   Location    
                                               (fF) (ps)  (ps)   (ps)       (x,   y) 
-------------------------------------------------------------------------------------
(clock func_clk)       launch                                        0 R             
(alu.sdc_line_30)      ext delay                          +400     400 R             
cin               (u)  in port               2  2.4    0    +0     400 R             
carry_unit1/cin 
  g1/in_1                                                   +0     400               
  g1/z            (u)  unmapped_and2         1  1.2    0   +58     458 R             
  g2/in_1                                                   +0     458               
  g2/z            (u)  unmapped_or2          2  2.4    0   +68     526 R             
  g3/in_1                                                   +0     526               
  g3/z            (u)  unmapped_and2         1  1.2    0   +58     583 R             
  g4/in_1                                                   +0     583               
  g4/z            (u)  unmapped_or2          2  2.4    0   +68     651 R             
  g5/in_1                                                   +0     651               
  g5/z            (u)  unmapped_and2         1  1.2    0   +58     708 R             
  g6/in_1                                                   +0     708               
  g6/z            (u)  unmapped_or2          2  2.4    0   +68     776 R             
  g7/in_1                                                   +0     776               
  g7/z            (u)  unmapped_and2         1  1.2    0   +58     834 R             
  g8/in_1                                                   +0     834               
  g8/z            (u)  unmapped_or2          2  2.4    0   +68     902 R             
carry_unit1/cout[4] 
carry_unit2/cin 
  g1/in_1                                                   +0     902               
  g1/z            (u)  unmapped_and2         1  1.2    0   +58     960 R             
  g2/in_1                                                   +0     960               
  g2/z            (u)  unmapped_or2          2  2.4    0   +68    1028 R             
  g3/in_1                                                   +0    1028               
  g3/z            (u)  unmapped_and2         1  1.2    0   +58    1085 R             
  g4/in_1                                                   +0    1085               
  g4/z            (u)  unmapped_or2          2  2.4    0   +68    1153 R             
  g5/in_1                                                   +0    1153               
  g5/z            (u)  unmapped_and2         1  1.2    0   +58    1210 R             
  g6/in_1                                                   +0    1210               
  g6/z            (u)  unmapped_or2          2  2.4    0   +68    1278 R             
  g7/in_1                                                   +0    1278               
  g7/z            (u)  unmapped_and2         1  1.2    0   +58    1336 R             
  g8/in_1                                                   +0    1336               
  g8/z            (u)  unmapped_or2          2  2.4    0   +68    1404 R             
carry_unit2/cout[4] 
carry_unit3/cin 
  g1/in_1                                                   +0    1404               
  g1/z            (u)  unmapped_and2         1  1.2    0   +58    1462 R             
  g2/in_1                                                   +0    1462               
  g2/z            (u)  unmapped_or2          2  2.4    0   +68    1530 R             
carry_unit3/cout[1] 
sum_unit/cout[9] 
  g10/in_1                                                  +0    1530               
  g10/z           (u)  unmapped_xor2         1  1.2    0  +131    1661 R             
  sum_reg[9]/d         unmapped_d_flop                      +0    1661               
  sum_reg[9]/clk       setup                           0  +119    1780 R             
-------------------------------------------------------------------------------------
Timing slack :  UNCONSTRAINED
Start-point  : cin
End-point    : sum_unit/sum_reg[9]/d

(u) : Net has unmapped pin(s).

path   9:

      Pin                  Type         Fanout Load Slew Delay Arrival   Location    
                                               (fF) (ps)  (ps)   (ps)       (x,   y) 
-------------------------------------------------------------------------------------
(clock func_clk)       launch                                        0 R             
(alu.sdc_line_30)      ext delay                          +400     400 R             
cin               (u)  in port               2  2.4    0    +0     400 R             
carry_unit1/cin 
  g1/in_1                                                   +0     400               
  g1/z            (u)  unmapped_and2         1  1.2    0   +58     458 R             
  g2/in_1                                                   +0     458               
  g2/z            (u)  unmapped_or2          2  2.4    0   +68     526 R             
  g3/in_1                                                   +0     526               
  g3/z            (u)  unmapped_and2         1  1.2    0   +58     583 R             
  g4/in_1                                                   +0     583               
  g4/z            (u)  unmapped_or2          2  2.4    0   +68     651 R             
  g5/in_1                                                   +0     651               
  g5/z            (u)  unmapped_and2         1  1.2    0   +58     708 R             
  g6/in_1                                                   +0     708               
  g6/z            (u)  unmapped_or2          2  2.4    0   +68     776 R             
  g7/in_1                                                   +0     776               
  g7/z            (u)  unmapped_and2         1  1.2    0   +58     834 R             
  g8/in_1                                                   +0     834               
  g8/z            (u)  unmapped_or2          2  2.4    0   +68     902 R             
carry_unit1/cout[4] 
carry_unit2/cin 
  g1/in_1                                                   +0     902               
  g1/z            (u)  unmapped_and2         1  1.2    0   +58     960 R             
  g2/in_1                                                   +0     960               
  g2/z            (u)  unmapped_or2          2  2.4    0   +68    1028 R             
  g3/in_1                                                   +0    1028               
  g3/z            (u)  unmapped_and2         1  1.2    0   +58    1085 R             
  g4/in_1                                                   +0    1085               
  g4/z            (u)  unmapped_or2          2  2.4    0   +68    1153 R             
  g5/in_1                                                   +0    1153               
  g5/z            (u)  unmapped_and2         1  1.2    0   +58    1210 R             
  g6/in_1                                                   +0    1210               
  g6/z            (u)  unmapped_or2          2  2.4    0   +68    1278 R             
  g7/in_1                                                   +0    1278               
  g7/z            (u)  unmapped_and2         1  1.2    0   +58    1336 R             
  g8/in_1                                                   +0    1336               
  g8/z            (u)  unmapped_or2          2  2.4    0   +68    1404 R             
carry_unit2/cout[4] 
sum_unit/cout[8] 
  g9/in_1                                                   +0    1404               
  g9/z            (u)  unmapped_xor2         1  1.2    0  +131    1535 R             
  sum_reg[8]/d         unmapped_d_flop                      +0    1535               
  sum_reg[8]/clk       setup                           0  +119    1654 R             
-------------------------------------------------------------------------------------
Timing slack :  UNCONSTRAINED
Start-point  : cin
End-point    : sum_unit/sum_reg[8]/d

(u) : Net has unmapped pin(s).

path  10:

      Pin                  Type         Fanout Load Slew Delay Arrival   Location    
                                               (fF) (ps)  (ps)   (ps)       (x,   y) 
-------------------------------------------------------------------------------------
(clock func_clk)       launch                                        0 R             
(alu.sdc_line_30)      ext delay                          +400     400 R             
cin               (u)  in port               2  2.4    0    +0     400 R             
carry_unit1/cin 
  g1/in_1                                                   +0     400               
  g1/z            (u)  unmapped_and2         1  1.2    0   +58     458 R             
  g2/in_1                                                   +0     458               
  g2/z            (u)  unmapped_or2          2  2.4    0   +68     526 R             
  g3/in_1                                                   +0     526               
  g3/z            (u)  unmapped_and2         1  1.2    0   +58     583 R             
  g4/in_1                                                   +0     583               
  g4/z            (u)  unmapped_or2          2  2.4    0   +68     651 R             
  g5/in_1                                                   +0     651               
  g5/z            (u)  unmapped_and2         1  1.2    0   +58     708 R             
  g6/in_1                                                   +0     708               
  g6/z            (u)  unmapped_or2          2  2.4    0   +68     776 R             
  g7/in_1                                                   +0     776               
  g7/z            (u)  unmapped_and2         1  1.2    0   +58     834 R             
  g8/in_1                                                   +0     834               
  g8/z            (u)  unmapped_or2          2  2.4    0   +68     902 R             
carry_unit1/cout[4] 
carry_unit2/cin 
  g1/in_1                                                   +0     902               
  g1/z            (u)  unmapped_and2         1  1.2    0   +58     960 R             
  g2/in_1                                                   +0     960               
  g2/z            (u)  unmapped_or2          2  2.4    0   +68    1028 R             
  g3/in_1                                                   +0    1028               
  g3/z            (u)  unmapped_and2         1  1.2    0   +58    1085 R             
  g4/in_1                                                   +0    1085               
  g4/z            (u)  unmapped_or2          2  2.4    0   +68    1153 R             
  g5/in_1                                                   +0    1153               
  g5/z            (u)  unmapped_and2         1  1.2    0   +58    1210 R             
  g6/in_1                                                   +0    1210               
  g6/z            (u)  unmapped_or2          2  2.4    0   +68    1278 R             
carry_unit2/cout[3] 
sum_unit/cout[7] 
  g8/in_1                                                   +0    1278               
  g8/z            (u)  unmapped_xor2         1  1.2    0  +131    1410 R             
  sum_reg[7]/d         unmapped_d_flop                      +0    1410               
  sum_reg[7]/clk       setup                           0  +119    1529 R             
-------------------------------------------------------------------------------------
Timing slack :  UNCONSTRAINED
Start-point  : cin
End-point    : sum_unit/sum_reg[7]/d

(u) : Net has unmapped pin(s).

path  11:

      Pin                  Type         Fanout Load Slew Delay Arrival   Location    
                                               (fF) (ps)  (ps)   (ps)       (x,   y) 
-------------------------------------------------------------------------------------
(clock func_clk)       launch                                        0 R             
(alu.sdc_line_30)      ext delay                          +400     400 R             
cin               (u)  in port               2  2.4    0    +0     400 R             
carry_unit1/cin 
  g1/in_1                                                   +0     400               
  g1/z            (u)  unmapped_and2         1  1.2    0   +58     458 R             
  g2/in_1                                                   +0     458               
  g2/z            (u)  unmapped_or2          2  2.4    0   +68     526 R             
  g3/in_1                                                   +0     526               
  g3/z            (u)  unmapped_and2         1  1.2    0   +58     583 R             
  g4/in_1                                                   +0     583               
  g4/z            (u)  unmapped_or2          2  2.4    0   +68     651 R             
  g5/in_1                                                   +0     651               
  g5/z            (u)  unmapped_and2         1  1.2    0   +58     708 R             
  g6/in_1                                                   +0     708               
  g6/z            (u)  unmapped_or2          2  2.4    0   +68     776 R             
  g7/in_1                                                   +0     776               
  g7/z            (u)  unmapped_and2         1  1.2    0   +58     834 R             
  g8/in_1                                                   +0     834               
  g8/z            (u)  unmapped_or2          2  2.4    0   +68     902 R             
carry_unit1/cout[4] 
carry_unit2/cin 
  g1/in_1                                                   +0     902               
  g1/z            (u)  unmapped_and2         1  1.2    0   +58     960 R             
  g2/in_1                                                   +0     960               
  g2/z            (u)  unmapped_or2          2  2.4    0   +68    1028 R             
  g3/in_1                                                   +0    1028               
  g3/z            (u)  unmapped_and2         1  1.2    0   +58    1085 R             
  g4/in_1                                                   +0    1085               
  g4/z            (u)  unmapped_or2          2  2.4    0   +68    1153 R             
carry_unit2/cout[2] 
sum_unit/cout[6] 
  g7/in_1                                                   +0    1153               
  g7/z            (u)  unmapped_xor2         1  1.2    0  +131    1284 R             
  sum_reg[6]/d         unmapped_d_flop                      +0    1284               
  sum_reg[6]/clk       setup                           0  +119    1404 R             
-------------------------------------------------------------------------------------
Timing slack :  UNCONSTRAINED
Start-point  : cin
End-point    : sum_unit/sum_reg[6]/d

(u) : Net has unmapped pin(s).

path  12:

      Pin                  Type         Fanout Load Slew Delay Arrival   Location    
                                               (fF) (ps)  (ps)   (ps)       (x,   y) 
-------------------------------------------------------------------------------------
(clock func_clk)       launch                                        0 R             
(alu.sdc_line_30)      ext delay                          +400     400 R             
cin               (u)  in port               2  2.4    0    +0     400 R             
carry_unit1/cin 
  g1/in_1                                                   +0     400               
  g1/z            (u)  unmapped_and2         1  1.2    0   +58     458 R             
  g2/in_1                                                   +0     458               
  g2/z            (u)  unmapped_or2          2  2.4    0   +68     526 R             
  g3/in_1                                                   +0     526               
  g3/z            (u)  unmapped_and2         1  1.2    0   +58     583 R             
  g4/in_1                                                   +0     583               
  g4/z            (u)  unmapped_or2          2  2.4    0   +68     651 R             
  g5/in_1                                                   +0     651               
  g5/z            (u)  unmapped_and2         1  1.2    0   +58     708 R             
  g6/in_1                                                   +0     708               
  g6/z            (u)  unmapped_or2          2  2.4    0   +68     776 R             
  g7/in_1                                                   +0     776               
  g7/z            (u)  unmapped_and2         1  1.2    0   +58     834 R             
  g8/in_1                                                   +0     834               
  g8/z            (u)  unmapped_or2          2  2.4    0   +68     902 R             
carry_unit1/cout[4] 
carry_unit2/cin 
  g1/in_1                                                   +0     902               
  g1/z            (u)  unmapped_and2         1  1.2    0   +58     960 R             
  g2/in_1                                                   +0     960               
  g2/z            (u)  unmapped_or2          2  2.4    0   +68    1028 R             
carry_unit2/cout[1] 
sum_unit/cout[5] 
  g6/in_1                                                   +0    1028               
  g6/z            (u)  unmapped_xor2         1  1.2    0  +131    1159 R             
  sum_reg[5]/d         unmapped_d_flop                      +0    1159               
  sum_reg[5]/clk       setup                           0  +119    1278 R             
-------------------------------------------------------------------------------------
Timing slack :  UNCONSTRAINED
Start-point  : cin
End-point    : sum_unit/sum_reg[5]/d

(u) : Net has unmapped pin(s).

path  13:

      Pin                  Type         Fanout Load Slew Delay Arrival   Location    
                                               (fF) (ps)  (ps)   (ps)       (x,   y) 
-------------------------------------------------------------------------------------
(clock func_clk)       launch                                        0 R             
(alu.sdc_line_30)      ext delay                          +400     400 R             
cin               (u)  in port               2  2.4    0    +0     400 R             
carry_unit1/cin 
  g1/in_1                                                   +0     400               
  g1/z            (u)  unmapped_and2         1  1.2    0   +58     458 R             
  g2/in_1                                                   +0     458               
  g2/z            (u)  unmapped_or2          2  2.4    0   +68     526 R             
  g3/in_1                                                   +0     526               
  g3/z            (u)  unmapped_and2         1  1.2    0   +58     583 R             
  g4/in_1                                                   +0     583               
  g4/z            (u)  unmapped_or2          2  2.4    0   +68     651 R             
  g5/in_1                                                   +0     651               
  g5/z            (u)  unmapped_and2         1  1.2    0   +58     708 R             
  g6/in_1                                                   +0     708               
  g6/z            (u)  unmapped_or2          2  2.4    0   +68     776 R             
  g7/in_1                                                   +0     776               
  g7/z            (u)  unmapped_and2         1  1.2    0   +58     834 R             
  g8/in_1                                                   +0     834               
  g8/z            (u)  unmapped_or2          2  2.4    0   +68     902 R             
carry_unit1/cout[4] 
sum_unit/cout[4] 
  g5/in_1                                                   +0     902               
  g5/z            (u)  unmapped_xor2         1  1.2    0  +131    1033 R             
  sum_reg[4]/d         unmapped_d_flop                      +0    1033               
  sum_reg[4]/clk       setup                           0  +119    1152 R             
-------------------------------------------------------------------------------------
Timing slack :  UNCONSTRAINED
Start-point  : cin
End-point    : sum_unit/sum_reg[4]/d

(u) : Net has unmapped pin(s).

path  14:

      Pin                  Type         Fanout Load Slew Delay Arrival   Location    
                                               (fF) (ps)  (ps)   (ps)       (x,   y) 
-------------------------------------------------------------------------------------
(clock func_clk)       launch                                        0 R             
(alu.sdc_line_30)      ext delay                          +400     400 R             
cin               (u)  in port               2  2.4    0    +0     400 R             
carry_unit1/cin 
  g1/in_1                                                   +0     400               
  g1/z            (u)  unmapped_and2         1  1.2    0   +58     458 R             
  g2/in_1                                                   +0     458               
  g2/z            (u)  unmapped_or2          2  2.4    0   +68     526 R             
  g3/in_1                                                   +0     526               
  g3/z            (u)  unmapped_and2         1  1.2    0   +58     583 R             
  g4/in_1                                                   +0     583               
  g4/z            (u)  unmapped_or2          2  2.4    0   +68     651 R             
  g5/in_1                                                   +0     651               
  g5/z            (u)  unmapped_and2         1  1.2    0   +58     708 R             
  g6/in_1                                                   +0     708               
  g6/z            (u)  unmapped_or2          2  2.4    0   +68     776 R             
carry_unit1/cout[3] 
sum_unit/cout[3] 
  g4/in_1                                                   +0     776               
  g4/z            (u)  unmapped_xor2         1  1.2    0  +131     908 R             
  sum_reg[3]/d         unmapped_d_flop                      +0     908               
  sum_reg[3]/clk       setup                           0  +119    1027 R             
-------------------------------------------------------------------------------------
Timing slack :  UNCONSTRAINED
Start-point  : cin
End-point    : sum_unit/sum_reg[3]/d

(u) : Net has unmapped pin(s).

path  15:

      Pin                  Type         Fanout Load Slew Delay Arrival   Location    
                                               (fF) (ps)  (ps)   (ps)       (x,   y) 
-------------------------------------------------------------------------------------
(clock func_clk)       launch                                        0 R             
(alu.sdc_line_30)      ext delay                          +400     400 R             
cin               (u)  in port               2  2.4    0    +0     400 R             
carry_unit1/cin 
  g1/in_1                                                   +0     400               
  g1/z            (u)  unmapped_and2         1  1.2    0   +58     458 R             
  g2/in_1                                                   +0     458               
  g2/z            (u)  unmapped_or2          2  2.4    0   +68     526 R             
  g3/in_1                                                   +0     526               
  g3/z            (u)  unmapped_and2         1  1.2    0   +58     583 R             
  g4/in_1                                                   +0     583               
  g4/z            (u)  unmapped_or2          2  2.4    0   +68     651 R             
carry_unit1/cout[2] 
sum_unit/cout[2] 
  g3/in_1                                                   +0     651               
  g3/z            (u)  unmapped_xor2         1  1.2    0  +131     782 R             
  sum_reg[2]/d         unmapped_d_flop                      +0     782               
  sum_reg[2]/clk       setup                           0  +119     902 R             
-------------------------------------------------------------------------------------
Timing slack :  UNCONSTRAINED
Start-point  : cin
End-point    : sum_unit/sum_reg[2]/d

(u) : Net has unmapped pin(s).

path  16:

      Pin                  Type         Fanout Load Slew Delay Arrival   Location    
                                               (fF) (ps)  (ps)   (ps)       (x,   y) 
-------------------------------------------------------------------------------------
(clock func_clk)       launch                                        0 R             
(alu.sdc_line_30)      ext delay                          +400     400 R             
cin               (u)  in port               2  2.4    0    +0     400 R             
carry_unit1/cin 
  g1/in_1                                                   +0     400               
  g1/z            (u)  unmapped_and2         1  1.2    0   +58     458 R             
  g2/in_1                                                   +0     458               
  g2/z            (u)  unmapped_or2          2  2.4    0   +68     526 R             
carry_unit1/cout[1] 
sum_unit/cout[1] 
  g2/in_1                                                   +0     526               
  g2/z            (u)  unmapped_xor2         1  1.2    0  +131     657 R             
  sum_reg[1]/d         unmapped_d_flop                      +0     657               
  sum_reg[1]/clk       setup                           0  +119     776 R             
-------------------------------------------------------------------------------------
Timing slack :  UNCONSTRAINED
Start-point  : cin
End-point    : sum_unit/sum_reg[1]/d

(u) : Net has unmapped pin(s).

path  17:

      Pin                  Type         Fanout Load Slew Delay Arrival   Location    
                                               (fF) (ps)  (ps)   (ps)       (x,   y) 
-------------------------------------------------------------------------------------
(clock func_clk)       launch                                        0 R             
(alu.sdc_line_30)      ext delay                          +400     400 R             
cin               (u)  in port               2  2.4    0    +0     400 R             
sum_unit/cin 
  g1/in_1                                                   +0     400               
  g1/z            (u)  unmapped_xor2         1  1.2    0  +131     531 R             
  sum_reg[0]/d         unmapped_d_flop                      +0     531               
  sum_reg[0]/clk       setup                           0  +119     650 R             
-------------------------------------------------------------------------------------
Timing slack :  UNCONSTRAINED
Start-point  : cin
End-point    : sum_unit/sum_reg[0]/d

(u) : Net has unmapped pin(s).

path  18:

      Pin                 Type         Fanout Load Slew Delay Arrival   Location    
                                              (fF) (ps)  (ps)   (ps)       (x,   y) 
------------------------------------------------------------------------------------
sum_unit
  sum_reg[0]/clk                                      0             0 R             
  sum_reg[0]/q   (u)  unmapped_d_flop       1  0.0    0  +305     305 R             
sum_unit/sum[0] 
sum[0]                out port                             +0     305 R             
------------------------------------------------------------------------------------
Timing slack :  UNCONSTRAINED
Start-point  : sum_unit/sum_reg[0]/clk
End-point    : sum[0]

(u) : Net has unmapped pin(s).

path  19:

      Pin                 Type         Fanout Load Slew Delay Arrival   Location    
                                              (fF) (ps)  (ps)   (ps)       (x,   y) 
------------------------------------------------------------------------------------
sum_unit
  sum_reg[1]/clk                                      0             0 R             
  sum_reg[1]/q   (u)  unmapped_d_flop       1  0.0    0  +305     305 R             
sum_unit/sum[1] 
sum[1]                out port                             +0     305 R             
------------------------------------------------------------------------------------
Timing slack :  UNCONSTRAINED
Start-point  : sum_unit/sum_reg[1]/clk
End-point    : sum[1]

(u) : Net has unmapped pin(s).

path  20:

      Pin                 Type         Fanout Load Slew Delay Arrival   Location    
                                              (fF) (ps)  (ps)   (ps)       (x,   y) 
------------------------------------------------------------------------------------
sum_unit
  sum_reg[2]/clk                                      0             0 R             
  sum_reg[2]/q   (u)  unmapped_d_flop       1  0.0    0  +305     305 R             
sum_unit/sum[2] 
sum[2]                out port                             +0     305 R             
------------------------------------------------------------------------------------
Timing slack :  UNCONSTRAINED
Start-point  : sum_unit/sum_reg[2]/clk
End-point    : sum[2]

(u) : Net has unmapped pin(s).

path  21:

      Pin                 Type         Fanout Load Slew Delay Arrival   Location    
                                              (fF) (ps)  (ps)   (ps)       (x,   y) 
------------------------------------------------------------------------------------
sum_unit
  sum_reg[3]/clk                                      0             0 R             
  sum_reg[3]/q   (u)  unmapped_d_flop       1  0.0    0  +305     305 R             
sum_unit/sum[3] 
sum[3]                out port                             +0     305 R             
------------------------------------------------------------------------------------
Timing slack :  UNCONSTRAINED
Start-point  : sum_unit/sum_reg[3]/clk
End-point    : sum[3]

(u) : Net has unmapped pin(s).

path  22:

      Pin                 Type         Fanout Load Slew Delay Arrival   Location    
                                              (fF) (ps)  (ps)   (ps)       (x,   y) 
------------------------------------------------------------------------------------
sum_unit
  sum_reg[4]/clk                                      0             0 R             
  sum_reg[4]/q   (u)  unmapped_d_flop       1  0.0    0  +305     305 R             
sum_unit/sum[4] 
sum[4]                out port                             +0     305 R             
------------------------------------------------------------------------------------
Timing slack :  UNCONSTRAINED
Start-point  : sum_unit/sum_reg[4]/clk
End-point    : sum[4]

(u) : Net has unmapped pin(s).

path  23:

      Pin                 Type         Fanout Load Slew Delay Arrival   Location    
                                              (fF) (ps)  (ps)   (ps)       (x,   y) 
------------------------------------------------------------------------------------
sum_unit
  sum_reg[5]/clk                                      0             0 R             
  sum_reg[5]/q   (u)  unmapped_d_flop       1  0.0    0  +305     305 R             
sum_unit/sum[5] 
sum[5]                out port                             +0     305 R             
------------------------------------------------------------------------------------
Timing slack :  UNCONSTRAINED
Start-point  : sum_unit/sum_reg[5]/clk
End-point    : sum[5]

(u) : Net has unmapped pin(s).

path  24:

      Pin                 Type         Fanout Load Slew Delay Arrival   Location    
                                              (fF) (ps)  (ps)   (ps)       (x,   y) 
------------------------------------------------------------------------------------
sum_unit
  sum_reg[6]/clk                                      0             0 R             
  sum_reg[6]/q   (u)  unmapped_d_flop       1  0.0    0  +305     305 R             
sum_unit/sum[6] 
sum[6]                out port                             +0     305 R             
------------------------------------------------------------------------------------
Timing slack :  UNCONSTRAINED
Start-point  : sum_unit/sum_reg[6]/clk
End-point    : sum[6]

(u) : Net has unmapped pin(s).

path  25:

      Pin                 Type         Fanout Load Slew Delay Arrival   Location    
                                              (fF) (ps)  (ps)   (ps)       (x,   y) 
------------------------------------------------------------------------------------
sum_unit
  sum_reg[7]/clk                                      0             0 R             
  sum_reg[7]/q   (u)  unmapped_d_flop       1  0.0    0  +305     305 R             
sum_unit/sum[7] 
sum[7]                out port                             +0     305 R             
------------------------------------------------------------------------------------
Timing slack :  UNCONSTRAINED
Start-point  : sum_unit/sum_reg[7]/clk
End-point    : sum[7]

(u) : Net has unmapped pin(s).

path  26:

      Pin                 Type         Fanout Load Slew Delay Arrival   Location    
                                              (fF) (ps)  (ps)   (ps)       (x,   y) 
------------------------------------------------------------------------------------
sum_unit
  sum_reg[8]/clk                                      0             0 R             
  sum_reg[8]/q   (u)  unmapped_d_flop       1  0.0    0  +305     305 R             
sum_unit/sum[8] 
sum[8]                out port                             +0     305 R             
------------------------------------------------------------------------------------
Timing slack :  UNCONSTRAINED
Start-point  : sum_unit/sum_reg[8]/clk
End-point    : sum[8]

(u) : Net has unmapped pin(s).

path  27:

      Pin                 Type         Fanout Load Slew Delay Arrival   Location    
                                              (fF) (ps)  (ps)   (ps)       (x,   y) 
------------------------------------------------------------------------------------
sum_unit
  sum_reg[9]/clk                                      0             0 R             
  sum_reg[9]/q   (u)  unmapped_d_flop       1  0.0    0  +305     305 R             
sum_unit/sum[9] 
sum[9]                out port                             +0     305 R             
------------------------------------------------------------------------------------
Timing slack :  UNCONSTRAINED
Start-point  : sum_unit/sum_reg[9]/clk
End-point    : sum[9]

(u) : Net has unmapped pin(s).

path  28:

      Pin                  Type         Fanout Load Slew Delay Arrival   Location    
                                               (fF) (ps)  (ps)   (ps)       (x,   y) 
-------------------------------------------------------------------------------------
sum_unit
  sum_reg[10]/clk                                      0             0 R             
  sum_reg[10]/q   (u)  unmapped_d_flop       1  0.0    0  +305     305 R             
sum_unit/sum[10] 
sum[10]                out port                             +0     305 R             
-------------------------------------------------------------------------------------
Timing slack :  UNCONSTRAINED
Start-point  : sum_unit/sum_reg[10]/clk
End-point    : sum[10]

(u) : Net has unmapped pin(s).

path  29:

      Pin                  Type         Fanout Load Slew Delay Arrival   Location    
                                               (fF) (ps)  (ps)   (ps)       (x,   y) 
-------------------------------------------------------------------------------------
sum_unit
  sum_reg[11]/clk                                      0             0 R             
  sum_reg[11]/q   (u)  unmapped_d_flop       1  0.0    0  +305     305 R             
sum_unit/sum[11] 
sum[11]                out port                             +0     305 R             
-------------------------------------------------------------------------------------
Timing slack :  UNCONSTRAINED
Start-point  : sum_unit/sum_reg[11]/clk
End-point    : sum[11]

(u) : Net has unmapped pin(s).

path  30:

      Pin                  Type         Fanout Load Slew Delay Arrival   Location    
                                               (fF) (ps)  (ps)   (ps)       (x,   y) 
-------------------------------------------------------------------------------------
sum_unit
  sum_reg[12]/clk                                      0             0 R             
  sum_reg[12]/q   (u)  unmapped_d_flop       1  0.0    0  +305     305 R             
sum_unit/sum[12] 
sum[12]                out port                             +0     305 R             
-------------------------------------------------------------------------------------
Timing slack :  UNCONSTRAINED
Start-point  : sum_unit/sum_reg[12]/clk
End-point    : sum[12]

(u) : Net has unmapped pin(s).

path  31:

      Pin                  Type         Fanout Load Slew Delay Arrival   Location    
                                               (fF) (ps)  (ps)   (ps)       (x,   y) 
-------------------------------------------------------------------------------------
sum_unit
  sum_reg[13]/clk                                      0             0 R             
  sum_reg[13]/q   (u)  unmapped_d_flop       1  0.0    0  +305     305 R             
sum_unit/sum[13] 
sum[13]                out port                             +0     305 R             
-------------------------------------------------------------------------------------
Timing slack :  UNCONSTRAINED
Start-point  : sum_unit/sum_reg[13]/clk
End-point    : sum[13]

(u) : Net has unmapped pin(s).

path  32:

      Pin                  Type         Fanout Load Slew Delay Arrival   Location    
                                               (fF) (ps)  (ps)   (ps)       (x,   y) 
-------------------------------------------------------------------------------------
sum_unit
  sum_reg[14]/clk                                      0             0 R             
  sum_reg[14]/q   (u)  unmapped_d_flop       1  0.0    0  +305     305 R             
sum_unit/sum[14] 
sum[14]                out port                             +0     305 R             
-------------------------------------------------------------------------------------
Timing slack :  UNCONSTRAINED
Start-point  : sum_unit/sum_reg[14]/clk
End-point    : sum[14]

(u) : Net has unmapped pin(s).

path  33:

      Pin                  Type         Fanout Load Slew Delay Arrival   Location    
                                               (fF) (ps)  (ps)   (ps)       (x,   y) 
-------------------------------------------------------------------------------------
sum_unit
  sum_reg[15]/clk                                      0             0 R             
  sum_reg[15]/q   (u)  unmapped_d_flop       1  0.0    0  +305     305 R             
sum_unit/sum[15] 
sum[15]                out port                             +0     305 R             
-------------------------------------------------------------------------------------
Timing slack :  UNCONSTRAINED
Start-point  : sum_unit/sum_reg[15]/clk
End-point    : sum[15]

(u) : Net has unmapped pin(s).

path  34:

      Pin                      Type         Fanout Load Slew Delay Arrival   Location    
                                                   (fF) (ps)  (ps)   (ps)       (x,   y) 
-----------------------------------------------------------------------------------------
clk               (i) (u)  in port              16  0.0    0    +0       0 R             
sum_unit/clk (i)
  sum_reg[15]/clk          unmapped_d_flop                      +0       0               
-----------------------------------------------------------------------------------------
Timing slack :  UNCONSTRAINED
Start-point  : clk
End-point    : sum_unit/sum_reg[15]/clk

(u) : Net has unmapped pin(s).
(i) : Net is ideal.

path  35:

      Pin                      Type         Fanout Load Slew Delay Arrival   Location    
                                                   (fF) (ps)  (ps)   (ps)       (x,   y) 
-----------------------------------------------------------------------------------------
clk               (i) (u)  in port              16  0.0    0    +0       0 R             
sum_unit/clk (i)
  sum_reg[14]/clk          unmapped_d_flop                      +0       0               
-----------------------------------------------------------------------------------------
Timing slack :  UNCONSTRAINED
Start-point  : clk
End-point    : sum_unit/sum_reg[14]/clk

(u) : Net has unmapped pin(s).
(i) : Net is ideal.

path  36:

      Pin                      Type         Fanout Load Slew Delay Arrival   Location    
                                                   (fF) (ps)  (ps)   (ps)       (x,   y) 
-----------------------------------------------------------------------------------------
clk               (i) (u)  in port              16  0.0    0    +0       0 R             
sum_unit/clk (i)
  sum_reg[13]/clk          unmapped_d_flop                      +0       0               
-----------------------------------------------------------------------------------------
Timing slack :  UNCONSTRAINED
Start-point  : clk
End-point    : sum_unit/sum_reg[13]/clk

(u) : Net has unmapped pin(s).
(i) : Net is ideal.

path  37:

      Pin                      Type         Fanout Load Slew Delay Arrival   Location    
                                                   (fF) (ps)  (ps)   (ps)       (x,   y) 
-----------------------------------------------------------------------------------------
clk               (i) (u)  in port              16  0.0    0    +0       0 R             
sum_unit/clk (i)
  sum_reg[12]/clk          unmapped_d_flop                      +0       0               
-----------------------------------------------------------------------------------------
Timing slack :  UNCONSTRAINED
Start-point  : clk
End-point    : sum_unit/sum_reg[12]/clk

(u) : Net has unmapped pin(s).
(i) : Net is ideal.

path  38:

      Pin                      Type         Fanout Load Slew Delay Arrival   Location    
                                                   (fF) (ps)  (ps)   (ps)       (x,   y) 
-----------------------------------------------------------------------------------------
clk               (i) (u)  in port              16  0.0    0    +0       0 R             
sum_unit/clk (i)
  sum_reg[11]/clk          unmapped_d_flop                      +0       0               
-----------------------------------------------------------------------------------------
Timing slack :  UNCONSTRAINED
Start-point  : clk
End-point    : sum_unit/sum_reg[11]/clk

(u) : Net has unmapped pin(s).
(i) : Net is ideal.

path  39:

      Pin                      Type         Fanout Load Slew Delay Arrival   Location    
                                                   (fF) (ps)  (ps)   (ps)       (x,   y) 
-----------------------------------------------------------------------------------------
clk               (i) (u)  in port              16  0.0    0    +0       0 R             
sum_unit/clk (i)
  sum_reg[10]/clk          unmapped_d_flop                      +0       0               
-----------------------------------------------------------------------------------------
Timing slack :  UNCONSTRAINED
Start-point  : clk
End-point    : sum_unit/sum_reg[10]/clk

(u) : Net has unmapped pin(s).
(i) : Net is ideal.

path  40:

      Pin                     Type         Fanout Load Slew Delay Arrival   Location    
                                                  (fF) (ps)  (ps)   (ps)       (x,   y) 
----------------------------------------------------------------------------------------
clk              (i) (u)  in port              16  0.0    0    +0       0 R             
sum_unit/clk (i)
  sum_reg[9]/clk          unmapped_d_flop                      +0       0               
----------------------------------------------------------------------------------------
Timing slack :  UNCONSTRAINED
Start-point  : clk
End-point    : sum_unit/sum_reg[9]/clk

(u) : Net has unmapped pin(s).
(i) : Net is ideal.

path  41:

      Pin                     Type         Fanout Load Slew Delay Arrival   Location    
                                                  (fF) (ps)  (ps)   (ps)       (x,   y) 
----------------------------------------------------------------------------------------
clk              (i) (u)  in port              16  0.0    0    +0       0 R             
sum_unit/clk (i)
  sum_reg[8]/clk          unmapped_d_flop                      +0       0               
----------------------------------------------------------------------------------------
Timing slack :  UNCONSTRAINED
Start-point  : clk
End-point    : sum_unit/sum_reg[8]/clk

(u) : Net has unmapped pin(s).
(i) : Net is ideal.

path  42:

      Pin                     Type         Fanout Load Slew Delay Arrival   Location    
                                                  (fF) (ps)  (ps)   (ps)       (x,   y) 
----------------------------------------------------------------------------------------
clk              (i) (u)  in port              16  0.0    0    +0       0 R             
sum_unit/clk (i)
  sum_reg[7]/clk          unmapped_d_flop                      +0       0               
----------------------------------------------------------------------------------------
Timing slack :  UNCONSTRAINED
Start-point  : clk
End-point    : sum_unit/sum_reg[7]/clk

(u) : Net has unmapped pin(s).
(i) : Net is ideal.

path  43:

      Pin                     Type         Fanout Load Slew Delay Arrival   Location    
                                                  (fF) (ps)  (ps)   (ps)       (x,   y) 
----------------------------------------------------------------------------------------
clk              (i) (u)  in port              16  0.0    0    +0       0 R             
sum_unit/clk (i)
  sum_reg[6]/clk          unmapped_d_flop                      +0       0               
----------------------------------------------------------------------------------------
Timing slack :  UNCONSTRAINED
Start-point  : clk
End-point    : sum_unit/sum_reg[6]/clk

(u) : Net has unmapped pin(s).
(i) : Net is ideal.

path  44:

      Pin                     Type         Fanout Load Slew Delay Arrival   Location    
                                                  (fF) (ps)  (ps)   (ps)       (x,   y) 
----------------------------------------------------------------------------------------
clk              (i) (u)  in port              16  0.0    0    +0       0 R             
sum_unit/clk (i)
  sum_reg[5]/clk          unmapped_d_flop                      +0       0               
----------------------------------------------------------------------------------------
Timing slack :  UNCONSTRAINED
Start-point  : clk
End-point    : sum_unit/sum_reg[5]/clk

(u) : Net has unmapped pin(s).
(i) : Net is ideal.

path  45:

      Pin                     Type         Fanout Load Slew Delay Arrival   Location    
                                                  (fF) (ps)  (ps)   (ps)       (x,   y) 
----------------------------------------------------------------------------------------
clk              (i) (u)  in port              16  0.0    0    +0       0 R             
sum_unit/clk (i)
  sum_reg[4]/clk          unmapped_d_flop                      +0       0               
----------------------------------------------------------------------------------------
Timing slack :  UNCONSTRAINED
Start-point  : clk
End-point    : sum_unit/sum_reg[4]/clk

(u) : Net has unmapped pin(s).
(i) : Net is ideal.

path  46:

      Pin                     Type         Fanout Load Slew Delay Arrival   Location    
                                                  (fF) (ps)  (ps)   (ps)       (x,   y) 
----------------------------------------------------------------------------------------
clk              (i) (u)  in port              16  0.0    0    +0       0 R             
sum_unit/clk (i)
  sum_reg[3]/clk          unmapped_d_flop                      +0       0               
----------------------------------------------------------------------------------------
Timing slack :  UNCONSTRAINED
Start-point  : clk
End-point    : sum_unit/sum_reg[3]/clk

(u) : Net has unmapped pin(s).
(i) : Net is ideal.

path  47:

      Pin                     Type         Fanout Load Slew Delay Arrival   Location    
                                                  (fF) (ps)  (ps)   (ps)       (x,   y) 
----------------------------------------------------------------------------------------
clk              (i) (u)  in port              16  0.0    0    +0       0 R             
sum_unit/clk (i)
  sum_reg[2]/clk          unmapped_d_flop                      +0       0               
----------------------------------------------------------------------------------------
Timing slack :  UNCONSTRAINED
Start-point  : clk
End-point    : sum_unit/sum_reg[2]/clk

(u) : Net has unmapped pin(s).
(i) : Net is ideal.

path  48:

      Pin                     Type         Fanout Load Slew Delay Arrival   Location    
                                                  (fF) (ps)  (ps)   (ps)       (x,   y) 
----------------------------------------------------------------------------------------
clk              (i) (u)  in port              16  0.0    0    +0       0 R             
sum_unit/clk (i)
  sum_reg[1]/clk          unmapped_d_flop                      +0       0               
----------------------------------------------------------------------------------------
Timing slack :  UNCONSTRAINED
Start-point  : clk
End-point    : sum_unit/sum_reg[1]/clk

(u) : Net has unmapped pin(s).
(i) : Net is ideal.

path  49:

      Pin                     Type         Fanout Load Slew Delay Arrival   Location    
                                                  (fF) (ps)  (ps)   (ps)       (x,   y) 
----------------------------------------------------------------------------------------
clk              (i) (u)  in port              16  0.0    0    +0       0 R             
sum_unit/clk (i)
  sum_reg[0]/clk          unmapped_d_flop                      +0       0               
----------------------------------------------------------------------------------------
Timing slack :  UNCONSTRAINED
Start-point  : clk
End-point    : sum_unit/sum_reg[0]/clk

(u) : Net has unmapped pin(s).
(i) : Net is ideal.
