============================================================
  Generated by:           Genus(TM) Synthesis Solution 16.13-s036_1
  Generated on:           Oct 27 2024  11:44:43 am
  Module:                 alu
  Technology library:     slow_vdd1v0 1.0
  Operating conditions:   PVT_0P9V_125C (balanced_tree)
  Wireload mode:          enclosed
  Area mode:              timing library
============================================================

Path 1: MET Late External Delay Assertion
Endpoint:   carry_out16 (^) checked with leading edge of 'func_clk'
Beginpoint: b[0]        (v) triggered by leading edge of 'func_clk'
Other End Arrival Time          10000
- External Delay                  400
= Required Time                  9600
- Arrival Time                   3334
= Slack Time                     6266
    Clock Rise Edge                        0
    + Input Delay                       1000
    = Beginpoint Arrival Time           1000
-----------------------------------------------------------------------------------------
                 Pin              Edge   Cell   Fanout Load Slew Delay  Arrival Required 
                                                       (fF) (ps)  (ps) Time(ps) Time(ps) 
-----------------------------------------------------------------------------------------
       b[0]                       v                  1  0.4    0    +0     1000     7266 
       gen_prop_inst/g18354/A     v                                 +0     1000     7266 
       gen_prop_inst/g18354/S     ^     ADDHX1       2  0.6   30  +182     1182     7447 
       carry_unit1/g2480/A1       ^                                 +0     1182     7447 
       carry_unit1/g2480/Y        ^     AO21XL       2  0.6   37  +132     1314     7580 
       carry_unit1/g2479/A1       ^                                 +0     1314     7580 
       carry_unit1/g2479/Y        ^     AO21XL       2  0.6   37  +136     1450     7715 
       carry_unit1/g2478/A1       ^                                 +0     1450     7715 
       carry_unit1/g2478/Y        ^     AO21XL       2  0.6   37  +136     1585     7850 
       carry_unit1/g2477/A1       ^                                 +0     1585     7850 
       carry_unit1/g2477/Y        ^     AO21XL       2  0.6   37  +136     1720     7986 
       carry_unit2/g2519/A1       ^                                 +0     1720     7986 
       carry_unit2/g2519/Y        ^     AO21XL       2  0.6   37  +136     1856     8122 
       carry_unit2/g2518/A1       ^                                 +0     1856     8122 
       carry_unit2/g2518/Y        ^     AO21XL       2  0.6   37  +136     1992     8257 
       carry_unit2/g2517/A1       ^                                 +0     1992     8257 
       carry_unit2/g2517/Y        ^     AO21XL       2  0.6   37  +136     2127     8392 
       carry_unit2/g2516/A1       ^                                 +0     2127     8392 
       carry_unit2/g2516/Y        ^     AO21XL       2  0.6   37  +136     2262     8528 
       carry_unit3/g2519/A1       ^                                 +0     2262     8528 
       carry_unit3/g2519/Y        ^     AO21XL       2  0.6   37  +136     2398     8664 
       carry_unit3/g2518/A1       ^                                 +0     2398     8664 
       carry_unit3/g2518/Y        ^     AO21XL       2  0.6   37  +136     2534     8799 
       carry_unit3/g2517/A1       ^                                 +0     2534     8799 
       carry_unit3/g2517/Y        ^     AO21XL       2  0.6   37  +136     2669     8934 
       carry_unit3/g2516/A1       ^                                 +0     2669     8934 
       carry_unit3/g2516/Y        ^     AO21XL       2  0.6   37  +136     2804     9070 
       carry_unit4/g2519/A1       ^                                 +0     2804     9070 
       carry_unit4/g2519/Y        ^     AO21XL       2  0.6   37  +136     2940     9206 
       carry_unit4/g2518/A1       ^                                 +0     2940     9206 
       carry_unit4/g2518/Y        ^     AO21XL       2  0.6   37  +136     3076     9341 
       carry_unit4/g2517/A1       ^                                 +0     3076     9341 
       carry_unit4/g2517/Y        ^     AO21XL       2  0.6   37  +136     3211     9476 
       carry_unit4/g2516/A1       ^                                 +0     3211     9476 
       carry_unit4/g2516/Y        ^     AO21XL       1  0.0   16  +124     3334     9600 
       carry_out16            <<< ^                                 +0     3334     9600 
-----------------------------------------------------------------------------------------
Cost Group   : 'func_clk' (path_group 'func_clk')
