============================================================
  Generated by:           Genus(TM) Synthesis Solution 16.13-s036_1
  Generated on:           Oct 27 2024  11:44:45 am
  Module:                 alu
  Technology library:     slow_vdd1v0 1.0
  Operating conditions:   PVT_0P9V_125C (balanced_tree)
  Wireload mode:          enclosed
  Area mode:              timing library
============================================================

Path 1: MET Late External Delay Assertion
Endpoint:   carry_out16 (^) checked with leading edge of 'func_clk'
Beginpoint: b[0]        (v) triggered by leading edge of 'func_clk'
Other End Arrival Time          10000
- External Delay                  700
= Required Time                  9300
- Arrival Time                   2634
= Slack Time                     6666
    Clock Rise Edge                        0
    + Input Delay                        300
    = Beginpoint Arrival Time            300
-----------------------------------------------------------------------------------------
                 Pin              Edge   Cell   Fanout Load Slew Delay  Arrival Required 
                                                       (fF) (ps)  (ps) Time(ps) Time(ps) 
-----------------------------------------------------------------------------------------
       b[0]                       v                  1  0.4    0    +0      300     6966 
       gen_prop_inst/g21138/A     v                                 +0      300     6966 
       gen_prop_inst/g21138/S     ^     ADDHX1       2  0.6   30  +182      482     7147 
       carry_unit1/g2852/A1       ^                                 +0      482     7147 
       carry_unit1/g2852/Y        ^     AO21XL       2  0.6   37  +132      614     7280 
       carry_unit1/g2851/A1       ^                                 +0      614     7280 
       carry_unit1/g2851/Y        ^     AO21XL       2  0.6   37  +136      750     7415 
       carry_unit1/g2850/A1       ^                                 +0      750     7415 
       carry_unit1/g2850/Y        ^     AO21XL       2  0.6   37  +136      885     7550 
       carry_unit1/g2849/A1       ^                                 +0      885     7550 
       carry_unit1/g2849/Y        ^     AO21XL       2  0.6   37  +136     1020     7686 
       carry_unit2/g2897/A1       ^                                 +0     1020     7686 
       carry_unit2/g2897/Y        ^     AO21XL       2  0.6   37  +136     1156     7822 
       carry_unit2/g2896/A1       ^                                 +0     1156     7822 
       carry_unit2/g2896/Y        ^     AO21XL       2  0.6   37  +136     1292     7957 
       carry_unit2/g2895/A1       ^                                 +0     1292     7957 
       carry_unit2/g2895/Y        ^     AO21XL       2  0.6   37  +136     1427     8092 
       carry_unit2/g2894/A1       ^                                 +0     1427     8092 
       carry_unit2/g2894/Y        ^     AO21XL       2  0.6   37  +136     1562     8228 
       carry_unit3/g2897/A1       ^                                 +0     1562     8228 
       carry_unit3/g2897/Y        ^     AO21XL       2  0.6   37  +136     1698     8364 
       carry_unit3/g2896/A1       ^                                 +0     1698     8364 
       carry_unit3/g2896/Y        ^     AO21XL       2  0.6   37  +136     1834     8499 
       carry_unit3/g2895/A1       ^                                 +0     1834     8499 
       carry_unit3/g2895/Y        ^     AO21XL       2  0.6   37  +136     1969     8634 
       carry_unit3/g2894/A1       ^                                 +0     1969     8634 
       carry_unit3/g2894/Y        ^     AO21XL       2  0.6   37  +136     2104     8770 
       carry_unit4/g2897/A1       ^                                 +0     2104     8770 
       carry_unit4/g2897/Y        ^     AO21XL       2  0.6   37  +136     2240     8906 
       carry_unit4/g2896/A1       ^                                 +0     2240     8906 
       carry_unit4/g2896/Y        ^     AO21XL       2  0.6   37  +136     2376     9041 
       carry_unit4/g2895/A1       ^                                 +0     2376     9041 
       carry_unit4/g2895/Y        ^     AO21XL       2  0.6   37  +136     2511     9176 
       carry_unit4/g2894/A1       ^                                 +0     2511     9176 
       carry_unit4/g2894/Y        ^     AO21XL       1  0.0   16  +124     2634     9300 
       carry_out16            <<< ^                                 +0     2634     9300 
-----------------------------------------------------------------------------------------
Cost Group   : 'func_clk' (path_group 'func_clk')
