============================================================
  Generated by:           Genus(TM) Synthesis Solution 16.13-s036_1
  Generated on:           Oct 27 2024  11:44:32 am
  Module:                 alu
  Technology library:     slow_vdd1v0 1.0
  Operating conditions:   PVT_0P9V_125C (balanced_tree)
  Wireload mode:          enclosed
  Area mode:              timing library
============================================================

Path 1: MET Late External Delay Assertion
Endpoint:   carry_out16 (^) checked with leading edge of 'func_clk'
Beginpoint: b[0]        (v) triggered by leading edge of 'func_clk'
Other End Arrival Time          10000
- External Delay                  400
= Required Time                  9600
- Arrival Time                   2534
= Slack Time                     7066
    Clock Rise Edge                        0
    + Input Delay                        200
    = Beginpoint Arrival Time            200
----------------------------------------------------------------------------------------
                Pin              Edge   Cell   Fanout Load Slew Delay  Arrival Required 
                                                      (fF) (ps)  (ps) Time(ps) Time(ps) 
----------------------------------------------------------------------------------------
       b[0]                      v                  1  0.4    0    +0      200     7266 
       gen_prop_inst/g5362/A     v                                 +0      200     7266 
       gen_prop_inst/g5362/S     ^     ADDHX1       2  0.6   30  +182      382     7447 
       carry_unit1/g744/A1       ^                                 +0      382     7447 
       carry_unit1/g744/Y        ^     AO21XL       2  0.6   37  +132      514     7580 
       carry_unit1/g743/A1       ^                                 +0      514     7580 
       carry_unit1/g743/Y        ^     AO21XL       2  0.6   37  +136      650     7715 
       carry_unit1/g742/A1       ^                                 +0      650     7715 
       carry_unit1/g742/Y        ^     AO21XL       2  0.6   37  +136      785     7850 
       carry_unit1/g741/A1       ^                                 +0      785     7850 
       carry_unit1/g741/Y        ^     AO21XL       2  0.6   37  +136      920     7986 
       carry_unit2/g755/A1       ^                                 +0      920     7986 
       carry_unit2/g755/Y        ^     AO21XL       2  0.6   37  +136     1056     8122 
       carry_unit2/g754/A1       ^                                 +0     1056     8122 
       carry_unit2/g754/Y        ^     AO21XL       2  0.6   37  +136     1192     8257 
       carry_unit2/g753/A1       ^                                 +0     1192     8257 
       carry_unit2/g753/Y        ^     AO21XL       2  0.6   37  +136     1327     8392 
       carry_unit2/g752/A1       ^                                 +0     1327     8392 
       carry_unit2/g752/Y        ^     AO21XL       2  0.6   37  +136     1462     8528 
       carry_unit3/g755/A1       ^                                 +0     1462     8528 
       carry_unit3/g755/Y        ^     AO21XL       2  0.6   37  +136     1598     8664 
       carry_unit3/g754/A1       ^                                 +0     1598     8664 
       carry_unit3/g754/Y        ^     AO21XL       2  0.6   37  +136     1734     8799 
       carry_unit3/g753/A1       ^                                 +0     1734     8799 
       carry_unit3/g753/Y        ^     AO21XL       2  0.6   37  +136     1869     8934 
       carry_unit3/g752/A1       ^                                 +0     1869     8934 
       carry_unit3/g752/Y        ^     AO21XL       2  0.6   37  +136     2004     9070 
       carry_unit4/g755/A1       ^                                 +0     2004     9070 
       carry_unit4/g755/Y        ^     AO21XL       2  0.6   37  +136     2140     9206 
       carry_unit4/g754/A1       ^                                 +0     2140     9206 
       carry_unit4/g754/Y        ^     AO21XL       2  0.6   37  +136     2276     9341 
       carry_unit4/g753/A1       ^                                 +0     2276     9341 
       carry_unit4/g753/Y        ^     AO21XL       2  0.6   37  +136     2411     9476 
       carry_unit4/g752/A1       ^                                 +0     2411     9476 
       carry_unit4/g752/Y        ^     AO21XL       1  0.0   16  +124     2534     9600 
       carry_out16           <<< ^                                 +0     2534     9600 
----------------------------------------------------------------------------------------
Cost Group   : 'func_clk' (path_group 'func_clk')
