============================================================
  Generated by:           Genus(TM) Synthesis Solution 16.13-s036_1
  Generated on:           Oct 27 2024  11:44:47 am
  Module:                 alu
  Technology library:     slow_vdd1v0 1.0
  Operating conditions:   PVT_0P9V_125C (balanced_tree)
  Wireload mode:          enclosed
  Area mode:              timing library
============================================================

Path 1: MET Late External Delay Assertion
Endpoint:   carry_out16 (^) checked with leading edge of 'func_clk'
Beginpoint: b[0]        (v) triggered by leading edge of 'func_clk'
Other End Arrival Time          10000
- External Delay                 1100
= Required Time                  8900
- Arrival Time                   2634
= Slack Time                     6266
    Clock Rise Edge                        0
    + Input Delay                        300
    = Beginpoint Arrival Time            300
-----------------------------------------------------------------------------------------
                 Pin              Edge   Cell   Fanout Load Slew Delay  Arrival Required 
                                                       (fF) (ps)  (ps) Time(ps) Time(ps) 
-----------------------------------------------------------------------------------------
       b[0]                       v                  1  0.4    0    +0      300     6566 
       gen_prop_inst/g22994/A     v                                 +0      300     6566 
       gen_prop_inst/g22994/S     ^     ADDHX1       2  0.6   30  +182      482     6747 
       carry_unit1/g3100/A1       ^                                 +0      482     6747 
       carry_unit1/g3100/Y        ^     AO21XL       2  0.6   37  +132      614     6880 
       carry_unit1/g3099/A1       ^                                 +0      614     6880 
       carry_unit1/g3099/Y        ^     AO21XL       2  0.6   37  +136      750     7015 
       carry_unit1/g3098/A1       ^                                 +0      750     7015 
       carry_unit1/g3098/Y        ^     AO21XL       2  0.6   37  +136      885     7150 
       carry_unit1/g3097/A1       ^                                 +0      885     7150 
       carry_unit1/g3097/Y        ^     AO21XL       2  0.6   37  +136     1020     7286 
       carry_unit2/g3149/A1       ^                                 +0     1020     7286 
       carry_unit2/g3149/Y        ^     AO21XL       2  0.6   37  +136     1156     7422 
       carry_unit2/g3148/A1       ^                                 +0     1156     7422 
       carry_unit2/g3148/Y        ^     AO21XL       2  0.6   37  +136     1292     7557 
       carry_unit2/g3147/A1       ^                                 +0     1292     7557 
       carry_unit2/g3147/Y        ^     AO21XL       2  0.6   37  +136     1427     7692 
       carry_unit2/g3146/A1       ^                                 +0     1427     7692 
       carry_unit2/g3146/Y        ^     AO21XL       2  0.6   37  +136     1562     7828 
       carry_unit3/g3149/A1       ^                                 +0     1562     7828 
       carry_unit3/g3149/Y        ^     AO21XL       2  0.6   37  +136     1698     7964 
       carry_unit3/g3148/A1       ^                                 +0     1698     7964 
       carry_unit3/g3148/Y        ^     AO21XL       2  0.6   37  +136     1834     8099 
       carry_unit3/g3147/A1       ^                                 +0     1834     8099 
       carry_unit3/g3147/Y        ^     AO21XL       2  0.6   37  +136     1969     8234 
       carry_unit3/g3146/A1       ^                                 +0     1969     8234 
       carry_unit3/g3146/Y        ^     AO21XL       2  0.6   37  +136     2104     8370 
       carry_unit4/g3149/A1       ^                                 +0     2104     8370 
       carry_unit4/g3149/Y        ^     AO21XL       2  0.6   37  +136     2240     8506 
       carry_unit4/g3148/A1       ^                                 +0     2240     8506 
       carry_unit4/g3148/Y        ^     AO21XL       2  0.6   37  +136     2376     8641 
       carry_unit4/g3147/A1       ^                                 +0     2376     8641 
       carry_unit4/g3147/Y        ^     AO21XL       2  0.6   37  +136     2511     8776 
       carry_unit4/g3146/A1       ^                                 +0     2511     8776 
       carry_unit4/g3146/Y        ^     AO21XL       1  0.0   16  +124     2634     8900 
       carry_out16            <<< ^                                 +0     2634     8900 
-----------------------------------------------------------------------------------------
Cost Group   : 'func_clk' (path_group 'func_clk')
