============================================================
  Generated by:           Genus(TM) Synthesis Solution 16.13-s036_1
  Generated on:           Oct 29 2024  12:00:45 pm
  Module:                 alu
  Technology library:     slow_vdd1v0 1.0
  Operating conditions:   PVT_0P9V_125C (balanced_tree)
  Wireload mode:          enclosed
  Area mode:              timing library
============================================================

Path 1: VIOLATED Late External Delay Assertion
Endpoint:   carry_out16 (v) checked with leading edge of 'func_clk'
Beginpoint: cin         (v) triggered by leading edge of 'func_clk'
Other End Arrival Time           1000
- External Delay                  600
= Required Time                   400
- Arrival Time                   1944
= Slack Time                    -1544
    Clock Rise Edge                        0
    + Input Delay                        400
    = Beginpoint Arrival Time            400
---------------------------------------------------------------------------------------
               Pin            Edge    Cell    Fanout Load Slew Delay  Arrival Required 
                                                     (fF) (ps)  (ps) Time(ps) Time(ps) 
---------------------------------------------------------------------------------------
       cin                    v                    2  2.6    0    +0      400    -1144 
       carry_unit1/g43/B      v                                   +0      400    -1144 
       carry_unit1/g43/Y      ^     NAND2X6        1  1.6   32   +15      415    -1129 
       carry_unit1/g42/B      ^                                   +0      415    -1129 
       carry_unit1/g42/Y      v     NAND2X4        2  1.1   52   +53      468    -1076 
       carry_unit1/g41/B      v                                   +0      468    -1076 
       carry_unit1/g41/Y      ^     NAND2X2        1  0.8   29   +43      511    -1033 
       carry_unit1/g2/B       ^                                   +0      511    -1033 
       carry_unit1/g2/Y       v     NAND2BX2       2  1.9   88   +73      584     -960 
       carry_unit1/g39/A1     v                                   +0      584     -960 
       carry_unit1/g39/Y      ^     AOI21X4        2  2.0   54   +87      672     -872 
       carry_unit1/g37/A1     ^                                   +0      672     -872 
       carry_unit1/g37/Y      v     OAI21X4        2  1.1   66   +77      748     -796 
       carry_unit2/g46/B      v                                   +0      748     -796 
       carry_unit2/g46/Y      ^     NAND2X2        1  0.8   30   +50      798     -746 
       carry_unit2/g45/B      ^                                   +0      798     -746 
       carry_unit2/g45/Y      v     NAND2X2        2  1.9   86   +73      871     -673 
       carry_unit2/g44/A1     v                                   +0      871     -673 
       carry_unit2/g44/Y      ^     AOI21X4        2  1.2   44   +82      953     -591 
       carry_unit2/g42/B      ^                                   +0      953     -591 
       carry_unit2/g42/Y      v     NOR2X2         1  0.7   31   +41      994     -550 
       carry_unit2/g41/B      v                                   +0      994     -550 
       carry_unit2/g41/Y      ^     NOR2X2         2  1.2   53   +51     1045     -499 
       carry_unit2/g39/B      ^                                   +0     1045     -499 
       carry_unit2/g39/Y      v     NOR2X2         1  0.7   31   +46     1091     -454 
       carry_unit2/g38/B      v                                   +0     1091     -454 
       carry_unit2/g38/Y      ^     NOR2X2         1  0.8   45   +46     1136     -408 
       carry_unit2/g37/A      ^                                   +0     1136     -408 
       carry_unit2/g37/Y      v     INVX2          2  1.8   38   +46     1183     -361 
       carry_unit3/g45/B      v                                   +0     1183     -361 
       carry_unit3/g45/Y      ^     NAND2X4        1  1.6   27   +34     1217     -328 
       carry_unit3/g44/B      ^                                   +0     1217     -328 
       carry_unit3/g44/Y      v     NAND2X4        2  3.3   82   +68     1285     -260 
       carry_unit3/g43/B      v                                   +0     1285     -260 
       carry_unit3/g43/Y      ^     NAND2X8        1  3.2   35   +52     1336     -208 
       carry_unit3/g42/B      ^                                   +0     1336     -208 
       carry_unit3/g42/Y      v     NAND2X8        2  1.9   54   +54     1391     -154 
       carry_unit3/g41/A1     v                                   +0     1391     -154 
       carry_unit3/g41/Y      ^     AOI21X4        2  2.0   53   +72     1462      -82 
       carry_unit3/g39/B      ^                                   +0     1462      -82 
       carry_unit3/g39/Y      v     NOR2X4         1  0.7   29   +41     1503      -41 
       carry_unit3/g38/B      v                                   +0     1503      -41 
       carry_unit3/g38/Y      ^     NOR2X2         1  0.8   44   +45     1548        4 
       carry_unit3/g37/A      ^                                   +0     1548        4 
       carry_unit3/g37/Y      v     INVX2          2  1.8   38   +46     1594       50 
       carry_unit4/g43/B      v                                   +0     1594       50 
       carry_unit4/g43/Y      ^     NAND2X4        1  1.6   27   +34     1628       84 
       carry_unit4/g42/B      ^                                   +0     1628       84 
       carry_unit4/g42/Y      v     NAND2X4        2  1.9   63   +57     1685      141 
       carry_unit4/g41/A1     v                                   +0     1685      141 
       carry_unit4/g41/Y      ^     AOI21X4        2  2.0   53   +76     1761      217 
       carry_unit4/g39/A1     ^                                   +0     1761      217 
       carry_unit4/g39/Y      v     OAI21X4        2  1.1   66   +76     1836      292 
       carry_unit4/g38/A1     v                                   +0     1836      292 
       carry_unit4/g38/Y      ^     AOI21X2        1  0.4   41   +73     1909      365 
       carry_unit4/g37/A      ^                                   +0     1909      365 
       carry_unit4/g37/Y      v     INVX1          1  0.0   16   +35     1944      400 
       carry_out16        <<< v                                   +0     1944      400 
---------------------------------------------------------------------------------------
Cost Group   : 'func_clk' (path_group 'func_clk')
