============================================================
  Generated by:           Genus(TM) Synthesis Solution 16.13-s036_1
  Generated on:           Oct 29 2024  12:00:45 pm
  Module:                 alu
  Technology library:     slow_vdd1v0 1.0
  Operating conditions:   PVT_0P9V_125C (balanced_tree)
  Wireload mode:          enclosed
  Area mode:              timing library
============================================================

Path 1: VIOLATED Late External Delay Assertion
Endpoint:   carry_out16 (v) checked with leading edge of 'func_clk'
Beginpoint: cin         (v) triggered by leading edge of 'func_clk'
Other End Arrival Time           1000
- External Delay                  600
= Required Time                   400
- Arrival Time                   2032
= Slack Time                    -1632
    Clock Rise Edge                        0
    + Input Delay                        400
    = Beginpoint Arrival Time            400
---------------------------------------------------------------------------------------
               Pin            Edge    Cell    Fanout Load Slew Delay  Arrival Required 
                                                     (fF) (ps)  (ps) Time(ps) Time(ps) 
---------------------------------------------------------------------------------------
       cin                    v                    2  0.7    0    +0      400    -1232 
       carry_unit1/g43/B      v                                   +0      400    -1232 
       carry_unit1/g43/Y      ^     NAND2X1        1  0.4   29   +16      416    -1216 
       carry_unit1/g42/B      ^                                   +0      416    -1216 
       carry_unit1/g42/Y      v     NAND2X1        2  0.7   73   +66      481    -1150 
       carry_unit1/g41/B      v                                   +0      481    -1150 
       carry_unit1/g41/Y      ^     NAND2X1        1  0.4   33   +57      538    -1093 
       carry_unit1/g2/B       ^                                   +0      538    -1093 
       carry_unit1/g2/Y       v     NAND2BX1       2  1.1   95   +80      619    -1013 
       carry_unit1/g39/A1     v                                   +0      619    -1013 
       carry_unit1/g39/Y      ^     AOI21X2        2  0.8   51   +92      711     -920 
       carry_unit1/g37/A1     ^                                   +0      711     -920 
       carry_unit1/g37/Y      v     OAI21X1        2  1.1  107  +102      813     -818 
       carry_unit2/g46/B      v                                   +0      813     -818 
       carry_unit2/g46/Y      ^     NAND2X2        1  0.8   36   +71      884     -747 
       carry_unit2/g45/B      ^                                   +0      884     -747 
       carry_unit2/g45/Y      v     NAND2X2        2  1.9   87   +76      960     -671 
       carry_unit2/g44/A1     v                                   +0      960     -671 
       carry_unit2/g44/Y      ^     AOI21X4        2  1.2   44   +82     1042     -589 
       carry_unit2/g42/B      ^                                   +0     1042     -589 
       carry_unit2/g42/Y      v     NOR2X2         1  0.7   31   +41     1084     -548 
       carry_unit2/g41/B      v                                   +0     1084     -548 
       carry_unit2/g41/Y      ^     NOR2X2         2  1.2   53   +51     1134     -497 
       carry_unit2/g39/B      ^                                   +0     1134     -497 
       carry_unit2/g39/Y      v     NOR2X2         1  0.7   31   +46     1180     -451 
       carry_unit2/g38/B      v                                   +0     1180     -451 
       carry_unit2/g38/Y      ^     NOR2X2         1  0.8   45   +46     1226     -406 
       carry_unit2/g37/A      ^                                   +0     1226     -406 
       carry_unit2/g37/Y      v     INVX2          2  1.8   38   +46     1272     -359 
       carry_unit3/g45/B      v                                   +0     1272     -359 
       carry_unit3/g45/Y      ^     NAND2X4        1  1.6   27   +34     1306     -325 
       carry_unit3/g44/B      ^                                   +0     1306     -325 
       carry_unit3/g44/Y      v     NAND2X4        2  2.6   72   +63     1369     -263 
       carry_unit3/g43/B      v                                   +0     1369     -263 
       carry_unit3/g43/Y      ^     NAND2X6        1  1.6   30   +47     1416     -216 
       carry_unit3/g42/B      ^                                   +0     1416     -216 
       carry_unit3/g42/Y      v     NAND2X4        2  1.9   63   +58     1474     -158 
       carry_unit3/g41/A1     v                                   +0     1474     -158 
       carry_unit3/g41/Y      ^     AOI21X4        2  2.0   53   +76     1550      -82 
       carry_unit3/g39/B      ^                                   +0     1550      -82 
       carry_unit3/g39/Y      v     NOR2X4         1  0.7   29   +41     1591      -41 
       carry_unit3/g38/B      v                                   +0     1591      -41 
       carry_unit3/g38/Y      ^     NOR2X2         1  0.8   44   +45     1635        4 
       carry_unit3/g37/A      ^                                   +0     1635        4 
       carry_unit3/g37/Y      v     INVX2          2  1.8   38   +46     1682       50 
       carry_unit4/g43/B      v                                   +0     1682       50 
       carry_unit4/g43/Y      ^     NAND2X4        1  1.6   27   +34     1715       84 
       carry_unit4/g42/B      ^                                   +0     1715       84 
       carry_unit4/g42/Y      v     NAND2X4        2  1.9   63   +57     1773      141 
       carry_unit4/g41/A1     v                                   +0     1773      141 
       carry_unit4/g41/Y      ^     AOI21X4        2  2.0   53   +76     1848      217 
       carry_unit4/g39/A1     ^                                   +0     1848      217 
       carry_unit4/g39/Y      v     OAI21X4        2  1.1   66   +76     1924      292 
       carry_unit4/g38/A1     v                                   +0     1924      292 
       carry_unit4/g38/Y      ^     AOI21X2        1  0.4   41   +73     1997      365 
       carry_unit4/g37/A      ^                                   +0     1997      365 
       carry_unit4/g37/Y      v     INVX1          1  0.0   16   +35     2032      400 
       carry_out16        <<< v                                   +0     2032      400 
---------------------------------------------------------------------------------------
Cost Group   : 'func_clk' (path_group 'func_clk')
