============================================================
  Generated by:           Genus(TM) Synthesis Solution 16.13-s036_1
  Generated on:           Oct 29 2024  12:00:47 pm
  Module:                 alu
  Technology library:     slow_vdd1v0 1.0
  Operating conditions:   PVT_0P9V_125C (balanced_tree)
  Wireload mode:          enclosed
  Area mode:              timing library
============================================================

path   1:

      Pin                   Type          Fanout Load Slew Delay Arrival   Location    
                                                 (fF) (ps)  (ps)   (ps)       (x,   y) 
---------------------------------------------------------------------------------------
(clock func_clk)       launch                                          0 R             
(alu.sdc_line_33)      ext delay                            +400     400 R             
cin               (u)  in port                 3  3.6    0    +0     400 R             
carry_unit1/cin 
  g772/in_1                                                   +0     400               
  g772/z          (u)  unmapped_complex2       1  1.2    0   +58     458 F             
  g750/in_0                                                   +0     458               
  g750/z          (u)  unmapped_nand2          3  3.6    0   +76     533 R             
carry_unit1/cout[4] 
carry_unit2/cin 
  g755/in_1                                                   +0     533               
  g755/z          (u)  unmapped_complex2       1  1.2    0   +58     591 F             
  g733/in_0                                                   +0     591               
  g733/z          (u)  unmapped_nand2          3  3.6    0   +76     666 R             
carry_unit2/cout[4] 
carry_unit3/cin 
  g756/in_1                                                   +0     666               
  g756/z          (u)  unmapped_complex2       1  1.2    0   +58     724 F             
  g734/in_0                                                   +0     724               
  g734/z          (u)  unmapped_nand2          3  3.6    0   +76     800 R             
carry_unit3/cout[4] 
carry_unit4/cin 
  g807/in_0                                                   +0     800               
  g807/z          (u)  unmapped_complex3       1  0.0    0  +113     913 R             
carry_unit4/cout[4] 
carry_out16            out port                               +0     913 R             
(alu.sdc_line_36)      ext delay                            +600    1513 R             
- - - - - - - - - - - - - - - - - - - - - - - - - - - - - - - - - - - - - - - - - - - -
(clock func_clk)       capture                                      1000 R             
---------------------------------------------------------------------------------------
Cost Group   : 'func_clk' (path_group 'func_clk')
Timing slack :    -513ps (TIMING VIOLATION)
Start-point  : cin
End-point    : carry_out16

(u) : Net has unmapped pin(s).

path   2:

      Pin                   Type          Fanout Load Slew Delay Arrival   Location    
                                                 (fF) (ps)  (ps)   (ps)       (x,   y) 
---------------------------------------------------------------------------------------
(clock func_clk)       launch                                          0 R             
(alu.sdc_line_33)      ext delay                            +400     400 R             
cin               (u)  in port                 3  3.6    0    +0     400 R             
carry_unit1/cin 
  g772/in_1                                                   +0     400               
  g772/z          (u)  unmapped_complex2       1  1.2    0   +58     458 F             
  g750/in_0                                                   +0     458               
  g750/z          (u)  unmapped_nand2          3  3.6    0   +76     533 R             
carry_unit1/cout[4] 
carry_unit2/cin 
  g755/in_1                                                   +0     533               
  g755/z          (u)  unmapped_complex2       1  1.2    0   +58     591 F             
  g733/in_0                                                   +0     591               
  g733/z          (u)  unmapped_nand2          3  3.6    0   +76     666 R             
carry_unit2/cout[4] 
carry_unit3/cin 
  g756/in_1                                                   +0     666               
  g756/z          (u)  unmapped_complex2       1  1.2    0   +58     724 F             
  g734/in_0                                                   +0     724               
  g734/z          (u)  unmapped_nand2          3  3.6    0   +76     800 R             
carry_unit3/cout[4] 
carry_unit4/cin 
  g800/in_1                                                   +0     800               
  g800/z          (u)  unmapped_complex3       2  2.4    0  +126     925 R             
  g776/in_1                                                   +0     925               
  g776/z          (u)  unmapped_complex3       2  2.4    0  +126    1051 R             
  g760/in_1                                                   +0    1051               
  g760/z          (u)  unmapped_complex3       1  1.2    0  +115    1166 R             
carry_unit4/cout[3] 
sum_unit/cout[15] 
  g661/in_1                                                   +0    1166               
  g661/z          (u)  unmapped_xor2           1  1.2    0  +131    1297 R             
  sum_reg[15]/d        unmapped_d_flop                        +0    1297               
  sum_reg[15]/clk      setup                             0  +119    1416 R             
---------------------------------------------------------------------------------------
Timing slack :  UNCONSTRAINED
Start-point  : cin
End-point    : sum_unit/sum_reg[15]/d

(u) : Net has unmapped pin(s).

path   3:

      Pin                   Type          Fanout Load Slew Delay Arrival   Location    
                                                 (fF) (ps)  (ps)   (ps)       (x,   y) 
---------------------------------------------------------------------------------------
(clock func_clk)       launch                                          0 R             
(alu.sdc_line_33)      ext delay                            +400     400 R             
cin               (u)  in port                 3  3.6    0    +0     400 R             
carry_unit1/cin 
  g772/in_1                                                   +0     400               
  g772/z          (u)  unmapped_complex2       1  1.2    0   +58     458 F             
  g750/in_0                                                   +0     458               
  g750/z          (u)  unmapped_nand2          3  3.6    0   +76     533 R             
carry_unit1/cout[4] 
carry_unit2/cin 
  g755/in_1                                                   +0     533               
  g755/z          (u)  unmapped_complex2       1  1.2    0   +58     591 F             
  g733/in_0                                                   +0     591               
  g733/z          (u)  unmapped_nand2          3  3.6    0   +76     666 R             
carry_unit2/cout[4] 
carry_unit3/cin 
  g756/in_1                                                   +0     666               
  g756/z          (u)  unmapped_complex2       1  1.2    0   +58     724 F             
  g734/in_0                                                   +0     724               
  g734/z          (u)  unmapped_nand2          3  3.6    0   +76     800 R             
carry_unit3/cout[4] 
carry_unit4/cin 
  g800/in_1                                                   +0     800               
  g800/z          (u)  unmapped_complex3       2  2.4    0  +126     925 R             
  g776/in_1                                                   +0     925               
  g776/z          (u)  unmapped_complex3       2  2.4    0  +126    1051 R             
carry_unit4/cout[2] 
sum_unit/cout[14] 
  g650/in_1                                                   +0    1051               
  g650/z          (u)  unmapped_xor2           1  1.2    0  +131    1182 R             
  sum_reg[14]/d        unmapped_d_flop                        +0    1182               
  sum_reg[14]/clk      setup                             0  +119    1301 R             
---------------------------------------------------------------------------------------
Timing slack :  UNCONSTRAINED
Start-point  : cin
End-point    : sum_unit/sum_reg[14]/d

(u) : Net has unmapped pin(s).

path   4:

      Pin                   Type          Fanout Load Slew Delay Arrival   Location    
                                                 (fF) (ps)  (ps)   (ps)       (x,   y) 
---------------------------------------------------------------------------------------
(clock func_clk)       launch                                          0 R             
(alu.sdc_line_33)      ext delay                            +400     400 R             
cin               (u)  in port                 3  3.6    0    +0     400 R             
carry_unit1/cin 
  g772/in_1                                                   +0     400               
  g772/z          (u)  unmapped_complex2       1  1.2    0   +58     458 F             
  g750/in_0                                                   +0     458               
  g750/z          (u)  unmapped_nand2          3  3.6    0   +76     533 R             
carry_unit1/cout[4] 
carry_unit2/cin 
  g755/in_1                                                   +0     533               
  g755/z          (u)  unmapped_complex2       1  1.2    0   +58     591 F             
  g733/in_0                                                   +0     591               
  g733/z          (u)  unmapped_nand2          3  3.6    0   +76     666 R             
carry_unit2/cout[4] 
carry_unit3/cin 
  g780/in_1                                                   +0     666               
  g780/z          (u)  unmapped_complex3       2  2.4    0  +126     792 R             
  g753/in_1                                                   +0     792               
  g753/z          (u)  unmapped_complex3       2  2.4    0  +126     917 R             
  g737/in_1                                                   +0     917               
  g737/z          (u)  unmapped_complex3       1  1.2    0  +115    1032 R             
carry_unit3/cout[3] 
sum_unit/cout[11] 
  g617/in_1                                                   +0    1032               
  g617/z          (u)  unmapped_xor2           1  1.2    0  +131    1164 R             
  sum_reg[11]/d        unmapped_d_flop                        +0    1164               
  sum_reg[11]/clk      setup                             0  +119    1283 R             
---------------------------------------------------------------------------------------
Timing slack :  UNCONSTRAINED
Start-point  : cin
End-point    : sum_unit/sum_reg[11]/d

(u) : Net has unmapped pin(s).

path   5:

      Pin                   Type          Fanout Load Slew Delay Arrival   Location    
                                                 (fF) (ps)  (ps)   (ps)       (x,   y) 
---------------------------------------------------------------------------------------
(clock func_clk)       launch                                          0 R             
(alu.sdc_line_33)      ext delay                            +400     400 R             
cin               (u)  in port                 3  3.6    0    +0     400 R             
carry_unit1/cin 
  g772/in_1                                                   +0     400               
  g772/z          (u)  unmapped_complex2       1  1.2    0   +58     458 F             
  g750/in_0                                                   +0     458               
  g750/z          (u)  unmapped_nand2          3  3.6    0   +76     533 R             
carry_unit1/cout[4] 
carry_unit2/cin 
  g755/in_1                                                   +0     533               
  g755/z          (u)  unmapped_complex2       1  1.2    0   +58     591 F             
  g733/in_0                                                   +0     591               
  g733/z          (u)  unmapped_nand2          3  3.6    0   +76     666 R             
carry_unit2/cout[4] 
carry_unit3/cin 
  g756/in_1                                                   +0     666               
  g756/z          (u)  unmapped_complex2       1  1.2    0   +58     724 F             
  g734/in_0                                                   +0     724               
  g734/z          (u)  unmapped_nand2          3  3.6    0   +76     800 R             
carry_unit3/cout[4] 
carry_unit4/cin 
  g800/in_1                                                   +0     800               
  g800/z          (u)  unmapped_complex3       2  2.4    0  +126     925 R             
carry_unit4/cout[1] 
sum_unit/cout[13] 
  g639/in_1                                                   +0     925               
  g639/z          (u)  unmapped_xor2           1  1.2    0  +131    1056 R             
  sum_reg[13]/d        unmapped_d_flop                        +0    1056               
  sum_reg[13]/clk      setup                             0  +119    1176 R             
---------------------------------------------------------------------------------------
Timing slack :  UNCONSTRAINED
Start-point  : cin
End-point    : sum_unit/sum_reg[13]/d

(u) : Net has unmapped pin(s).

path   6:

      Pin                   Type          Fanout Load Slew Delay Arrival   Location    
                                                 (fF) (ps)  (ps)   (ps)       (x,   y) 
---------------------------------------------------------------------------------------
(clock func_clk)       launch                                          0 R             
(alu.sdc_line_33)      ext delay                            +400     400 R             
cin               (u)  in port                 3  3.6    0    +0     400 R             
carry_unit1/cin 
  g772/in_1                                                   +0     400               
  g772/z          (u)  unmapped_complex2       1  1.2    0   +58     458 F             
  g750/in_0                                                   +0     458               
  g750/z          (u)  unmapped_nand2          3  3.6    0   +76     533 R             
carry_unit1/cout[4] 
carry_unit2/cin 
  g755/in_1                                                   +0     533               
  g755/z          (u)  unmapped_complex2       1  1.2    0   +58     591 F             
  g733/in_0                                                   +0     591               
  g733/z          (u)  unmapped_nand2          3  3.6    0   +76     666 R             
carry_unit2/cout[4] 
carry_unit3/cin 
  g780/in_1                                                   +0     666               
  g780/z          (u)  unmapped_complex3       2  2.4    0  +126     792 R             
  g753/in_1                                                   +0     792               
  g753/z          (u)  unmapped_complex3       2  2.4    0  +126     917 R             
carry_unit3/cout[2] 
sum_unit/cout[10] 
  g606/in_1                                                   +0     917               
  g606/z          (u)  unmapped_xor2           1  1.2    0  +131    1049 R             
  sum_reg[10]/d        unmapped_d_flop                        +0    1049               
  sum_reg[10]/clk      setup                             0  +119    1168 R             
---------------------------------------------------------------------------------------
Timing slack :  UNCONSTRAINED
Start-point  : cin
End-point    : sum_unit/sum_reg[10]/d

(u) : Net has unmapped pin(s).

path   7:

      Pin                   Type          Fanout Load Slew Delay Arrival   Location    
                                                 (fF) (ps)  (ps)   (ps)       (x,   y) 
---------------------------------------------------------------------------------------
(clock func_clk)       launch                                          0 R             
(alu.sdc_line_33)      ext delay                            +400     400 R             
cin               (u)  in port                 3  3.6    0    +0     400 R             
carry_unit1/cin 
  g772/in_1                                                   +0     400               
  g772/z          (u)  unmapped_complex2       1  1.2    0   +58     458 F             
  g750/in_0                                                   +0     458               
  g750/z          (u)  unmapped_nand2          3  3.6    0   +76     533 R             
carry_unit1/cout[4] 
carry_unit2/cin 
  g779/in_1                                                   +0     533               
  g779/z          (u)  unmapped_complex3       2  2.4    0  +126     659 R             
  g752/in_1                                                   +0     659               
  g752/z          (u)  unmapped_complex3       2  2.4    0  +126     784 R             
  g736/in_1                                                   +0     784               
  g736/z          (u)  unmapped_complex3       1  1.2    0  +115     899 R             
carry_unit2/cout[3] 
sum_unit/cout[7] 
  g573/in_1                                                   +0     899               
  g573/z          (u)  unmapped_xor2           1  1.2    0  +131    1030 R             
  sum_reg[7]/d         unmapped_d_flop                        +0    1030               
  sum_reg[7]/clk       setup                             0  +119    1150 R             
---------------------------------------------------------------------------------------
Timing slack :  UNCONSTRAINED
Start-point  : cin
End-point    : sum_unit/sum_reg[7]/d

(u) : Net has unmapped pin(s).

path   8:

      Pin                   Type          Fanout Load Slew Delay Arrival   Location    
                                                 (fF) (ps)  (ps)   (ps)       (x,   y) 
---------------------------------------------------------------------------------------
(clock func_clk)       launch                                          0 R             
(alu.sdc_line_33)      ext delay                            +400     400 R             
cin               (u)  in port                 3  3.6    0    +0     400 R             
carry_unit1/cin 
  g772/in_1                                                   +0     400               
  g772/z          (u)  unmapped_complex2       1  1.2    0   +58     458 F             
  g750/in_0                                                   +0     458               
  g750/z          (u)  unmapped_nand2          3  3.6    0   +76     533 R             
carry_unit1/cout[4] 
carry_unit2/cin 
  g755/in_1                                                   +0     533               
  g755/z          (u)  unmapped_complex2       1  1.2    0   +58     591 F             
  g733/in_0                                                   +0     591               
  g733/z          (u)  unmapped_nand2          3  3.6    0   +76     666 R             
carry_unit2/cout[4] 
carry_unit3/cin 
  g756/in_1                                                   +0     666               
  g756/z          (u)  unmapped_complex2       1  1.2    0   +58     724 F             
  g734/in_0                                                   +0     724               
  g734/z          (u)  unmapped_nand2          3  3.6    0   +76     800 R             
carry_unit3/cout[4] 
sum_unit/cout[12] 
  g672/in_0                                                   +0     800               
  g672/z          (u)  unmapped_xor2           1  1.2    0  +131     931 R             
  sum_reg[12]/d        unmapped_d_flop                        +0     931               
  sum_reg[12]/clk      setup                             0  +119    1050 R             
---------------------------------------------------------------------------------------
Timing slack :  UNCONSTRAINED
Start-point  : cin
End-point    : sum_unit/sum_reg[12]/d

(u) : Net has unmapped pin(s).

path   9:

      Pin                   Type          Fanout Load Slew Delay Arrival   Location    
                                                 (fF) (ps)  (ps)   (ps)       (x,   y) 
---------------------------------------------------------------------------------------
(clock func_clk)       launch                                          0 R             
(alu.sdc_line_33)      ext delay                            +400     400 R             
cin               (u)  in port                 3  3.6    0    +0     400 R             
carry_unit1/cin 
  g772/in_1                                                   +0     400               
  g772/z          (u)  unmapped_complex2       1  1.2    0   +58     458 F             
  g750/in_0                                                   +0     458               
  g750/z          (u)  unmapped_nand2          3  3.6    0   +76     533 R             
carry_unit1/cout[4] 
carry_unit2/cin 
  g755/in_1                                                   +0     533               
  g755/z          (u)  unmapped_complex2       1  1.2    0   +58     591 F             
  g733/in_0                                                   +0     591               
  g733/z          (u)  unmapped_nand2          3  3.6    0   +76     666 R             
carry_unit2/cout[4] 
carry_unit3/cin 
  g780/in_1                                                   +0     666               
  g780/z          (u)  unmapped_complex3       2  2.4    0  +126     792 R             
carry_unit3/cout[1] 
sum_unit/cout[9] 
  g595/in_1                                                   +0     792               
  g595/z          (u)  unmapped_xor2           1  1.2    0  +131     923 R             
  sum_reg[9]/d         unmapped_d_flop                        +0     923               
  sum_reg[9]/clk       setup                             0  +119    1042 R             
---------------------------------------------------------------------------------------
Timing slack :  UNCONSTRAINED
Start-point  : cin
End-point    : sum_unit/sum_reg[9]/d

(u) : Net has unmapped pin(s).

path  10:

      Pin                   Type          Fanout Load Slew Delay Arrival   Location    
                                                 (fF) (ps)  (ps)   (ps)       (x,   y) 
---------------------------------------------------------------------------------------
(clock func_clk)       launch                                          0 R             
(alu.sdc_line_33)      ext delay                            +400     400 R             
cin               (u)  in port                 3  3.6    0    +0     400 R             
carry_unit1/cin 
  g772/in_1                                                   +0     400               
  g772/z          (u)  unmapped_complex2       1  1.2    0   +58     458 F             
  g750/in_0                                                   +0     458               
  g750/z          (u)  unmapped_nand2          3  3.6    0   +76     533 R             
carry_unit1/cout[4] 
carry_unit2/cin 
  g779/in_1                                                   +0     533               
  g779/z          (u)  unmapped_complex3       2  2.4    0  +126     659 R             
  g752/in_1                                                   +0     659               
  g752/z          (u)  unmapped_complex3       2  2.4    0  +126     784 R             
carry_unit2/cout[2] 
sum_unit/cout[6] 
  g562/in_1                                                   +0     784               
  g562/z          (u)  unmapped_xor2           1  1.2    0  +131     915 R             
  sum_reg[6]/d         unmapped_d_flop                        +0     915               
  sum_reg[6]/clk       setup                             0  +119    1035 R             
---------------------------------------------------------------------------------------
Timing slack :  UNCONSTRAINED
Start-point  : cin
End-point    : sum_unit/sum_reg[6]/d

(u) : Net has unmapped pin(s).

path  11:

      Pin                   Type          Fanout Load Slew Delay Arrival   Location    
                                                 (fF) (ps)  (ps)   (ps)       (x,   y) 
---------------------------------------------------------------------------------------
(clock func_clk)       launch                                          0 R             
(alu.sdc_line_33)      ext delay                            +400     400 R             
cin               (u)  in port                 3  3.6    0    +0     400 R             
carry_unit1/cin 
  g796/in_1                                                   +0     400               
  g796/z          (u)  unmapped_complex3       2  2.4    0  +126     526 R             
  g769/in_1                                                   +0     526               
  g769/z          (u)  unmapped_complex3       2  2.4    0  +126     651 R             
  g753/in_1                                                   +0     651               
  g753/z          (u)  unmapped_complex3       1  1.2    0  +115     766 R             
carry_unit1/cout[3] 
sum_unit/cout[3] 
  g705/in_1                                                   +0     766               
  g705/z          (u)  unmapped_xor2           1  1.2    0  +131     897 R             
  sum_reg[3]/d         unmapped_d_flop                        +0     897               
  sum_reg[3]/clk       setup                             0  +119    1016 R             
---------------------------------------------------------------------------------------
Timing slack :  UNCONSTRAINED
Start-point  : cin
End-point    : sum_unit/sum_reg[3]/d

(u) : Net has unmapped pin(s).

path  12:

      Pin                   Type          Fanout Load Slew Delay Arrival   Location    
                                                 (fF) (ps)  (ps)   (ps)       (x,   y) 
---------------------------------------------------------------------------------------
(clock func_clk)       launch                                          0 R             
(alu.sdc_line_33)      ext delay                            +400     400 R             
cin               (u)  in port                 3  3.6    0    +0     400 R             
carry_unit1/cin 
  g772/in_1                                                   +0     400               
  g772/z          (u)  unmapped_complex2       1  1.2    0   +58     458 F             
  g750/in_0                                                   +0     458               
  g750/z          (u)  unmapped_nand2          3  3.6    0   +76     533 R             
carry_unit1/cout[4] 
carry_unit2/cin 
  g755/in_1                                                   +0     533               
  g755/z          (u)  unmapped_complex2       1  1.2    0   +58     591 F             
  g733/in_0                                                   +0     591               
  g733/z          (u)  unmapped_nand2          3  3.6    0   +76     666 R             
carry_unit2/cout[4] 
sum_unit/cout[8] 
  g540/in_0                                                   +0     666               
  g540/z          (u)  unmapped_xor2           1  1.2    0  +131     798 R             
  sum_reg[8]/d         unmapped_d_flop                        +0     798               
  sum_reg[8]/clk       setup                             0  +119     917 R             
---------------------------------------------------------------------------------------
Timing slack :  UNCONSTRAINED
Start-point  : cin
End-point    : sum_unit/sum_reg[8]/d

(u) : Net has unmapped pin(s).

path  13:

      Pin                   Type          Fanout Load Slew Delay Arrival   Location    
                                                 (fF) (ps)  (ps)   (ps)       (x,   y) 
---------------------------------------------------------------------------------------
(clock func_clk)       launch                                          0 R             
(alu.sdc_line_33)      ext delay                            +400     400 R             
cin               (u)  in port                 3  3.6    0    +0     400 R             
carry_unit1/cin 
  g772/in_1                                                   +0     400               
  g772/z          (u)  unmapped_complex2       1  1.2    0   +58     458 F             
  g750/in_0                                                   +0     458               
  g750/z          (u)  unmapped_nand2          3  3.6    0   +76     533 R             
carry_unit1/cout[4] 
carry_unit2/cin 
  g779/in_1                                                   +0     533               
  g779/z          (u)  unmapped_complex3       2  2.4    0  +126     659 R             
carry_unit2/cout[1] 
sum_unit/cout[5] 
  g551/in_1                                                   +0     659               
  g551/z          (u)  unmapped_xor2           1  1.2    0  +131     790 R             
  sum_reg[5]/d         unmapped_d_flop                        +0     790               
  sum_reg[5]/clk       setup                             0  +119     909 R             
---------------------------------------------------------------------------------------
Timing slack :  UNCONSTRAINED
Start-point  : cin
End-point    : sum_unit/sum_reg[5]/d

(u) : Net has unmapped pin(s).

path  14:

      Pin                   Type          Fanout Load Slew Delay Arrival   Location    
                                                 (fF) (ps)  (ps)   (ps)       (x,   y) 
---------------------------------------------------------------------------------------
(clock func_clk)       launch                                          0 R             
(alu.sdc_line_33)      ext delay                            +400     400 R             
cin               (u)  in port                 3  3.6    0    +0     400 R             
carry_unit1/cin 
  g796/in_1                                                   +0     400               
  g796/z          (u)  unmapped_complex3       2  2.4    0  +126     526 R             
  g769/in_1                                                   +0     526               
  g769/z          (u)  unmapped_complex3       2  2.4    0  +126     651 R             
carry_unit1/cout[2] 
sum_unit/cout[2] 
  g694/in_1                                                   +0     651               
  g694/z          (u)  unmapped_xor2           1  1.2    0  +131     782 R             
  sum_reg[2]/d         unmapped_d_flop                        +0     782               
  sum_reg[2]/clk       setup                             0  +119     902 R             
---------------------------------------------------------------------------------------
Timing slack :  UNCONSTRAINED
Start-point  : cin
End-point    : sum_unit/sum_reg[2]/d

(u) : Net has unmapped pin(s).

path  15:

      Pin                   Type          Fanout Load Slew Delay Arrival   Location    
                                                 (fF) (ps)  (ps)   (ps)       (x,   y) 
---------------------------------------------------------------------------------------
(clock func_clk)       launch                                          0 R             
(alu.sdc_line_33)      ext delay                            +400     400 R             
cin               (u)  in port                 3  3.6    0    +0     400 R             
carry_unit1/cin 
  g772/in_1                                                   +0     400               
  g772/z          (u)  unmapped_complex2       1  1.2    0   +58     458 F             
  g750/in_0                                                   +0     458               
  g750/z          (u)  unmapped_nand2          3  3.6    0   +76     533 R             
carry_unit1/cout[4] 
sum_unit/cout[4] 
  g584/in_0                                                   +0     533               
  g584/z          (u)  unmapped_xor2           1  1.2    0  +131     664 R             
  sum_reg[4]/d         unmapped_d_flop                        +0     664               
  sum_reg[4]/clk       setup                             0  +119     784 R             
---------------------------------------------------------------------------------------
Timing slack :  UNCONSTRAINED
Start-point  : cin
End-point    : sum_unit/sum_reg[4]/d

(u) : Net has unmapped pin(s).

path  16:

      Pin                   Type          Fanout Load Slew Delay Arrival   Location    
                                                 (fF) (ps)  (ps)   (ps)       (x,   y) 
---------------------------------------------------------------------------------------
(clock func_clk)       launch                                          0 R             
(alu.sdc_line_33)      ext delay                            +400     400 R             
cin               (u)  in port                 3  3.6    0    +0     400 R             
carry_unit1/cin 
  g796/in_1                                                   +0     400               
  g796/z          (u)  unmapped_complex3       2  2.4    0  +126     526 R             
carry_unit1/cout[1] 
sum_unit/cout[1] 
  g683/in_1                                                   +0     526               
  g683/z          (u)  unmapped_xor2           1  1.2    0  +131     657 R             
  sum_reg[1]/d         unmapped_d_flop                        +0     657               
  sum_reg[1]/clk       setup                             0  +119     776 R             
---------------------------------------------------------------------------------------
Timing slack :  UNCONSTRAINED
Start-point  : cin
End-point    : sum_unit/sum_reg[1]/d

(u) : Net has unmapped pin(s).

path  17:

      Pin                  Type         Fanout Load Slew Delay Arrival   Location    
                                               (fF) (ps)  (ps)   (ps)       (x,   y) 
-------------------------------------------------------------------------------------
(clock func_clk)       launch                                        0 R             
(alu.sdc_line_33)      ext delay                          +400     400 R             
cin               (u)  in port               3  3.6    0    +0     400 R             
sum_unit/cin 
  g628/in_1                                                 +0     400               
  g628/z          (u)  unmapped_xor2         1  1.2    0  +131     531 R             
  sum_reg[0]/d         unmapped_d_flop                      +0     531               
  sum_reg[0]/clk       setup                           0  +119     650 R             
-------------------------------------------------------------------------------------
Timing slack :  UNCONSTRAINED
Start-point  : cin
End-point    : sum_unit/sum_reg[0]/d

(u) : Net has unmapped pin(s).

path  18:

      Pin                 Type         Fanout Load Slew Delay Arrival   Location    
                                              (fF) (ps)  (ps)   (ps)       (x,   y) 
------------------------------------------------------------------------------------
sum_unit
  sum_reg[0]/clk                                      0             0 R             
  sum_reg[0]/q   (u)  unmapped_d_flop       1  0.0    0  +305     305 R             
sum_unit/sum[0] 
sum[0]                out port                             +0     305 R             
------------------------------------------------------------------------------------
Timing slack :  UNCONSTRAINED
Start-point  : sum_unit/sum_reg[0]/clk
End-point    : sum[0]

(u) : Net has unmapped pin(s).

path  19:

      Pin                 Type         Fanout Load Slew Delay Arrival   Location    
                                              (fF) (ps)  (ps)   (ps)       (x,   y) 
------------------------------------------------------------------------------------
sum_unit
  sum_reg[1]/clk                                      0             0 R             
  sum_reg[1]/q   (u)  unmapped_d_flop       1  0.0    0  +305     305 R             
sum_unit/sum[1] 
sum[1]                out port                             +0     305 R             
------------------------------------------------------------------------------------
Timing slack :  UNCONSTRAINED
Start-point  : sum_unit/sum_reg[1]/clk
End-point    : sum[1]

(u) : Net has unmapped pin(s).

path  20:

      Pin                 Type         Fanout Load Slew Delay Arrival   Location    
                                              (fF) (ps)  (ps)   (ps)       (x,   y) 
------------------------------------------------------------------------------------
sum_unit
  sum_reg[2]/clk                                      0             0 R             
  sum_reg[2]/q   (u)  unmapped_d_flop       1  0.0    0  +305     305 R             
sum_unit/sum[2] 
sum[2]                out port                             +0     305 R             
------------------------------------------------------------------------------------
Timing slack :  UNCONSTRAINED
Start-point  : sum_unit/sum_reg[2]/clk
End-point    : sum[2]

(u) : Net has unmapped pin(s).

path  21:

      Pin                 Type         Fanout Load Slew Delay Arrival   Location    
                                              (fF) (ps)  (ps)   (ps)       (x,   y) 
------------------------------------------------------------------------------------
sum_unit
  sum_reg[3]/clk                                      0             0 R             
  sum_reg[3]/q   (u)  unmapped_d_flop       1  0.0    0  +305     305 R             
sum_unit/sum[3] 
sum[3]                out port                             +0     305 R             
------------------------------------------------------------------------------------
Timing slack :  UNCONSTRAINED
Start-point  : sum_unit/sum_reg[3]/clk
End-point    : sum[3]

(u) : Net has unmapped pin(s).

path  22:

      Pin                 Type         Fanout Load Slew Delay Arrival   Location    
                                              (fF) (ps)  (ps)   (ps)       (x,   y) 
------------------------------------------------------------------------------------
sum_unit
  sum_reg[4]/clk                                      0             0 R             
  sum_reg[4]/q   (u)  unmapped_d_flop       1  0.0    0  +305     305 R             
sum_unit/sum[4] 
sum[4]                out port                             +0     305 R             
------------------------------------------------------------------------------------
Timing slack :  UNCONSTRAINED
Start-point  : sum_unit/sum_reg[4]/clk
End-point    : sum[4]

(u) : Net has unmapped pin(s).

path  23:

      Pin                 Type         Fanout Load Slew Delay Arrival   Location    
                                              (fF) (ps)  (ps)   (ps)       (x,   y) 
------------------------------------------------------------------------------------
sum_unit
  sum_reg[5]/clk                                      0             0 R             
  sum_reg[5]/q   (u)  unmapped_d_flop       1  0.0    0  +305     305 R             
sum_unit/sum[5] 
sum[5]                out port                             +0     305 R             
------------------------------------------------------------------------------------
Timing slack :  UNCONSTRAINED
Start-point  : sum_unit/sum_reg[5]/clk
End-point    : sum[5]

(u) : Net has unmapped pin(s).

path  24:

      Pin                 Type         Fanout Load Slew Delay Arrival   Location    
                                              (fF) (ps)  (ps)   (ps)       (x,   y) 
------------------------------------------------------------------------------------
sum_unit
  sum_reg[6]/clk                                      0             0 R             
  sum_reg[6]/q   (u)  unmapped_d_flop       1  0.0    0  +305     305 R             
sum_unit/sum[6] 
sum[6]                out port                             +0     305 R             
------------------------------------------------------------------------------------
Timing slack :  UNCONSTRAINED
Start-point  : sum_unit/sum_reg[6]/clk
End-point    : sum[6]

(u) : Net has unmapped pin(s).

path  25:

      Pin                 Type         Fanout Load Slew Delay Arrival   Location    
                                              (fF) (ps)  (ps)   (ps)       (x,   y) 
------------------------------------------------------------------------------------
sum_unit
  sum_reg[7]/clk                                      0             0 R             
  sum_reg[7]/q   (u)  unmapped_d_flop       1  0.0    0  +305     305 R             
sum_unit/sum[7] 
sum[7]                out port                             +0     305 R             
------------------------------------------------------------------------------------
Timing slack :  UNCONSTRAINED
Start-point  : sum_unit/sum_reg[7]/clk
End-point    : sum[7]

(u) : Net has unmapped pin(s).

path  26:

      Pin                 Type         Fanout Load Slew Delay Arrival   Location    
                                              (fF) (ps)  (ps)   (ps)       (x,   y) 
------------------------------------------------------------------------------------
sum_unit
  sum_reg[8]/clk                                      0             0 R             
  sum_reg[8]/q   (u)  unmapped_d_flop       1  0.0    0  +305     305 R             
sum_unit/sum[8] 
sum[8]                out port                             +0     305 R             
------------------------------------------------------------------------------------
Timing slack :  UNCONSTRAINED
Start-point  : sum_unit/sum_reg[8]/clk
End-point    : sum[8]

(u) : Net has unmapped pin(s).

path  27:

      Pin                 Type         Fanout Load Slew Delay Arrival   Location    
                                              (fF) (ps)  (ps)   (ps)       (x,   y) 
------------------------------------------------------------------------------------
sum_unit
  sum_reg[9]/clk                                      0             0 R             
  sum_reg[9]/q   (u)  unmapped_d_flop       1  0.0    0  +305     305 R             
sum_unit/sum[9] 
sum[9]                out port                             +0     305 R             
------------------------------------------------------------------------------------
Timing slack :  UNCONSTRAINED
Start-point  : sum_unit/sum_reg[9]/clk
End-point    : sum[9]

(u) : Net has unmapped pin(s).

path  28:

      Pin                  Type         Fanout Load Slew Delay Arrival   Location    
                                               (fF) (ps)  (ps)   (ps)       (x,   y) 
-------------------------------------------------------------------------------------
sum_unit
  sum_reg[10]/clk                                      0             0 R             
  sum_reg[10]/q   (u)  unmapped_d_flop       1  0.0    0  +305     305 R             
sum_unit/sum[10] 
sum[10]                out port                             +0     305 R             
-------------------------------------------------------------------------------------
Timing slack :  UNCONSTRAINED
Start-point  : sum_unit/sum_reg[10]/clk
End-point    : sum[10]

(u) : Net has unmapped pin(s).

path  29:

      Pin                  Type         Fanout Load Slew Delay Arrival   Location    
                                               (fF) (ps)  (ps)   (ps)       (x,   y) 
-------------------------------------------------------------------------------------
sum_unit
  sum_reg[11]/clk                                      0             0 R             
  sum_reg[11]/q   (u)  unmapped_d_flop       1  0.0    0  +305     305 R             
sum_unit/sum[11] 
sum[11]                out port                             +0     305 R             
-------------------------------------------------------------------------------------
Timing slack :  UNCONSTRAINED
Start-point  : sum_unit/sum_reg[11]/clk
End-point    : sum[11]

(u) : Net has unmapped pin(s).

path  30:

      Pin                  Type         Fanout Load Slew Delay Arrival   Location    
                                               (fF) (ps)  (ps)   (ps)       (x,   y) 
-------------------------------------------------------------------------------------
sum_unit
  sum_reg[12]/clk                                      0             0 R             
  sum_reg[12]/q   (u)  unmapped_d_flop       1  0.0    0  +305     305 R             
sum_unit/sum[12] 
sum[12]                out port                             +0     305 R             
-------------------------------------------------------------------------------------
Timing slack :  UNCONSTRAINED
Start-point  : sum_unit/sum_reg[12]/clk
End-point    : sum[12]

(u) : Net has unmapped pin(s).

path  31:

      Pin                  Type         Fanout Load Slew Delay Arrival   Location    
                                               (fF) (ps)  (ps)   (ps)       (x,   y) 
-------------------------------------------------------------------------------------
sum_unit
  sum_reg[13]/clk                                      0             0 R             
  sum_reg[13]/q   (u)  unmapped_d_flop       1  0.0    0  +305     305 R             
sum_unit/sum[13] 
sum[13]                out port                             +0     305 R             
-------------------------------------------------------------------------------------
Timing slack :  UNCONSTRAINED
Start-point  : sum_unit/sum_reg[13]/clk
End-point    : sum[13]

(u) : Net has unmapped pin(s).

path  32:

      Pin                  Type         Fanout Load Slew Delay Arrival   Location    
                                               (fF) (ps)  (ps)   (ps)       (x,   y) 
-------------------------------------------------------------------------------------
sum_unit
  sum_reg[14]/clk                                      0             0 R             
  sum_reg[14]/q   (u)  unmapped_d_flop       1  0.0    0  +305     305 R             
sum_unit/sum[14] 
sum[14]                out port                             +0     305 R             
-------------------------------------------------------------------------------------
Timing slack :  UNCONSTRAINED
Start-point  : sum_unit/sum_reg[14]/clk
End-point    : sum[14]

(u) : Net has unmapped pin(s).

path  33:

      Pin                  Type         Fanout Load Slew Delay Arrival   Location    
                                               (fF) (ps)  (ps)   (ps)       (x,   y) 
-------------------------------------------------------------------------------------
sum_unit
  sum_reg[15]/clk                                      0             0 R             
  sum_reg[15]/q   (u)  unmapped_d_flop       1  0.0    0  +305     305 R             
sum_unit/sum[15] 
sum[15]                out port                             +0     305 R             
-------------------------------------------------------------------------------------
Timing slack :  UNCONSTRAINED
Start-point  : sum_unit/sum_reg[15]/clk
End-point    : sum[15]

(u) : Net has unmapped pin(s).

path  34:

      Pin                      Type         Fanout Load Slew Delay Arrival   Location    
                                                   (fF) (ps)  (ps)   (ps)       (x,   y) 
-----------------------------------------------------------------------------------------
clk               (i) (u)  in port              16  0.0    0    +0       0 R             
sum_unit/clk (i)
  sum_reg[15]/clk          unmapped_d_flop                      +0       0               
-----------------------------------------------------------------------------------------
Timing slack :  UNCONSTRAINED
Start-point  : clk
End-point    : sum_unit/sum_reg[15]/clk

(u) : Net has unmapped pin(s).
(i) : Net is ideal.

path  35:

      Pin                      Type         Fanout Load Slew Delay Arrival   Location    
                                                   (fF) (ps)  (ps)   (ps)       (x,   y) 
-----------------------------------------------------------------------------------------
clk               (i) (u)  in port              16  0.0    0    +0       0 R             
sum_unit/clk (i)
  sum_reg[14]/clk          unmapped_d_flop                      +0       0               
-----------------------------------------------------------------------------------------
Timing slack :  UNCONSTRAINED
Start-point  : clk
End-point    : sum_unit/sum_reg[14]/clk

(u) : Net has unmapped pin(s).
(i) : Net is ideal.

path  36:

      Pin                      Type         Fanout Load Slew Delay Arrival   Location    
                                                   (fF) (ps)  (ps)   (ps)       (x,   y) 
-----------------------------------------------------------------------------------------
clk               (i) (u)  in port              16  0.0    0    +0       0 R             
sum_unit/clk (i)
  sum_reg[13]/clk          unmapped_d_flop                      +0       0               
-----------------------------------------------------------------------------------------
Timing slack :  UNCONSTRAINED
Start-point  : clk
End-point    : sum_unit/sum_reg[13]/clk

(u) : Net has unmapped pin(s).
(i) : Net is ideal.

path  37:

      Pin                      Type         Fanout Load Slew Delay Arrival   Location    
                                                   (fF) (ps)  (ps)   (ps)       (x,   y) 
-----------------------------------------------------------------------------------------
clk               (i) (u)  in port              16  0.0    0    +0       0 R             
sum_unit/clk (i)
  sum_reg[12]/clk          unmapped_d_flop                      +0       0               
-----------------------------------------------------------------------------------------
Timing slack :  UNCONSTRAINED
Start-point  : clk
End-point    : sum_unit/sum_reg[12]/clk

(u) : Net has unmapped pin(s).
(i) : Net is ideal.

path  38:

      Pin                      Type         Fanout Load Slew Delay Arrival   Location    
                                                   (fF) (ps)  (ps)   (ps)       (x,   y) 
-----------------------------------------------------------------------------------------
clk               (i) (u)  in port              16  0.0    0    +0       0 R             
sum_unit/clk (i)
  sum_reg[11]/clk          unmapped_d_flop                      +0       0               
-----------------------------------------------------------------------------------------
Timing slack :  UNCONSTRAINED
Start-point  : clk
End-point    : sum_unit/sum_reg[11]/clk

(u) : Net has unmapped pin(s).
(i) : Net is ideal.

path  39:

      Pin                      Type         Fanout Load Slew Delay Arrival   Location    
                                                   (fF) (ps)  (ps)   (ps)       (x,   y) 
-----------------------------------------------------------------------------------------
clk               (i) (u)  in port              16  0.0    0    +0       0 R             
sum_unit/clk (i)
  sum_reg[10]/clk          unmapped_d_flop                      +0       0               
-----------------------------------------------------------------------------------------
Timing slack :  UNCONSTRAINED
Start-point  : clk
End-point    : sum_unit/sum_reg[10]/clk

(u) : Net has unmapped pin(s).
(i) : Net is ideal.

path  40:

      Pin                     Type         Fanout Load Slew Delay Arrival   Location    
                                                  (fF) (ps)  (ps)   (ps)       (x,   y) 
----------------------------------------------------------------------------------------
clk              (i) (u)  in port              16  0.0    0    +0       0 R             
sum_unit/clk (i)
  sum_reg[9]/clk          unmapped_d_flop                      +0       0               
----------------------------------------------------------------------------------------
Timing slack :  UNCONSTRAINED
Start-point  : clk
End-point    : sum_unit/sum_reg[9]/clk

(u) : Net has unmapped pin(s).
(i) : Net is ideal.

path  41:

      Pin                     Type         Fanout Load Slew Delay Arrival   Location    
                                                  (fF) (ps)  (ps)   (ps)       (x,   y) 
----------------------------------------------------------------------------------------
clk              (i) (u)  in port              16  0.0    0    +0       0 R             
sum_unit/clk (i)
  sum_reg[8]/clk          unmapped_d_flop                      +0       0               
----------------------------------------------------------------------------------------
Timing slack :  UNCONSTRAINED
Start-point  : clk
End-point    : sum_unit/sum_reg[8]/clk

(u) : Net has unmapped pin(s).
(i) : Net is ideal.

path  42:

      Pin                     Type         Fanout Load Slew Delay Arrival   Location    
                                                  (fF) (ps)  (ps)   (ps)       (x,   y) 
----------------------------------------------------------------------------------------
clk              (i) (u)  in port              16  0.0    0    +0       0 R             
sum_unit/clk (i)
  sum_reg[7]/clk          unmapped_d_flop                      +0       0               
----------------------------------------------------------------------------------------
Timing slack :  UNCONSTRAINED
Start-point  : clk
End-point    : sum_unit/sum_reg[7]/clk

(u) : Net has unmapped pin(s).
(i) : Net is ideal.

path  43:

      Pin                     Type         Fanout Load Slew Delay Arrival   Location    
                                                  (fF) (ps)  (ps)   (ps)       (x,   y) 
----------------------------------------------------------------------------------------
clk              (i) (u)  in port              16  0.0    0    +0       0 R             
sum_unit/clk (i)
  sum_reg[6]/clk          unmapped_d_flop                      +0       0               
----------------------------------------------------------------------------------------
Timing slack :  UNCONSTRAINED
Start-point  : clk
End-point    : sum_unit/sum_reg[6]/clk

(u) : Net has unmapped pin(s).
(i) : Net is ideal.

path  44:

      Pin                     Type         Fanout Load Slew Delay Arrival   Location    
                                                  (fF) (ps)  (ps)   (ps)       (x,   y) 
----------------------------------------------------------------------------------------
clk              (i) (u)  in port              16  0.0    0    +0       0 R             
sum_unit/clk (i)
  sum_reg[5]/clk          unmapped_d_flop                      +0       0               
----------------------------------------------------------------------------------------
Timing slack :  UNCONSTRAINED
Start-point  : clk
End-point    : sum_unit/sum_reg[5]/clk

(u) : Net has unmapped pin(s).
(i) : Net is ideal.

path  45:

      Pin                     Type         Fanout Load Slew Delay Arrival   Location    
                                                  (fF) (ps)  (ps)   (ps)       (x,   y) 
----------------------------------------------------------------------------------------
clk              (i) (u)  in port              16  0.0    0    +0       0 R             
sum_unit/clk (i)
  sum_reg[4]/clk          unmapped_d_flop                      +0       0               
----------------------------------------------------------------------------------------
Timing slack :  UNCONSTRAINED
Start-point  : clk
End-point    : sum_unit/sum_reg[4]/clk

(u) : Net has unmapped pin(s).
(i) : Net is ideal.

path  46:

      Pin                     Type         Fanout Load Slew Delay Arrival   Location    
                                                  (fF) (ps)  (ps)   (ps)       (x,   y) 
----------------------------------------------------------------------------------------
clk              (i) (u)  in port              16  0.0    0    +0       0 R             
sum_unit/clk (i)
  sum_reg[3]/clk          unmapped_d_flop                      +0       0               
----------------------------------------------------------------------------------------
Timing slack :  UNCONSTRAINED
Start-point  : clk
End-point    : sum_unit/sum_reg[3]/clk

(u) : Net has unmapped pin(s).
(i) : Net is ideal.

path  47:

      Pin                     Type         Fanout Load Slew Delay Arrival   Location    
                                                  (fF) (ps)  (ps)   (ps)       (x,   y) 
----------------------------------------------------------------------------------------
clk              (i) (u)  in port              16  0.0    0    +0       0 R             
sum_unit/clk (i)
  sum_reg[2]/clk          unmapped_d_flop                      +0       0               
----------------------------------------------------------------------------------------
Timing slack :  UNCONSTRAINED
Start-point  : clk
End-point    : sum_unit/sum_reg[2]/clk

(u) : Net has unmapped pin(s).
(i) : Net is ideal.

path  48:

      Pin                     Type         Fanout Load Slew Delay Arrival   Location    
                                                  (fF) (ps)  (ps)   (ps)       (x,   y) 
----------------------------------------------------------------------------------------
clk              (i) (u)  in port              16  0.0    0    +0       0 R             
sum_unit/clk (i)
  sum_reg[1]/clk          unmapped_d_flop                      +0       0               
----------------------------------------------------------------------------------------
Timing slack :  UNCONSTRAINED
Start-point  : clk
End-point    : sum_unit/sum_reg[1]/clk

(u) : Net has unmapped pin(s).
(i) : Net is ideal.

path  49:

      Pin                     Type         Fanout Load Slew Delay Arrival   Location    
                                                  (fF) (ps)  (ps)   (ps)       (x,   y) 
----------------------------------------------------------------------------------------
clk              (i) (u)  in port              16  0.0    0    +0       0 R             
sum_unit/clk (i)
  sum_reg[0]/clk          unmapped_d_flop                      +0       0               
----------------------------------------------------------------------------------------
Timing slack :  UNCONSTRAINED
Start-point  : clk
End-point    : sum_unit/sum_reg[0]/clk

(u) : Net has unmapped pin(s).
(i) : Net is ideal.
