============================================================
  Generated by:           Genus(TM) Synthesis Solution 16.13-s036_1
  Generated on:           Oct 29 2024  12:00:44 pm
  Module:                 alu
  Technology library:     slow_vdd1v0 1.0
  Operating conditions:   PVT_0P9V_125C (balanced_tree)
  Wireload mode:          enclosed
  Area mode:              timing library
============================================================

Timing
--------

  Clock  Period 
----------------
func_clk 1000.0 


  Cost     Critical           Violating 
  Group   Path Slack   TNS      Paths   
----------------------------------------
default     No paths       0            
func_clk     -1995.6   -1995          1 
----------------------------------------
Total                  -1995          1 

Instance Count
--------------
Leaf Instance Count             96 
Sequential Instance Count       16 
Combinational Instance Count    80 
Hierarchical Instance Count      6 

Area
----
Cell Area                          332.825
Physical Cell Area                 0.000
Total Cell Area (Cell+Physical)    332.825
Net Area                           0.000
Total Area (Cell+Physical+Net)     332.825

Runtime                            0.0 seconds
Elapsed Runtime                    22 seconds
Genus peak memory usage            482.39 
Innovus peak memory usage          no_value 
Hostname                           CadenceServer3.localdomain
