============================================================
  Generated by:           Genus(TM) Synthesis Solution 16.13-s036_1
  Generated on:           Oct 29 2024  12:00:45 pm
  Module:                 alu
  Technology library:     slow_vdd1v0 1.0
  Operating conditions:   PVT_0P9V_125C (balanced_tree)
  Wireload mode:          enclosed
  Area mode:              timing library
============================================================

path   1:

      Pin                   Type          Fanout Load Slew Delay Arrival   Location    
                                                 (fF) (ps)  (ps)   (ps)       (x,   y) 
---------------------------------------------------------------------------------------
(clock func_clk)       launch                                          0 R             
(alu.sdc_line_33)      ext delay                            +400     400 R             
cin               (u)  in port                 2  2.4    0    +0     400 R             
carry_unit1/cin 
  g85/in_0                                                    +0     400               
  g85/z           (u)  unmapped_nand2          1  1.2    0   +58     458 F             
  g80/in_0                                                    +0     458               
  g80/z           (u)  unmapped_nand2          2  2.4    0   +68     526 R             
  g75/in_0                                                    +0     526               
  g75/z           (u)  unmapped_nand2          1  1.2    0   +58     583 F             
  g51/in_1                                                    +0     583               
  g51/z           (u)  unmapped_complex2       2  2.4    0   +68     651 R             
  g70/in_0                                                    +0     651               
  g70/z           (u)  unmapped_complex3       2  2.4    0  +126     776 F             
  g89/in_0                                                    +0     776               
  g89/z           (u)  unmapped_complex3       2  2.4    0  +126     902 R             
carry_unit1/cout[4] 
carry_unit2/cin 
  g92/in_0                                                    +0     902               
  g92/z           (u)  unmapped_nand2          1  1.2    0   +58     960 F             
  g87/in_0                                                    +0     960               
  g87/z           (u)  unmapped_nand2          2  2.4    0   +68    1028 R             
  g82/in_0                                                    +0    1028               
  g82/z           (u)  unmapped_complex3       2  2.4    0  +126    1153 F             
  g72/in_0                                                    +0    1153               
  g72/z           (u)  unmapped_nor2           1  1.2    0   +58    1210 R             
  g67/in_0                                                    +0    1210               
  g67/z           (u)  unmapped_nor2           2  2.4    0   +68    1278 F             
  g61/in_0                                                    +0    1278               
  g61/z           (u)  unmapped_nor2           1  1.2    0   +58    1336 R             
  g56/in_0                                                    +0    1336               
  g56/z           (u)  unmapped_nor2           1  1.2    0   +58    1394 F             
  g51/in_0                                                    +0    1394               
  g51/z           (u)  unmapped_not            2  2.4    0   +33    1426 R             
carry_unit2/cout[4] 
carry_unit3/cin 
  g93/in_0                                                    +0    1426               
  g93/z           (u)  unmapped_nand2          1  1.2    0   +58    1484 F             
  g88/in_0                                                    +0    1484               
  g88/z           (u)  unmapped_nand2          2  2.4    0   +68    1552 R             
  g83/in_0                                                    +0    1552               
  g83/z           (u)  unmapped_nand2          1  1.2    0   +58    1609 F             
  g78/in_0                                                    +0    1609               
  g78/z           (u)  unmapped_nand2          2  2.4    0   +68    1677 R             
  g73/in_0                                                    +0    1677               
  g73/z           (u)  unmapped_complex3       2  2.4    0  +126    1803 F             
  g63/in_0                                                    +0    1803               
  g63/z           (u)  unmapped_nor2           1  1.2    0   +58    1860 R             
  g58/in_0                                                    +0    1860               
  g58/z           (u)  unmapped_nor2           1  1.2    0   +58    1918 F             
  g53/in_0                                                    +0    1918               
  g53/z           (u)  unmapped_not            2  2.4    0   +33    1951 R             
carry_unit3/cout[4] 
carry_unit4/cin 
  g90/in_0                                                    +0    1951               
  g90/z           (u)  unmapped_nand2          1  1.2    0   +58    2008 F             
  g85/in_0                                                    +0    2008               
  g85/z           (u)  unmapped_nand2          2  2.4    0   +68    2076 R             
  g80/in_0                                                    +0    2076               
  g80/z           (u)  unmapped_complex3       2  2.4    0  +126    2202 F             
  g94/in_0                                                    +0    2202               
  g94/z           (u)  unmapped_complex3       2  2.4    0  +126    2327 R             
  g61/in_0                                                    +0    2327               
  g61/z           (u)  unmapped_complex3       1  1.2    0  +115    2442 F             
  g52/in_0                                                    +0    2442               
  g52/z           (u)  unmapped_not            1  0.0    0   +20    2462 R             
carry_unit4/cout[4] 
carry_out16            out port                               +0    2462 R             
(alu.sdc_line_36)      ext delay                            +600    3062 R             
- - - - - - - - - - - - - - - - - - - - - - - - - - - - - - - - - - - - - - - - - - - -
(clock func_clk)       capture                                      1000 R             
---------------------------------------------------------------------------------------
Cost Group   : 'func_clk' (path_group 'func_clk')
Timing slack :   -2062ps (TIMING VIOLATION)
Start-point  : cin
End-point    : carry_out16

(u) : Net has unmapped pin(s).

path   2:

      Pin                   Type          Fanout Load Slew Delay Arrival   Location    
                                                 (fF) (ps)  (ps)   (ps)       (x,   y) 
---------------------------------------------------------------------------------------
(clock func_clk)       launch                                          0 R             
(alu.sdc_line_33)      ext delay                            +400     400 R             
cin               (u)  in port                 2  2.4    0    +0     400 R             
carry_unit1/cin 
  g85/in_0                                                    +0     400               
  g85/z           (u)  unmapped_nand2          1  1.2    0   +58     458 F             
  g80/in_0                                                    +0     458               
  g80/z           (u)  unmapped_nand2          2  2.4    0   +68     526 R             
  g75/in_0                                                    +0     526               
  g75/z           (u)  unmapped_nand2          1  1.2    0   +58     583 F             
  g51/in_1                                                    +0     583               
  g51/z           (u)  unmapped_complex2       2  2.4    0   +68     651 R             
  g70/in_0                                                    +0     651               
  g70/z           (u)  unmapped_complex3       2  2.4    0  +126     776 F             
  g89/in_0                                                    +0     776               
  g89/z           (u)  unmapped_complex3       2  2.4    0  +126     902 R             
carry_unit1/cout[4] 
carry_unit2/cin 
  g92/in_0                                                    +0     902               
  g92/z           (u)  unmapped_nand2          1  1.2    0   +58     960 F             
  g87/in_0                                                    +0     960               
  g87/z           (u)  unmapped_nand2          2  2.4    0   +68    1028 R             
  g82/in_0                                                    +0    1028               
  g82/z           (u)  unmapped_complex3       2  2.4    0  +126    1153 F             
  g72/in_0                                                    +0    1153               
  g72/z           (u)  unmapped_nor2           1  1.2    0   +58    1210 R             
  g67/in_0                                                    +0    1210               
  g67/z           (u)  unmapped_nor2           2  2.4    0   +68    1278 F             
  g61/in_0                                                    +0    1278               
  g61/z           (u)  unmapped_nor2           1  1.2    0   +58    1336 R             
  g56/in_0                                                    +0    1336               
  g56/z           (u)  unmapped_nor2           1  1.2    0   +58    1394 F             
  g51/in_0                                                    +0    1394               
  g51/z           (u)  unmapped_not            2  2.4    0   +33    1426 R             
carry_unit2/cout[4] 
carry_unit3/cin 
  g93/in_0                                                    +0    1426               
  g93/z           (u)  unmapped_nand2          1  1.2    0   +58    1484 F             
  g88/in_0                                                    +0    1484               
  g88/z           (u)  unmapped_nand2          2  2.4    0   +68    1552 R             
  g83/in_0                                                    +0    1552               
  g83/z           (u)  unmapped_nand2          1  1.2    0   +58    1609 F             
  g78/in_0                                                    +0    1609               
  g78/z           (u)  unmapped_nand2          2  2.4    0   +68    1677 R             
  g73/in_0                                                    +0    1677               
  g73/z           (u)  unmapped_complex3       2  2.4    0  +126    1803 F             
  g63/in_0                                                    +0    1803               
  g63/z           (u)  unmapped_nor2           1  1.2    0   +58    1860 R             
  g58/in_0                                                    +0    1860               
  g58/z           (u)  unmapped_nor2           1  1.2    0   +58    1918 F             
  g53/in_0                                                    +0    1918               
  g53/z           (u)  unmapped_not            2  2.4    0   +33    1951 R             
carry_unit3/cout[4] 
carry_unit4/cin 
  g90/in_0                                                    +0    1951               
  g90/z           (u)  unmapped_nand2          1  1.2    0   +58    2008 F             
  g85/in_0                                                    +0    2008               
  g85/z           (u)  unmapped_nand2          2  2.4    0   +68    2076 R             
  g80/in_0                                                    +0    2076               
  g80/z           (u)  unmapped_complex3       2  2.4    0  +126    2202 F             
  g94/in_0                                                    +0    2202               
  g94/z           (u)  unmapped_complex3       2  2.4    0  +126    2327 R             
carry_unit4/cout[3] 
sum_unit/cout[15] 
  g276/in_1                                                   +0    2327               
  g276/z          (u)  unmapped_xor2           1  1.2    0  +131    2458 R             
  sum_reg[15]/d        unmapped_d_flop                        +0    2458               
  sum_reg[15]/clk      setup                             0  +119    2578 R             
---------------------------------------------------------------------------------------
Timing slack :  UNCONSTRAINED
Start-point  : cin
End-point    : sum_unit/sum_reg[15]/d

(u) : Net has unmapped pin(s).

path   3:

      Pin                   Type          Fanout Load Slew Delay Arrival   Location    
                                                 (fF) (ps)  (ps)   (ps)       (x,   y) 
---------------------------------------------------------------------------------------
(clock func_clk)       launch                                          0 R             
(alu.sdc_line_33)      ext delay                            +400     400 R             
cin               (u)  in port                 2  2.4    0    +0     400 R             
carry_unit1/cin 
  g85/in_0                                                    +0     400               
  g85/z           (u)  unmapped_nand2          1  1.2    0   +58     458 F             
  g80/in_0                                                    +0     458               
  g80/z           (u)  unmapped_nand2          2  2.4    0   +68     526 R             
  g75/in_0                                                    +0     526               
  g75/z           (u)  unmapped_nand2          1  1.2    0   +58     583 F             
  g51/in_1                                                    +0     583               
  g51/z           (u)  unmapped_complex2       2  2.4    0   +68     651 R             
  g70/in_0                                                    +0     651               
  g70/z           (u)  unmapped_complex3       2  2.4    0  +126     776 F             
  g89/in_0                                                    +0     776               
  g89/z           (u)  unmapped_complex3       2  2.4    0  +126     902 R             
carry_unit1/cout[4] 
carry_unit2/cin 
  g92/in_0                                                    +0     902               
  g92/z           (u)  unmapped_nand2          1  1.2    0   +58     960 F             
  g87/in_0                                                    +0     960               
  g87/z           (u)  unmapped_nand2          2  2.4    0   +68    1028 R             
  g82/in_0                                                    +0    1028               
  g82/z           (u)  unmapped_complex3       2  2.4    0  +126    1153 F             
  g72/in_0                                                    +0    1153               
  g72/z           (u)  unmapped_nor2           1  1.2    0   +58    1210 R             
  g67/in_0                                                    +0    1210               
  g67/z           (u)  unmapped_nor2           2  2.4    0   +68    1278 F             
  g61/in_0                                                    +0    1278               
  g61/z           (u)  unmapped_nor2           1  1.2    0   +58    1336 R             
  g56/in_0                                                    +0    1336               
  g56/z           (u)  unmapped_nor2           1  1.2    0   +58    1394 F             
  g51/in_0                                                    +0    1394               
  g51/z           (u)  unmapped_not            2  2.4    0   +33    1426 R             
carry_unit2/cout[4] 
carry_unit3/cin 
  g93/in_0                                                    +0    1426               
  g93/z           (u)  unmapped_nand2          1  1.2    0   +58    1484 F             
  g88/in_0                                                    +0    1484               
  g88/z           (u)  unmapped_nand2          2  2.4    0   +68    1552 R             
  g83/in_0                                                    +0    1552               
  g83/z           (u)  unmapped_nand2          1  1.2    0   +58    1609 F             
  g78/in_0                                                    +0    1609               
  g78/z           (u)  unmapped_nand2          2  2.4    0   +68    1677 R             
  g73/in_0                                                    +0    1677               
  g73/z           (u)  unmapped_complex3       2  2.4    0  +126    1803 F             
  g63/in_0                                                    +0    1803               
  g63/z           (u)  unmapped_nor2           1  1.2    0   +58    1860 R             
  g58/in_0                                                    +0    1860               
  g58/z           (u)  unmapped_nor2           1  1.2    0   +58    1918 F             
  g53/in_0                                                    +0    1918               
  g53/z           (u)  unmapped_not            2  2.4    0   +33    1951 R             
carry_unit3/cout[4] 
carry_unit4/cin 
  g90/in_0                                                    +0    1951               
  g90/z           (u)  unmapped_nand2          1  1.2    0   +58    2008 F             
  g85/in_0                                                    +0    2008               
  g85/z           (u)  unmapped_nand2          2  2.4    0   +68    2076 R             
  g80/in_0                                                    +0    2076               
  g80/z           (u)  unmapped_complex3       2  2.4    0  +126    2202 F             
  g71/in_0                                                    +0    2202               
  g71/z           (u)  unmapped_not            1  1.2    0   +22    2224 R             
carry_unit4/cout[2] 
sum_unit/cout[14] 
  g309/in_1                                                   +0    2224               
  g309/z          (u)  unmapped_xor2           1  1.2    0  +131    2355 R             
  sum_reg[14]/d        unmapped_d_flop                        +0    2355               
  sum_reg[14]/clk      setup                             0  +119    2474 R             
---------------------------------------------------------------------------------------
Timing slack :  UNCONSTRAINED
Start-point  : cin
End-point    : sum_unit/sum_reg[14]/d

(u) : Net has unmapped pin(s).

path   4:

      Pin                   Type          Fanout Load Slew Delay Arrival   Location    
                                                 (fF) (ps)  (ps)   (ps)       (x,   y) 
---------------------------------------------------------------------------------------
(clock func_clk)       launch                                          0 R             
(alu.sdc_line_33)      ext delay                            +400     400 R             
cin               (u)  in port                 2  2.4    0    +0     400 R             
carry_unit1/cin 
  g85/in_0                                                    +0     400               
  g85/z           (u)  unmapped_nand2          1  1.2    0   +58     458 F             
  g80/in_0                                                    +0     458               
  g80/z           (u)  unmapped_nand2          2  2.4    0   +68     526 R             
  g75/in_0                                                    +0     526               
  g75/z           (u)  unmapped_nand2          1  1.2    0   +58     583 F             
  g51/in_1                                                    +0     583               
  g51/z           (u)  unmapped_complex2       2  2.4    0   +68     651 R             
  g70/in_0                                                    +0     651               
  g70/z           (u)  unmapped_complex3       2  2.4    0  +126     776 F             
  g89/in_0                                                    +0     776               
  g89/z           (u)  unmapped_complex3       2  2.4    0  +126     902 R             
carry_unit1/cout[4] 
carry_unit2/cin 
  g92/in_0                                                    +0     902               
  g92/z           (u)  unmapped_nand2          1  1.2    0   +58     960 F             
  g87/in_0                                                    +0     960               
  g87/z           (u)  unmapped_nand2          2  2.4    0   +68    1028 R             
  g82/in_0                                                    +0    1028               
  g82/z           (u)  unmapped_complex3       2  2.4    0  +126    1153 F             
  g72/in_0                                                    +0    1153               
  g72/z           (u)  unmapped_nor2           1  1.2    0   +58    1210 R             
  g67/in_0                                                    +0    1210               
  g67/z           (u)  unmapped_nor2           2  2.4    0   +68    1278 F             
  g61/in_0                                                    +0    1278               
  g61/z           (u)  unmapped_nor2           1  1.2    0   +58    1336 R             
  g56/in_0                                                    +0    1336               
  g56/z           (u)  unmapped_nor2           1  1.2    0   +58    1394 F             
  g51/in_0                                                    +0    1394               
  g51/z           (u)  unmapped_not            2  2.4    0   +33    1426 R             
carry_unit2/cout[4] 
carry_unit3/cin 
  g93/in_0                                                    +0    1426               
  g93/z           (u)  unmapped_nand2          1  1.2    0   +58    1484 F             
  g88/in_0                                                    +0    1484               
  g88/z           (u)  unmapped_nand2          2  2.4    0   +68    1552 R             
  g83/in_0                                                    +0    1552               
  g83/z           (u)  unmapped_nand2          1  1.2    0   +58    1609 F             
  g78/in_0                                                    +0    1609               
  g78/z           (u)  unmapped_nand2          2  2.4    0   +68    1677 R             
  g73/in_0                                                    +0    1677               
  g73/z           (u)  unmapped_complex3       2  2.4    0  +126    1803 F             
  g63/in_0                                                    +0    1803               
  g63/z           (u)  unmapped_nor2           1  1.2    0   +58    1860 R             
  g58/in_0                                                    +0    1860               
  g58/z           (u)  unmapped_nor2           1  1.2    0   +58    1918 F             
  g53/in_0                                                    +0    1918               
  g53/z           (u)  unmapped_not            2  2.4    0   +33    1951 R             
carry_unit3/cout[4] 
carry_unit4/cin 
  g90/in_0                                                    +0    1951               
  g90/z           (u)  unmapped_nand2          1  1.2    0   +58    2008 F             
  g85/in_0                                                    +0    2008               
  g85/z           (u)  unmapped_nand2          2  2.4    0   +68    2076 R             
carry_unit4/cout[1] 
sum_unit/cout[13] 
  g298/in_1                                                   +0    2076               
  g298/z          (u)  unmapped_xor2           1  1.2    0  +131    2207 R             
  sum_reg[13]/d        unmapped_d_flop                        +0    2207               
  sum_reg[13]/clk      setup                             0  +119    2327 R             
---------------------------------------------------------------------------------------
Timing slack :  UNCONSTRAINED
Start-point  : cin
End-point    : sum_unit/sum_reg[13]/d

(u) : Net has unmapped pin(s).

path   5:

      Pin                   Type          Fanout Load Slew Delay Arrival   Location    
                                                 (fF) (ps)  (ps)   (ps)       (x,   y) 
---------------------------------------------------------------------------------------
(clock func_clk)       launch                                          0 R             
(alu.sdc_line_33)      ext delay                            +400     400 R             
cin               (u)  in port                 2  2.4    0    +0     400 R             
carry_unit1/cin 
  g85/in_0                                                    +0     400               
  g85/z           (u)  unmapped_nand2          1  1.2    0   +58     458 F             
  g80/in_0                                                    +0     458               
  g80/z           (u)  unmapped_nand2          2  2.4    0   +68     526 R             
  g75/in_0                                                    +0     526               
  g75/z           (u)  unmapped_nand2          1  1.2    0   +58     583 F             
  g51/in_1                                                    +0     583               
  g51/z           (u)  unmapped_complex2       2  2.4    0   +68     651 R             
  g70/in_0                                                    +0     651               
  g70/z           (u)  unmapped_complex3       2  2.4    0  +126     776 F             
  g89/in_0                                                    +0     776               
  g89/z           (u)  unmapped_complex3       2  2.4    0  +126     902 R             
carry_unit1/cout[4] 
carry_unit2/cin 
  g92/in_0                                                    +0     902               
  g92/z           (u)  unmapped_nand2          1  1.2    0   +58     960 F             
  g87/in_0                                                    +0     960               
  g87/z           (u)  unmapped_nand2          2  2.4    0   +68    1028 R             
  g82/in_0                                                    +0    1028               
  g82/z           (u)  unmapped_complex3       2  2.4    0  +126    1153 F             
  g72/in_0                                                    +0    1153               
  g72/z           (u)  unmapped_nor2           1  1.2    0   +58    1210 R             
  g67/in_0                                                    +0    1210               
  g67/z           (u)  unmapped_nor2           2  2.4    0   +68    1278 F             
  g61/in_0                                                    +0    1278               
  g61/z           (u)  unmapped_nor2           1  1.2    0   +58    1336 R             
  g56/in_0                                                    +0    1336               
  g56/z           (u)  unmapped_nor2           1  1.2    0   +58    1394 F             
  g51/in_0                                                    +0    1394               
  g51/z           (u)  unmapped_not            2  2.4    0   +33    1426 R             
carry_unit2/cout[4] 
carry_unit3/cin 
  g93/in_0                                                    +0    1426               
  g93/z           (u)  unmapped_nand2          1  1.2    0   +58    1484 F             
  g88/in_0                                                    +0    1484               
  g88/z           (u)  unmapped_nand2          2  2.4    0   +68    1552 R             
  g83/in_0                                                    +0    1552               
  g83/z           (u)  unmapped_nand2          1  1.2    0   +58    1609 F             
  g78/in_0                                                    +0    1609               
  g78/z           (u)  unmapped_nand2          2  2.4    0   +68    1677 R             
  g73/in_0                                                    +0    1677               
  g73/z           (u)  unmapped_complex3       2  2.4    0  +126    1803 F             
  g63/in_0                                                    +0    1803               
  g63/z           (u)  unmapped_nor2           1  1.2    0   +58    1860 R             
  g58/in_0                                                    +0    1860               
  g58/z           (u)  unmapped_nor2           1  1.2    0   +58    1918 F             
  g53/in_0                                                    +0    1918               
  g53/z           (u)  unmapped_not            2  2.4    0   +33    1951 R             
carry_unit3/cout[4] 
sum_unit/cout[12] 
  g320/in_1                                                   +0    1951               
  g320/z          (u)  unmapped_xor2           1  1.2    0  +131    2082 R             
  sum_reg[12]/d        unmapped_d_flop                        +0    2082               
  sum_reg[12]/clk      setup                             0  +119    2201 R             
---------------------------------------------------------------------------------------
Timing slack :  UNCONSTRAINED
Start-point  : cin
End-point    : sum_unit/sum_reg[12]/d

(u) : Net has unmapped pin(s).

path   6:

      Pin                   Type          Fanout Load Slew Delay Arrival   Location    
                                                 (fF) (ps)  (ps)   (ps)       (x,   y) 
---------------------------------------------------------------------------------------
(clock func_clk)       launch                                          0 R             
(alu.sdc_line_33)      ext delay                            +400     400 R             
cin               (u)  in port                 2  2.4    0    +0     400 R             
carry_unit1/cin 
  g85/in_0                                                    +0     400               
  g85/z           (u)  unmapped_nand2          1  1.2    0   +58     458 F             
  g80/in_0                                                    +0     458               
  g80/z           (u)  unmapped_nand2          2  2.4    0   +68     526 R             
  g75/in_0                                                    +0     526               
  g75/z           (u)  unmapped_nand2          1  1.2    0   +58     583 F             
  g51/in_1                                                    +0     583               
  g51/z           (u)  unmapped_complex2       2  2.4    0   +68     651 R             
  g70/in_0                                                    +0     651               
  g70/z           (u)  unmapped_complex3       2  2.4    0  +126     776 F             
  g89/in_0                                                    +0     776               
  g89/z           (u)  unmapped_complex3       2  2.4    0  +126     902 R             
carry_unit1/cout[4] 
carry_unit2/cin 
  g92/in_0                                                    +0     902               
  g92/z           (u)  unmapped_nand2          1  1.2    0   +58     960 F             
  g87/in_0                                                    +0     960               
  g87/z           (u)  unmapped_nand2          2  2.4    0   +68    1028 R             
  g82/in_0                                                    +0    1028               
  g82/z           (u)  unmapped_complex3       2  2.4    0  +126    1153 F             
  g72/in_0                                                    +0    1153               
  g72/z           (u)  unmapped_nor2           1  1.2    0   +58    1210 R             
  g67/in_0                                                    +0    1210               
  g67/z           (u)  unmapped_nor2           2  2.4    0   +68    1278 F             
  g61/in_0                                                    +0    1278               
  g61/z           (u)  unmapped_nor2           1  1.2    0   +58    1336 R             
  g56/in_0                                                    +0    1336               
  g56/z           (u)  unmapped_nor2           1  1.2    0   +58    1394 F             
  g51/in_0                                                    +0    1394               
  g51/z           (u)  unmapped_not            2  2.4    0   +33    1426 R             
carry_unit2/cout[4] 
carry_unit3/cin 
  g93/in_0                                                    +0    1426               
  g93/z           (u)  unmapped_nand2          1  1.2    0   +58    1484 F             
  g88/in_0                                                    +0    1484               
  g88/z           (u)  unmapped_nand2          2  2.4    0   +68    1552 R             
  g83/in_0                                                    +0    1552               
  g83/z           (u)  unmapped_nand2          1  1.2    0   +58    1609 F             
  g78/in_0                                                    +0    1609               
  g78/z           (u)  unmapped_nand2          2  2.4    0   +68    1677 R             
  g73/in_0                                                    +0    1677               
  g73/z           (u)  unmapped_complex3       2  2.4    0  +126    1803 F             
  g64/in_0                                                    +0    1803               
  g64/z           (u)  unmapped_not            1  1.2    0   +22    1825 R             
carry_unit3/cout[3] 
sum_unit/cout[11] 
  g265/in_1                                                   +0    1825               
  g265/z          (u)  unmapped_xor2           1  1.2    0  +131    1956 R             
  sum_reg[11]/d        unmapped_d_flop                        +0    1956               
  sum_reg[11]/clk      setup                             0  +119    2076 R             
---------------------------------------------------------------------------------------
Timing slack :  UNCONSTRAINED
Start-point  : cin
End-point    : sum_unit/sum_reg[11]/d

(u) : Net has unmapped pin(s).

path   7:

      Pin                   Type          Fanout Load Slew Delay Arrival   Location    
                                                 (fF) (ps)  (ps)   (ps)       (x,   y) 
---------------------------------------------------------------------------------------
(clock func_clk)       launch                                          0 R             
(alu.sdc_line_33)      ext delay                            +400     400 R             
cin               (u)  in port                 2  2.4    0    +0     400 R             
carry_unit1/cin 
  g85/in_0                                                    +0     400               
  g85/z           (u)  unmapped_nand2          1  1.2    0   +58     458 F             
  g80/in_0                                                    +0     458               
  g80/z           (u)  unmapped_nand2          2  2.4    0   +68     526 R             
  g75/in_0                                                    +0     526               
  g75/z           (u)  unmapped_nand2          1  1.2    0   +58     583 F             
  g51/in_1                                                    +0     583               
  g51/z           (u)  unmapped_complex2       2  2.4    0   +68     651 R             
  g70/in_0                                                    +0     651               
  g70/z           (u)  unmapped_complex3       2  2.4    0  +126     776 F             
  g89/in_0                                                    +0     776               
  g89/z           (u)  unmapped_complex3       2  2.4    0  +126     902 R             
carry_unit1/cout[4] 
carry_unit2/cin 
  g92/in_0                                                    +0     902               
  g92/z           (u)  unmapped_nand2          1  1.2    0   +58     960 F             
  g87/in_0                                                    +0     960               
  g87/z           (u)  unmapped_nand2          2  2.4    0   +68    1028 R             
  g82/in_0                                                    +0    1028               
  g82/z           (u)  unmapped_complex3       2  2.4    0  +126    1153 F             
  g72/in_0                                                    +0    1153               
  g72/z           (u)  unmapped_nor2           1  1.2    0   +58    1210 R             
  g67/in_0                                                    +0    1210               
  g67/z           (u)  unmapped_nor2           2  2.4    0   +68    1278 F             
  g61/in_0                                                    +0    1278               
  g61/z           (u)  unmapped_nor2           1  1.2    0   +58    1336 R             
  g56/in_0                                                    +0    1336               
  g56/z           (u)  unmapped_nor2           1  1.2    0   +58    1394 F             
  g51/in_0                                                    +0    1394               
  g51/z           (u)  unmapped_not            2  2.4    0   +33    1426 R             
carry_unit2/cout[4] 
carry_unit3/cin 
  g93/in_0                                                    +0    1426               
  g93/z           (u)  unmapped_nand2          1  1.2    0   +58    1484 F             
  g88/in_0                                                    +0    1484               
  g88/z           (u)  unmapped_nand2          2  2.4    0   +68    1552 R             
  g83/in_0                                                    +0    1552               
  g83/z           (u)  unmapped_nand2          1  1.2    0   +58    1609 F             
  g78/in_0                                                    +0    1609               
  g78/z           (u)  unmapped_nand2          2  2.4    0   +68    1677 R             
carry_unit3/cout[2] 
sum_unit/cout[10] 
  g254/in_1                                                   +0    1677               
  g254/z          (u)  unmapped_xor2           1  1.2    0  +131    1808 R             
  sum_reg[10]/d        unmapped_d_flop                        +0    1808               
  sum_reg[10]/clk      setup                             0  +119    1928 R             
---------------------------------------------------------------------------------------
Timing slack :  UNCONSTRAINED
Start-point  : cin
End-point    : sum_unit/sum_reg[10]/d

(u) : Net has unmapped pin(s).

path   8:

      Pin                   Type          Fanout Load Slew Delay Arrival   Location    
                                                 (fF) (ps)  (ps)   (ps)       (x,   y) 
---------------------------------------------------------------------------------------
(clock func_clk)       launch                                          0 R             
(alu.sdc_line_33)      ext delay                            +400     400 R             
cin               (u)  in port                 2  2.4    0    +0     400 R             
carry_unit1/cin 
  g85/in_0                                                    +0     400               
  g85/z           (u)  unmapped_nand2          1  1.2    0   +58     458 F             
  g80/in_0                                                    +0     458               
  g80/z           (u)  unmapped_nand2          2  2.4    0   +68     526 R             
  g75/in_0                                                    +0     526               
  g75/z           (u)  unmapped_nand2          1  1.2    0   +58     583 F             
  g51/in_1                                                    +0     583               
  g51/z           (u)  unmapped_complex2       2  2.4    0   +68     651 R             
  g70/in_0                                                    +0     651               
  g70/z           (u)  unmapped_complex3       2  2.4    0  +126     776 F             
  g89/in_0                                                    +0     776               
  g89/z           (u)  unmapped_complex3       2  2.4    0  +126     902 R             
carry_unit1/cout[4] 
carry_unit2/cin 
  g92/in_0                                                    +0     902               
  g92/z           (u)  unmapped_nand2          1  1.2    0   +58     960 F             
  g87/in_0                                                    +0     960               
  g87/z           (u)  unmapped_nand2          2  2.4    0   +68    1028 R             
  g82/in_0                                                    +0    1028               
  g82/z           (u)  unmapped_complex3       2  2.4    0  +126    1153 F             
  g72/in_0                                                    +0    1153               
  g72/z           (u)  unmapped_nor2           1  1.2    0   +58    1210 R             
  g67/in_0                                                    +0    1210               
  g67/z           (u)  unmapped_nor2           2  2.4    0   +68    1278 F             
  g61/in_0                                                    +0    1278               
  g61/z           (u)  unmapped_nor2           1  1.2    0   +58    1336 R             
  g56/in_0                                                    +0    1336               
  g56/z           (u)  unmapped_nor2           1  1.2    0   +58    1394 F             
  g51/in_0                                                    +0    1394               
  g51/z           (u)  unmapped_not            2  2.4    0   +33    1426 R             
carry_unit2/cout[4] 
carry_unit3/cin 
  g93/in_0                                                    +0    1426               
  g93/z           (u)  unmapped_nand2          1  1.2    0   +58    1484 F             
  g88/in_0                                                    +0    1484               
  g88/z           (u)  unmapped_nand2          2  2.4    0   +68    1552 R             
carry_unit3/cout[1] 
sum_unit/cout[9] 
  g243/in_1                                                   +0    1552               
  g243/z          (u)  unmapped_xor2           1  1.2    0  +131    1683 R             
  sum_reg[9]/d         unmapped_d_flop                        +0    1683               
  sum_reg[9]/clk       setup                             0  +119    1802 R             
---------------------------------------------------------------------------------------
Timing slack :  UNCONSTRAINED
Start-point  : cin
End-point    : sum_unit/sum_reg[9]/d

(u) : Net has unmapped pin(s).

path   9:

      Pin                   Type          Fanout Load Slew Delay Arrival   Location    
                                                 (fF) (ps)  (ps)   (ps)       (x,   y) 
---------------------------------------------------------------------------------------
(clock func_clk)       launch                                          0 R             
(alu.sdc_line_33)      ext delay                            +400     400 R             
cin               (u)  in port                 2  2.4    0    +0     400 R             
carry_unit1/cin 
  g85/in_0                                                    +0     400               
  g85/z           (u)  unmapped_nand2          1  1.2    0   +58     458 F             
  g80/in_0                                                    +0     458               
  g80/z           (u)  unmapped_nand2          2  2.4    0   +68     526 R             
  g75/in_0                                                    +0     526               
  g75/z           (u)  unmapped_nand2          1  1.2    0   +58     583 F             
  g51/in_1                                                    +0     583               
  g51/z           (u)  unmapped_complex2       2  2.4    0   +68     651 R             
  g70/in_0                                                    +0     651               
  g70/z           (u)  unmapped_complex3       2  2.4    0  +126     776 F             
  g89/in_0                                                    +0     776               
  g89/z           (u)  unmapped_complex3       2  2.4    0  +126     902 R             
carry_unit1/cout[4] 
carry_unit2/cin 
  g92/in_0                                                    +0     902               
  g92/z           (u)  unmapped_nand2          1  1.2    0   +58     960 F             
  g87/in_0                                                    +0     960               
  g87/z           (u)  unmapped_nand2          2  2.4    0   +68    1028 R             
  g82/in_0                                                    +0    1028               
  g82/z           (u)  unmapped_complex3       2  2.4    0  +126    1153 F             
  g72/in_0                                                    +0    1153               
  g72/z           (u)  unmapped_nor2           1  1.2    0   +58    1210 R             
  g67/in_0                                                    +0    1210               
  g67/z           (u)  unmapped_nor2           2  2.4    0   +68    1278 F             
  g61/in_0                                                    +0    1278               
  g61/z           (u)  unmapped_nor2           1  1.2    0   +58    1336 R             
  g56/in_0                                                    +0    1336               
  g56/z           (u)  unmapped_nor2           1  1.2    0   +58    1394 F             
  g51/in_0                                                    +0    1394               
  g51/z           (u)  unmapped_not            2  2.4    0   +33    1426 R             
carry_unit2/cout[4] 
sum_unit/cout[8] 
  g188/in_1                                                   +0    1426               
  g188/z          (u)  unmapped_xor2           1  1.2    0  +131    1558 R             
  sum_reg[8]/d         unmapped_d_flop                        +0    1558               
  sum_reg[8]/clk       setup                             0  +119    1677 R             
---------------------------------------------------------------------------------------
Timing slack :  UNCONSTRAINED
Start-point  : cin
End-point    : sum_unit/sum_reg[8]/d

(u) : Net has unmapped pin(s).

path  10:

      Pin                   Type          Fanout Load Slew Delay Arrival   Location    
                                                 (fF) (ps)  (ps)   (ps)       (x,   y) 
---------------------------------------------------------------------------------------
(clock func_clk)       launch                                          0 R             
(alu.sdc_line_33)      ext delay                            +400     400 R             
cin               (u)  in port                 2  2.4    0    +0     400 R             
carry_unit1/cin 
  g85/in_0                                                    +0     400               
  g85/z           (u)  unmapped_nand2          1  1.2    0   +58     458 F             
  g80/in_0                                                    +0     458               
  g80/z           (u)  unmapped_nand2          2  2.4    0   +68     526 R             
  g75/in_0                                                    +0     526               
  g75/z           (u)  unmapped_nand2          1  1.2    0   +58     583 F             
  g51/in_1                                                    +0     583               
  g51/z           (u)  unmapped_complex2       2  2.4    0   +68     651 R             
  g70/in_0                                                    +0     651               
  g70/z           (u)  unmapped_complex3       2  2.4    0  +126     776 F             
  g89/in_0                                                    +0     776               
  g89/z           (u)  unmapped_complex3       2  2.4    0  +126     902 R             
carry_unit1/cout[4] 
carry_unit2/cin 
  g92/in_0                                                    +0     902               
  g92/z           (u)  unmapped_nand2          1  1.2    0   +58     960 F             
  g87/in_0                                                    +0     960               
  g87/z           (u)  unmapped_nand2          2  2.4    0   +68    1028 R             
  g82/in_0                                                    +0    1028               
  g82/z           (u)  unmapped_complex3       2  2.4    0  +126    1153 F             
  g72/in_0                                                    +0    1153               
  g72/z           (u)  unmapped_nor2           1  1.2    0   +58    1210 R             
  g67/in_0                                                    +0    1210               
  g67/z           (u)  unmapped_nor2           2  2.4    0   +68    1278 F             
  g62/in_0                                                    +0    1278               
  g62/z           (u)  unmapped_not            1  1.2    0   +22    1301 R             
carry_unit2/cout[3] 
sum_unit/cout[7] 
  g221/in_1                                                   +0    1301               
  g221/z          (u)  unmapped_xor2           1  1.2    0  +131    1432 R             
  sum_reg[7]/d         unmapped_d_flop                        +0    1432               
  sum_reg[7]/clk       setup                             0  +119    1551 R             
---------------------------------------------------------------------------------------
Timing slack :  UNCONSTRAINED
Start-point  : cin
End-point    : sum_unit/sum_reg[7]/d

(u) : Net has unmapped pin(s).

path  11:

      Pin                   Type          Fanout Load Slew Delay Arrival   Location    
                                                 (fF) (ps)  (ps)   (ps)       (x,   y) 
---------------------------------------------------------------------------------------
(clock func_clk)       launch                                          0 R             
(alu.sdc_line_33)      ext delay                            +400     400 R             
cin               (u)  in port                 2  2.4    0    +0     400 R             
carry_unit1/cin 
  g85/in_0                                                    +0     400               
  g85/z           (u)  unmapped_nand2          1  1.2    0   +58     458 F             
  g80/in_0                                                    +0     458               
  g80/z           (u)  unmapped_nand2          2  2.4    0   +68     526 R             
  g75/in_0                                                    +0     526               
  g75/z           (u)  unmapped_nand2          1  1.2    0   +58     583 F             
  g51/in_1                                                    +0     583               
  g51/z           (u)  unmapped_complex2       2  2.4    0   +68     651 R             
  g70/in_0                                                    +0     651               
  g70/z           (u)  unmapped_complex3       2  2.4    0  +126     776 F             
  g89/in_0                                                    +0     776               
  g89/z           (u)  unmapped_complex3       2  2.4    0  +126     902 R             
carry_unit1/cout[4] 
carry_unit2/cin 
  g92/in_0                                                    +0     902               
  g92/z           (u)  unmapped_nand2          1  1.2    0   +58     960 F             
  g87/in_0                                                    +0     960               
  g87/z           (u)  unmapped_nand2          2  2.4    0   +68    1028 R             
  g82/in_0                                                    +0    1028               
  g82/z           (u)  unmapped_complex3       2  2.4    0  +126    1153 F             
  g73/in_0                                                    +0    1153               
  g73/z           (u)  unmapped_not            1  1.2    0   +22    1175 R             
carry_unit2/cout[2] 
sum_unit/cout[6] 
  g210/in_1                                                   +0    1175               
  g210/z          (u)  unmapped_xor2           1  1.2    0  +131    1306 R             
  sum_reg[6]/d         unmapped_d_flop                        +0    1306               
  sum_reg[6]/clk       setup                             0  +119    1426 R             
---------------------------------------------------------------------------------------
Timing slack :  UNCONSTRAINED
Start-point  : cin
End-point    : sum_unit/sum_reg[6]/d

(u) : Net has unmapped pin(s).

path  12:

      Pin                   Type          Fanout Load Slew Delay Arrival   Location    
                                                 (fF) (ps)  (ps)   (ps)       (x,   y) 
---------------------------------------------------------------------------------------
(clock func_clk)       launch                                          0 R             
(alu.sdc_line_33)      ext delay                            +400     400 R             
cin               (u)  in port                 2  2.4    0    +0     400 R             
carry_unit1/cin 
  g85/in_0                                                    +0     400               
  g85/z           (u)  unmapped_nand2          1  1.2    0   +58     458 F             
  g80/in_0                                                    +0     458               
  g80/z           (u)  unmapped_nand2          2  2.4    0   +68     526 R             
  g75/in_0                                                    +0     526               
  g75/z           (u)  unmapped_nand2          1  1.2    0   +58     583 F             
  g51/in_1                                                    +0     583               
  g51/z           (u)  unmapped_complex2       2  2.4    0   +68     651 R             
  g70/in_0                                                    +0     651               
  g70/z           (u)  unmapped_complex3       2  2.4    0  +126     776 F             
  g89/in_0                                                    +0     776               
  g89/z           (u)  unmapped_complex3       2  2.4    0  +126     902 R             
carry_unit1/cout[4] 
carry_unit2/cin 
  g92/in_0                                                    +0     902               
  g92/z           (u)  unmapped_nand2          1  1.2    0   +58     960 F             
  g87/in_0                                                    +0     960               
  g87/z           (u)  unmapped_nand2          2  2.4    0   +68    1028 R             
carry_unit2/cout[1] 
sum_unit/cout[5] 
  g199/in_1                                                   +0    1028               
  g199/z          (u)  unmapped_xor2           1  1.2    0  +131    1159 R             
  sum_reg[5]/d         unmapped_d_flop                        +0    1159               
  sum_reg[5]/clk       setup                             0  +119    1278 R             
---------------------------------------------------------------------------------------
Timing slack :  UNCONSTRAINED
Start-point  : cin
End-point    : sum_unit/sum_reg[5]/d

(u) : Net has unmapped pin(s).

path  13:

      Pin                   Type          Fanout Load Slew Delay Arrival   Location    
                                                 (fF) (ps)  (ps)   (ps)       (x,   y) 
---------------------------------------------------------------------------------------
(clock func_clk)       launch                                          0 R             
(alu.sdc_line_33)      ext delay                            +400     400 R             
cin               (u)  in port                 2  2.4    0    +0     400 R             
carry_unit1/cin 
  g85/in_0                                                    +0     400               
  g85/z           (u)  unmapped_nand2          1  1.2    0   +58     458 F             
  g80/in_0                                                    +0     458               
  g80/z           (u)  unmapped_nand2          2  2.4    0   +68     526 R             
  g75/in_0                                                    +0     526               
  g75/z           (u)  unmapped_nand2          1  1.2    0   +58     583 F             
  g51/in_1                                                    +0     583               
  g51/z           (u)  unmapped_complex2       2  2.4    0   +68     651 R             
  g70/in_0                                                    +0     651               
  g70/z           (u)  unmapped_complex3       2  2.4    0  +126     776 F             
  g89/in_0                                                    +0     776               
  g89/z           (u)  unmapped_complex3       2  2.4    0  +126     902 R             
carry_unit1/cout[4] 
sum_unit/cout[4] 
  g232/in_1                                                   +0     902               
  g232/z          (u)  unmapped_xor2           1  1.2    0  +131    1033 R             
  sum_reg[4]/d         unmapped_d_flop                        +0    1033               
  sum_reg[4]/clk       setup                             0  +119    1152 R             
---------------------------------------------------------------------------------------
Timing slack :  UNCONSTRAINED
Start-point  : cin
End-point    : sum_unit/sum_reg[4]/d

(u) : Net has unmapped pin(s).

path  14:

      Pin                   Type          Fanout Load Slew Delay Arrival   Location    
                                                 (fF) (ps)  (ps)   (ps)       (x,   y) 
---------------------------------------------------------------------------------------
(clock func_clk)       launch                                          0 R             
(alu.sdc_line_33)      ext delay                            +400     400 R             
cin               (u)  in port                 2  2.4    0    +0     400 R             
carry_unit1/cin 
  g85/in_0                                                    +0     400               
  g85/z           (u)  unmapped_nand2          1  1.2    0   +58     458 F             
  g80/in_0                                                    +0     458               
  g80/z           (u)  unmapped_nand2          2  2.4    0   +68     526 R             
  g75/in_0                                                    +0     526               
  g75/z           (u)  unmapped_nand2          1  1.2    0   +58     583 F             
  g51/in_1                                                    +0     583               
  g51/z           (u)  unmapped_complex2       2  2.4    0   +68     651 R             
  g70/in_0                                                    +0     651               
  g70/z           (u)  unmapped_complex3       2  2.4    0  +126     776 F             
  g61/in_0                                                    +0     776               
  g61/z           (u)  unmapped_not            1  1.2    0   +22     799 R             
carry_unit1/cout[3] 
sum_unit/cout[3] 
  g353/in_1                                                   +0     799               
  g353/z          (u)  unmapped_xor2           1  1.2    0  +131     930 R             
  sum_reg[3]/d         unmapped_d_flop                        +0     930               
  sum_reg[3]/clk       setup                             0  +119    1049 R             
---------------------------------------------------------------------------------------
Timing slack :  UNCONSTRAINED
Start-point  : cin
End-point    : sum_unit/sum_reg[3]/d

(u) : Net has unmapped pin(s).

path  15:

      Pin                   Type          Fanout Load Slew Delay Arrival   Location    
                                                 (fF) (ps)  (ps)   (ps)       (x,   y) 
---------------------------------------------------------------------------------------
(clock func_clk)       launch                                          0 R             
(alu.sdc_line_33)      ext delay                            +400     400 R             
cin               (u)  in port                 2  2.4    0    +0     400 R             
carry_unit1/cin 
  g85/in_0                                                    +0     400               
  g85/z           (u)  unmapped_nand2          1  1.2    0   +58     458 F             
  g80/in_0                                                    +0     458               
  g80/z           (u)  unmapped_nand2          2  2.4    0   +68     526 R             
  g75/in_0                                                    +0     526               
  g75/z           (u)  unmapped_nand2          1  1.2    0   +58     583 F             
  g51/in_1                                                    +0     583               
  g51/z           (u)  unmapped_complex2       2  2.4    0   +68     651 R             
carry_unit1/cout[2] 
sum_unit/cout[2] 
  g331/in_1                                                   +0     651               
  g331/z          (u)  unmapped_xor2           1  1.2    0  +131     782 R             
  sum_reg[2]/d         unmapped_d_flop                        +0     782               
  sum_reg[2]/clk       setup                             0  +119     902 R             
---------------------------------------------------------------------------------------
Timing slack :  UNCONSTRAINED
Start-point  : cin
End-point    : sum_unit/sum_reg[2]/d

(u) : Net has unmapped pin(s).

path  16:

      Pin                  Type         Fanout Load Slew Delay Arrival   Location    
                                               (fF) (ps)  (ps)   (ps)       (x,   y) 
-------------------------------------------------------------------------------------
(clock func_clk)       launch                                        0 R             
(alu.sdc_line_33)      ext delay                          +400     400 R             
cin               (u)  in port               2  2.4    0    +0     400 R             
carry_unit1/cin 
  g85/in_0                                                  +0     400               
  g85/z           (u)  unmapped_nand2        1  1.2    0   +58     458 F             
  g80/in_0                                                  +0     458               
  g80/z           (u)  unmapped_nand2        2  2.4    0   +68     526 R             
carry_unit1/cout[1] 
sum_unit/cout[1] 
  g287/in_1                                                 +0     526               
  g287/z          (u)  unmapped_xor2         1  1.2    0  +131     657 R             
  sum_reg[1]/d         unmapped_d_flop                      +0     657               
  sum_reg[1]/clk       setup                           0  +119     776 R             
-------------------------------------------------------------------------------------
Timing slack :  UNCONSTRAINED
Start-point  : cin
End-point    : sum_unit/sum_reg[1]/d

(u) : Net has unmapped pin(s).

path  17:

      Pin                  Type         Fanout Load Slew Delay Arrival   Location    
                                               (fF) (ps)  (ps)   (ps)       (x,   y) 
-------------------------------------------------------------------------------------
(clock func_clk)       launch                                        0 R             
(alu.sdc_line_33)      ext delay                          +400     400 R             
cin               (u)  in port               2  2.4    0    +0     400 R             
sum_unit/cin 
  g342/in_1                                                 +0     400               
  g342/z          (u)  unmapped_xor2         1  1.2    0  +131     531 R             
  sum_reg[0]/d         unmapped_d_flop                      +0     531               
  sum_reg[0]/clk       setup                           0  +119     650 R             
-------------------------------------------------------------------------------------
Timing slack :  UNCONSTRAINED
Start-point  : cin
End-point    : sum_unit/sum_reg[0]/d

(u) : Net has unmapped pin(s).

path  18:

      Pin                 Type         Fanout Load Slew Delay Arrival   Location    
                                              (fF) (ps)  (ps)   (ps)       (x,   y) 
------------------------------------------------------------------------------------
sum_unit
  sum_reg[0]/clk                                      0             0 R             
  sum_reg[0]/q   (u)  unmapped_d_flop       1  0.0    0  +305     305 R             
sum_unit/sum[0] 
sum[0]                out port                             +0     305 R             
------------------------------------------------------------------------------------
Timing slack :  UNCONSTRAINED
Start-point  : sum_unit/sum_reg[0]/clk
End-point    : sum[0]

(u) : Net has unmapped pin(s).

path  19:

      Pin                 Type         Fanout Load Slew Delay Arrival   Location    
                                              (fF) (ps)  (ps)   (ps)       (x,   y) 
------------------------------------------------------------------------------------
sum_unit
  sum_reg[1]/clk                                      0             0 R             
  sum_reg[1]/q   (u)  unmapped_d_flop       1  0.0    0  +305     305 R             
sum_unit/sum[1] 
sum[1]                out port                             +0     305 R             
------------------------------------------------------------------------------------
Timing slack :  UNCONSTRAINED
Start-point  : sum_unit/sum_reg[1]/clk
End-point    : sum[1]

(u) : Net has unmapped pin(s).

path  20:

      Pin                 Type         Fanout Load Slew Delay Arrival   Location    
                                              (fF) (ps)  (ps)   (ps)       (x,   y) 
------------------------------------------------------------------------------------
sum_unit
  sum_reg[2]/clk                                      0             0 R             
  sum_reg[2]/q   (u)  unmapped_d_flop       1  0.0    0  +305     305 R             
sum_unit/sum[2] 
sum[2]                out port                             +0     305 R             
------------------------------------------------------------------------------------
Timing slack :  UNCONSTRAINED
Start-point  : sum_unit/sum_reg[2]/clk
End-point    : sum[2]

(u) : Net has unmapped pin(s).

path  21:

      Pin                 Type         Fanout Load Slew Delay Arrival   Location    
                                              (fF) (ps)  (ps)   (ps)       (x,   y) 
------------------------------------------------------------------------------------
sum_unit
  sum_reg[3]/clk                                      0             0 R             
  sum_reg[3]/q   (u)  unmapped_d_flop       1  0.0    0  +305     305 R             
sum_unit/sum[3] 
sum[3]                out port                             +0     305 R             
------------------------------------------------------------------------------------
Timing slack :  UNCONSTRAINED
Start-point  : sum_unit/sum_reg[3]/clk
End-point    : sum[3]

(u) : Net has unmapped pin(s).

path  22:

      Pin                 Type         Fanout Load Slew Delay Arrival   Location    
                                              (fF) (ps)  (ps)   (ps)       (x,   y) 
------------------------------------------------------------------------------------
sum_unit
  sum_reg[4]/clk                                      0             0 R             
  sum_reg[4]/q   (u)  unmapped_d_flop       1  0.0    0  +305     305 R             
sum_unit/sum[4] 
sum[4]                out port                             +0     305 R             
------------------------------------------------------------------------------------
Timing slack :  UNCONSTRAINED
Start-point  : sum_unit/sum_reg[4]/clk
End-point    : sum[4]

(u) : Net has unmapped pin(s).

path  23:

      Pin                 Type         Fanout Load Slew Delay Arrival   Location    
                                              (fF) (ps)  (ps)   (ps)       (x,   y) 
------------------------------------------------------------------------------------
sum_unit
  sum_reg[5]/clk                                      0             0 R             
  sum_reg[5]/q   (u)  unmapped_d_flop       1  0.0    0  +305     305 R             
sum_unit/sum[5] 
sum[5]                out port                             +0     305 R             
------------------------------------------------------------------------------------
Timing slack :  UNCONSTRAINED
Start-point  : sum_unit/sum_reg[5]/clk
End-point    : sum[5]

(u) : Net has unmapped pin(s).

path  24:

      Pin                 Type         Fanout Load Slew Delay Arrival   Location    
                                              (fF) (ps)  (ps)   (ps)       (x,   y) 
------------------------------------------------------------------------------------
sum_unit
  sum_reg[6]/clk                                      0             0 R             
  sum_reg[6]/q   (u)  unmapped_d_flop       1  0.0    0  +305     305 R             
sum_unit/sum[6] 
sum[6]                out port                             +0     305 R             
------------------------------------------------------------------------------------
Timing slack :  UNCONSTRAINED
Start-point  : sum_unit/sum_reg[6]/clk
End-point    : sum[6]

(u) : Net has unmapped pin(s).

path  25:

      Pin                 Type         Fanout Load Slew Delay Arrival   Location    
                                              (fF) (ps)  (ps)   (ps)       (x,   y) 
------------------------------------------------------------------------------------
sum_unit
  sum_reg[7]/clk                                      0             0 R             
  sum_reg[7]/q   (u)  unmapped_d_flop       1  0.0    0  +305     305 R             
sum_unit/sum[7] 
sum[7]                out port                             +0     305 R             
------------------------------------------------------------------------------------
Timing slack :  UNCONSTRAINED
Start-point  : sum_unit/sum_reg[7]/clk
End-point    : sum[7]

(u) : Net has unmapped pin(s).

path  26:

      Pin                 Type         Fanout Load Slew Delay Arrival   Location    
                                              (fF) (ps)  (ps)   (ps)       (x,   y) 
------------------------------------------------------------------------------------
sum_unit
  sum_reg[8]/clk                                      0             0 R             
  sum_reg[8]/q   (u)  unmapped_d_flop       1  0.0    0  +305     305 R             
sum_unit/sum[8] 
sum[8]                out port                             +0     305 R             
------------------------------------------------------------------------------------
Timing slack :  UNCONSTRAINED
Start-point  : sum_unit/sum_reg[8]/clk
End-point    : sum[8]

(u) : Net has unmapped pin(s).

path  27:

      Pin                 Type         Fanout Load Slew Delay Arrival   Location    
                                              (fF) (ps)  (ps)   (ps)       (x,   y) 
------------------------------------------------------------------------------------
sum_unit
  sum_reg[9]/clk                                      0             0 R             
  sum_reg[9]/q   (u)  unmapped_d_flop       1  0.0    0  +305     305 R             
sum_unit/sum[9] 
sum[9]                out port                             +0     305 R             
------------------------------------------------------------------------------------
Timing slack :  UNCONSTRAINED
Start-point  : sum_unit/sum_reg[9]/clk
End-point    : sum[9]

(u) : Net has unmapped pin(s).

path  28:

      Pin                  Type         Fanout Load Slew Delay Arrival   Location    
                                               (fF) (ps)  (ps)   (ps)       (x,   y) 
-------------------------------------------------------------------------------------
sum_unit
  sum_reg[10]/clk                                      0             0 R             
  sum_reg[10]/q   (u)  unmapped_d_flop       1  0.0    0  +305     305 R             
sum_unit/sum[10] 
sum[10]                out port                             +0     305 R             
-------------------------------------------------------------------------------------
Timing slack :  UNCONSTRAINED
Start-point  : sum_unit/sum_reg[10]/clk
End-point    : sum[10]

(u) : Net has unmapped pin(s).

path  29:

      Pin                  Type         Fanout Load Slew Delay Arrival   Location    
                                               (fF) (ps)  (ps)   (ps)       (x,   y) 
-------------------------------------------------------------------------------------
sum_unit
  sum_reg[11]/clk                                      0             0 R             
  sum_reg[11]/q   (u)  unmapped_d_flop       1  0.0    0  +305     305 R             
sum_unit/sum[11] 
sum[11]                out port                             +0     305 R             
-------------------------------------------------------------------------------------
Timing slack :  UNCONSTRAINED
Start-point  : sum_unit/sum_reg[11]/clk
End-point    : sum[11]

(u) : Net has unmapped pin(s).

path  30:

      Pin                  Type         Fanout Load Slew Delay Arrival   Location    
                                               (fF) (ps)  (ps)   (ps)       (x,   y) 
-------------------------------------------------------------------------------------
sum_unit
  sum_reg[12]/clk                                      0             0 R             
  sum_reg[12]/q   (u)  unmapped_d_flop       1  0.0    0  +305     305 R             
sum_unit/sum[12] 
sum[12]                out port                             +0     305 R             
-------------------------------------------------------------------------------------
Timing slack :  UNCONSTRAINED
Start-point  : sum_unit/sum_reg[12]/clk
End-point    : sum[12]

(u) : Net has unmapped pin(s).

path  31:

      Pin                  Type         Fanout Load Slew Delay Arrival   Location    
                                               (fF) (ps)  (ps)   (ps)       (x,   y) 
-------------------------------------------------------------------------------------
sum_unit
  sum_reg[13]/clk                                      0             0 R             
  sum_reg[13]/q   (u)  unmapped_d_flop       1  0.0    0  +305     305 R             
sum_unit/sum[13] 
sum[13]                out port                             +0     305 R             
-------------------------------------------------------------------------------------
Timing slack :  UNCONSTRAINED
Start-point  : sum_unit/sum_reg[13]/clk
End-point    : sum[13]

(u) : Net has unmapped pin(s).

path  32:

      Pin                  Type         Fanout Load Slew Delay Arrival   Location    
                                               (fF) (ps)  (ps)   (ps)       (x,   y) 
-------------------------------------------------------------------------------------
sum_unit
  sum_reg[14]/clk                                      0             0 R             
  sum_reg[14]/q   (u)  unmapped_d_flop       1  0.0    0  +305     305 R             
sum_unit/sum[14] 
sum[14]                out port                             +0     305 R             
-------------------------------------------------------------------------------------
Timing slack :  UNCONSTRAINED
Start-point  : sum_unit/sum_reg[14]/clk
End-point    : sum[14]

(u) : Net has unmapped pin(s).

path  33:

      Pin                  Type         Fanout Load Slew Delay Arrival   Location    
                                               (fF) (ps)  (ps)   (ps)       (x,   y) 
-------------------------------------------------------------------------------------
sum_unit
  sum_reg[15]/clk                                      0             0 R             
  sum_reg[15]/q   (u)  unmapped_d_flop       1  0.0    0  +305     305 R             
sum_unit/sum[15] 
sum[15]                out port                             +0     305 R             
-------------------------------------------------------------------------------------
Timing slack :  UNCONSTRAINED
Start-point  : sum_unit/sum_reg[15]/clk
End-point    : sum[15]

(u) : Net has unmapped pin(s).

path  34:

      Pin                      Type         Fanout Load Slew Delay Arrival   Location    
                                                   (fF) (ps)  (ps)   (ps)       (x,   y) 
-----------------------------------------------------------------------------------------
clk               (i) (u)  in port              16  0.0    0    +0       0 R             
sum_unit/clk (i)
  sum_reg[15]/clk          unmapped_d_flop                      +0       0               
-----------------------------------------------------------------------------------------
Timing slack :  UNCONSTRAINED
Start-point  : clk
End-point    : sum_unit/sum_reg[15]/clk

(u) : Net has unmapped pin(s).
(i) : Net is ideal.

path  35:

      Pin                      Type         Fanout Load Slew Delay Arrival   Location    
                                                   (fF) (ps)  (ps)   (ps)       (x,   y) 
-----------------------------------------------------------------------------------------
clk               (i) (u)  in port              16  0.0    0    +0       0 R             
sum_unit/clk (i)
  sum_reg[14]/clk          unmapped_d_flop                      +0       0               
-----------------------------------------------------------------------------------------
Timing slack :  UNCONSTRAINED
Start-point  : clk
End-point    : sum_unit/sum_reg[14]/clk

(u) : Net has unmapped pin(s).
(i) : Net is ideal.

path  36:

      Pin                      Type         Fanout Load Slew Delay Arrival   Location    
                                                   (fF) (ps)  (ps)   (ps)       (x,   y) 
-----------------------------------------------------------------------------------------
clk               (i) (u)  in port              16  0.0    0    +0       0 R             
sum_unit/clk (i)
  sum_reg[13]/clk          unmapped_d_flop                      +0       0               
-----------------------------------------------------------------------------------------
Timing slack :  UNCONSTRAINED
Start-point  : clk
End-point    : sum_unit/sum_reg[13]/clk

(u) : Net has unmapped pin(s).
(i) : Net is ideal.

path  37:

      Pin                      Type         Fanout Load Slew Delay Arrival   Location    
                                                   (fF) (ps)  (ps)   (ps)       (x,   y) 
-----------------------------------------------------------------------------------------
clk               (i) (u)  in port              16  0.0    0    +0       0 R             
sum_unit/clk (i)
  sum_reg[12]/clk          unmapped_d_flop                      +0       0               
-----------------------------------------------------------------------------------------
Timing slack :  UNCONSTRAINED
Start-point  : clk
End-point    : sum_unit/sum_reg[12]/clk

(u) : Net has unmapped pin(s).
(i) : Net is ideal.

path  38:

      Pin                      Type         Fanout Load Slew Delay Arrival   Location    
                                                   (fF) (ps)  (ps)   (ps)       (x,   y) 
-----------------------------------------------------------------------------------------
clk               (i) (u)  in port              16  0.0    0    +0       0 R             
sum_unit/clk (i)
  sum_reg[11]/clk          unmapped_d_flop                      +0       0               
-----------------------------------------------------------------------------------------
Timing slack :  UNCONSTRAINED
Start-point  : clk
End-point    : sum_unit/sum_reg[11]/clk

(u) : Net has unmapped pin(s).
(i) : Net is ideal.

path  39:

      Pin                      Type         Fanout Load Slew Delay Arrival   Location    
                                                   (fF) (ps)  (ps)   (ps)       (x,   y) 
-----------------------------------------------------------------------------------------
clk               (i) (u)  in port              16  0.0    0    +0       0 R             
sum_unit/clk (i)
  sum_reg[10]/clk          unmapped_d_flop                      +0       0               
-----------------------------------------------------------------------------------------
Timing slack :  UNCONSTRAINED
Start-point  : clk
End-point    : sum_unit/sum_reg[10]/clk

(u) : Net has unmapped pin(s).
(i) : Net is ideal.

path  40:

      Pin                     Type         Fanout Load Slew Delay Arrival   Location    
                                                  (fF) (ps)  (ps)   (ps)       (x,   y) 
----------------------------------------------------------------------------------------
clk              (i) (u)  in port              16  0.0    0    +0       0 R             
sum_unit/clk (i)
  sum_reg[9]/clk          unmapped_d_flop                      +0       0               
----------------------------------------------------------------------------------------
Timing slack :  UNCONSTRAINED
Start-point  : clk
End-point    : sum_unit/sum_reg[9]/clk

(u) : Net has unmapped pin(s).
(i) : Net is ideal.

path  41:

      Pin                     Type         Fanout Load Slew Delay Arrival   Location    
                                                  (fF) (ps)  (ps)   (ps)       (x,   y) 
----------------------------------------------------------------------------------------
clk              (i) (u)  in port              16  0.0    0    +0       0 R             
sum_unit/clk (i)
  sum_reg[8]/clk          unmapped_d_flop                      +0       0               
----------------------------------------------------------------------------------------
Timing slack :  UNCONSTRAINED
Start-point  : clk
End-point    : sum_unit/sum_reg[8]/clk

(u) : Net has unmapped pin(s).
(i) : Net is ideal.

path  42:

      Pin                     Type         Fanout Load Slew Delay Arrival   Location    
                                                  (fF) (ps)  (ps)   (ps)       (x,   y) 
----------------------------------------------------------------------------------------
clk              (i) (u)  in port              16  0.0    0    +0       0 R             
sum_unit/clk (i)
  sum_reg[7]/clk          unmapped_d_flop                      +0       0               
----------------------------------------------------------------------------------------
Timing slack :  UNCONSTRAINED
Start-point  : clk
End-point    : sum_unit/sum_reg[7]/clk

(u) : Net has unmapped pin(s).
(i) : Net is ideal.

path  43:

      Pin                     Type         Fanout Load Slew Delay Arrival   Location    
                                                  (fF) (ps)  (ps)   (ps)       (x,   y) 
----------------------------------------------------------------------------------------
clk              (i) (u)  in port              16  0.0    0    +0       0 R             
sum_unit/clk (i)
  sum_reg[6]/clk          unmapped_d_flop                      +0       0               
----------------------------------------------------------------------------------------
Timing slack :  UNCONSTRAINED
Start-point  : clk
End-point    : sum_unit/sum_reg[6]/clk

(u) : Net has unmapped pin(s).
(i) : Net is ideal.

path  44:

      Pin                     Type         Fanout Load Slew Delay Arrival   Location    
                                                  (fF) (ps)  (ps)   (ps)       (x,   y) 
----------------------------------------------------------------------------------------
clk              (i) (u)  in port              16  0.0    0    +0       0 R             
sum_unit/clk (i)
  sum_reg[5]/clk          unmapped_d_flop                      +0       0               
----------------------------------------------------------------------------------------
Timing slack :  UNCONSTRAINED
Start-point  : clk
End-point    : sum_unit/sum_reg[5]/clk

(u) : Net has unmapped pin(s).
(i) : Net is ideal.

path  45:

      Pin                     Type         Fanout Load Slew Delay Arrival   Location    
                                                  (fF) (ps)  (ps)   (ps)       (x,   y) 
----------------------------------------------------------------------------------------
clk              (i) (u)  in port              16  0.0    0    +0       0 R             
sum_unit/clk (i)
  sum_reg[4]/clk          unmapped_d_flop                      +0       0               
----------------------------------------------------------------------------------------
Timing slack :  UNCONSTRAINED
Start-point  : clk
End-point    : sum_unit/sum_reg[4]/clk

(u) : Net has unmapped pin(s).
(i) : Net is ideal.

path  46:

      Pin                     Type         Fanout Load Slew Delay Arrival   Location    
                                                  (fF) (ps)  (ps)   (ps)       (x,   y) 
----------------------------------------------------------------------------------------
clk              (i) (u)  in port              16  0.0    0    +0       0 R             
sum_unit/clk (i)
  sum_reg[3]/clk          unmapped_d_flop                      +0       0               
----------------------------------------------------------------------------------------
Timing slack :  UNCONSTRAINED
Start-point  : clk
End-point    : sum_unit/sum_reg[3]/clk

(u) : Net has unmapped pin(s).
(i) : Net is ideal.

path  47:

      Pin                     Type         Fanout Load Slew Delay Arrival   Location    
                                                  (fF) (ps)  (ps)   (ps)       (x,   y) 
----------------------------------------------------------------------------------------
clk              (i) (u)  in port              16  0.0    0    +0       0 R             
sum_unit/clk (i)
  sum_reg[2]/clk          unmapped_d_flop                      +0       0               
----------------------------------------------------------------------------------------
Timing slack :  UNCONSTRAINED
Start-point  : clk
End-point    : sum_unit/sum_reg[2]/clk

(u) : Net has unmapped pin(s).
(i) : Net is ideal.

path  48:

      Pin                     Type         Fanout Load Slew Delay Arrival   Location    
                                                  (fF) (ps)  (ps)   (ps)       (x,   y) 
----------------------------------------------------------------------------------------
clk              (i) (u)  in port              16  0.0    0    +0       0 R             
sum_unit/clk (i)
  sum_reg[1]/clk          unmapped_d_flop                      +0       0               
----------------------------------------------------------------------------------------
Timing slack :  UNCONSTRAINED
Start-point  : clk
End-point    : sum_unit/sum_reg[1]/clk

(u) : Net has unmapped pin(s).
(i) : Net is ideal.

path  49:

      Pin                     Type         Fanout Load Slew Delay Arrival   Location    
                                                  (fF) (ps)  (ps)   (ps)       (x,   y) 
----------------------------------------------------------------------------------------
clk              (i) (u)  in port              16  0.0    0    +0       0 R             
sum_unit/clk (i)
  sum_reg[0]/clk          unmapped_d_flop                      +0       0               
----------------------------------------------------------------------------------------
Timing slack :  UNCONSTRAINED
Start-point  : clk
End-point    : sum_unit/sum_reg[0]/clk

(u) : Net has unmapped pin(s).
(i) : Net is ideal.
