============================================================
  Generated by:           Genus(TM) Synthesis Solution 16.13-s036_1
  Generated on:           Oct 27 2024  11:44:28 am
  Module:                 alu
  Technology library:     slow_vdd1v0 1.0
  Operating conditions:   PVT_0P9V_125C (balanced_tree)
  Wireload mode:          enclosed
  Area mode:              timing library
============================================================

Path 1: MET Late External Delay Assertion
Endpoint:   carry_out16 (^) checked with leading edge of 'func_clk'
Beginpoint: b[0]        (v) triggered by leading edge of 'func_clk'
Other End Arrival Time           6000
- External Delay                  400
= Required Time                  5600
- Arrival Time                   2634
= Slack Time                     2966
    Clock Rise Edge                        0
    + Input Delay                        300
    = Beginpoint Arrival Time            300
---------------------------------------------------------------------------------------
                Pin             Edge   Cell   Fanout Load Slew Delay  Arrival Required 
                                                     (fF) (ps)  (ps) Time(ps) Time(ps) 
---------------------------------------------------------------------------------------
       b[0]                     v                  1  0.4    0    +0      300     3266 
       gen_prop_inst/g722/A     v                                 +0      300     3266 
       gen_prop_inst/g722/S     ^     ADDHX1       2  0.6   30  +182      482     3447 
       carry_unit1/g124/A1      ^                                 +0      482     3447 
       carry_unit1/g124/Y       ^     AO21XL       2  0.6   37  +132      614     3580 
       carry_unit1/g123/A1      ^                                 +0      614     3580 
       carry_unit1/g123/Y       ^     AO21XL       2  0.6   37  +136      750     3715 
       carry_unit1/g122/A1      ^                                 +0      750     3715 
       carry_unit1/g122/Y       ^     AO21XL       2  0.6   37  +136      885     3850 
       carry_unit1/g121/A1      ^                                 +0      885     3850 
       carry_unit1/g121/Y       ^     AO21XL       2  0.6   37  +136     1020     3986 
       carry_unit2/g125/A1      ^                                 +0     1020     3986 
       carry_unit2/g125/Y       ^     AO21XL       2  0.6   37  +136     1156     4122 
       carry_unit2/g124/A1      ^                                 +0     1156     4122 
       carry_unit2/g124/Y       ^     AO21XL       2  0.6   37  +136     1292     4257 
       carry_unit2/g123/A1      ^                                 +0     1292     4257 
       carry_unit2/g123/Y       ^     AO21XL       2  0.6   37  +136     1427     4392 
       carry_unit2/g122/A1      ^                                 +0     1427     4392 
       carry_unit2/g122/Y       ^     AO21XL       2  0.6   37  +136     1562     4528 
       carry_unit3/g125/A1      ^                                 +0     1562     4528 
       carry_unit3/g125/Y       ^     AO21XL       2  0.6   37  +136     1698     4664 
       carry_unit3/g124/A1      ^                                 +0     1698     4664 
       carry_unit3/g124/Y       ^     AO21XL       2  0.6   37  +136     1834     4799 
       carry_unit3/g123/A1      ^                                 +0     1834     4799 
       carry_unit3/g123/Y       ^     AO21XL       2  0.6   37  +136     1969     4934 
       carry_unit3/g122/A1      ^                                 +0     1969     4934 
       carry_unit3/g122/Y       ^     AO21XL       2  0.6   37  +136     2104     5070 
       carry_unit4/g125/A1      ^                                 +0     2104     5070 
       carry_unit4/g125/Y       ^     AO21XL       2  0.6   37  +136     2240     5206 
       carry_unit4/g124/A1      ^                                 +0     2240     5206 
       carry_unit4/g124/Y       ^     AO21XL       2  0.6   37  +136     2376     5341 
       carry_unit4/g123/A1      ^                                 +0     2376     5341 
       carry_unit4/g123/Y       ^     AO21XL       2  0.6   37  +136     2511     5476 
       carry_unit4/g122/A1      ^                                 +0     2511     5476 
       carry_unit4/g122/Y       ^     AO21XL       1  0.0   16  +124     2634     5600 
       carry_out16          <<< ^                                 +0     2634     5600 
---------------------------------------------------------------------------------------
Cost Group   : 'func_clk' (path_group 'func_clk')
