============================================================
  Generated by:           Genus(TM) Synthesis Solution 16.13-s036_1
  Generated on:           Oct 27 2024  11:44:39 am
  Module:                 alu
  Technology library:     slow_vdd1v0 1.0
  Operating conditions:   PVT_0P9V_125C (balanced_tree)
  Wireload mode:          enclosed
  Area mode:              timing library
============================================================

Path 1: MET Late External Delay Assertion
Endpoint:   carry_out16 (^) checked with leading edge of 'func_clk'
Beginpoint: b[0]        (v) triggered by leading edge of 'func_clk'
Other End Arrival Time          10000
- External Delay                  400
= Required Time                  9600
- Arrival Time                   2434
= Slack Time                     7166
    Clock Rise Edge                        0
    + Input Delay                        100
    = Beginpoint Arrival Time            100
-----------------------------------------------------------------------------------------
                 Pin              Edge   Cell   Fanout Load Slew Delay  Arrival Required 
                                                       (fF) (ps)  (ps) Time(ps) Time(ps) 
-----------------------------------------------------------------------------------------
       b[0]                       v                  1  0.4    0    +0      100     7266 
       gen_prop_inst/g14178/A     v                                 +0      100     7266 
       gen_prop_inst/g14178/S     ^     ADDHX1       2  0.6   30  +182      282     7447 
       carry_unit1/g1922/A1       ^                                 +0      282     7447 
       carry_unit1/g1922/Y        ^     AO21XL       2  0.6   37  +132      414     7580 
       carry_unit1/g1921/A1       ^                                 +0      414     7580 
       carry_unit1/g1921/Y        ^     AO21XL       2  0.6   37  +136      550     7715 
       carry_unit1/g1920/A1       ^                                 +0      550     7715 
       carry_unit1/g1920/Y        ^     AO21XL       2  0.6   37  +136      685     7850 
       carry_unit1/g1919/A1       ^                                 +0      685     7850 
       carry_unit1/g1919/Y        ^     AO21XL       2  0.6   37  +136      820     7986 
       carry_unit2/g1952/A1       ^                                 +0      820     7986 
       carry_unit2/g1952/Y        ^     AO21XL       2  0.6   37  +136      956     8122 
       carry_unit2/g1951/A1       ^                                 +0      956     8122 
       carry_unit2/g1951/Y        ^     AO21XL       2  0.6   37  +136     1092     8257 
       carry_unit2/g1950/A1       ^                                 +0     1092     8257 
       carry_unit2/g1950/Y        ^     AO21XL       2  0.6   37  +136     1227     8392 
       carry_unit2/g1949/A1       ^                                 +0     1227     8392 
       carry_unit2/g1949/Y        ^     AO21XL       2  0.6   37  +136     1362     8528 
       carry_unit3/g1952/A1       ^                                 +0     1362     8528 
       carry_unit3/g1952/Y        ^     AO21XL       2  0.6   37  +136     1498     8664 
       carry_unit3/g1951/A1       ^                                 +0     1498     8664 
       carry_unit3/g1951/Y        ^     AO21XL       2  0.6   37  +136     1634     8799 
       carry_unit3/g1950/A1       ^                                 +0     1634     8799 
       carry_unit3/g1950/Y        ^     AO21XL       2  0.6   37  +136     1769     8934 
       carry_unit3/g1949/A1       ^                                 +0     1769     8934 
       carry_unit3/g1949/Y        ^     AO21XL       2  0.6   37  +136     1904     9070 
       carry_unit4/g1952/A1       ^                                 +0     1904     9070 
       carry_unit4/g1952/Y        ^     AO21XL       2  0.6   37  +136     2040     9206 
       carry_unit4/g1951/A1       ^                                 +0     2040     9206 
       carry_unit4/g1951/Y        ^     AO21XL       2  0.6   37  +136     2176     9341 
       carry_unit4/g1950/A1       ^                                 +0     2176     9341 
       carry_unit4/g1950/Y        ^     AO21XL       2  0.6   37  +136     2311     9476 
       carry_unit4/g1949/A1       ^                                 +0     2311     9476 
       carry_unit4/g1949/Y        ^     AO21XL       1  0.0   16  +124     2434     9600 
       carry_out16            <<< ^                                 +0     2434     9600 
-----------------------------------------------------------------------------------------
Cost Group   : 'func_clk' (path_group 'func_clk')
