============================================================
  Generated by:           Genus(TM) Synthesis Solution 16.13-s036_1
  Generated on:           Oct 27 2024  11:44:27 am
  Module:                 alu
  Technology library:     slow_vdd1v0 1.0
  Operating conditions:   PVT_0P9V_125C (balanced_tree)
  Wireload mode:          enclosed
  Area mode:              timing library
============================================================

                       Leakage   Dynamic    Total   
    Instance    Cells Power(nW) Power(nW) Power(nW) 
----------------------------------------------------
alu                64     4.795 25645.074 25649.868 
  sum_unit         32     2.770 19047.808 19050.578 
  gen_prop_inst    16     1.546  3881.568  3883.113 
  carry_unit2       4     0.120   476.935   477.055 
  carry_unit3       4     0.120   423.201   423.321 
  carry_unit1       4     0.119   395.218   395.337 
  carry_unit4       4     0.119   367.640   367.759 

============================================================
  Generated by:           Genus(TM) Synthesis Solution 16.13-s036_1
  Generated on:           Oct 27 2024  11:44:28 am
  Module:                 alu
  Technology library:     slow_vdd1v0 1.0
  Operating conditions:   PVT_0P9V_125C (balanced_tree)
  Wireload mode:          enclosed
  Area mode:              timing library
============================================================

                       Leakage   Dynamic    Total   
    Instance    Cells Power(nW) Power(nW) Power(nW) 
----------------------------------------------------
alu                64     4.801 22263.933 22268.734 
  sum_unit         32     2.778 16575.258 16578.036 
  gen_prop_inst    16     1.546  3286.995  3288.540 
  carry_unit3       4     0.120   368.649   368.768 
  carry_unit2       4     0.119   443.483   443.603 
  carry_unit4       4     0.119   384.645   384.765 
  carry_unit1       4     0.119   323.183   323.303 

============================================================
  Generated by:           Genus(TM) Synthesis Solution 16.13-s036_1
  Generated on:           Oct 27 2024  11:44:28 am
  Module:                 alu
  Technology library:     slow_vdd1v0 1.0
  Operating conditions:   PVT_0P9V_125C (balanced_tree)
  Wireload mode:          enclosed
  Area mode:              timing library
============================================================

                       Leakage   Dynamic    Total   
    Instance    Cells Power(nW) Power(nW) Power(nW) 
----------------------------------------------------
alu                64     4.799 19374.439 19379.239 
  sum_unit         32     2.774 14487.211 14489.986 
  gen_prop_inst    16     1.546  2807.777  2809.323 
  carry_unit2       4     0.121   354.166   354.286 
  carry_unit3       4     0.120   311.985   312.104 
  carry_unit1       4     0.120   351.293   351.412 
  carry_unit4       4     0.119   311.612   311.732 

============================================================
  Generated by:           Genus(TM) Synthesis Solution 16.13-s036_1
  Generated on:           Oct 27 2024  11:44:29 am
  Module:                 alu
  Technology library:     slow_vdd1v0 1.0
  Operating conditions:   PVT_0P9V_125C (balanced_tree)
  Wireload mode:          enclosed
  Area mode:              timing library
============================================================

                       Leakage   Dynamic    Total   
    Instance    Cells Power(nW) Power(nW) Power(nW) 
----------------------------------------------------
alu                64     4.800 17432.536 17437.336 
  sum_unit         32     2.776 13070.303 13073.079 
  gen_prop_inst    16     1.545  2414.883  2416.429 
  carry_unit2       4     0.120   346.758   346.879 
  carry_unit3       4     0.120   366.103   366.223 
  carry_unit1       4     0.120   293.943   294.063 
  carry_unit4       4     0.119   289.592   289.711 

============================================================
  Generated by:           Genus(TM) Synthesis Solution 16.13-s036_1
  Generated on:           Oct 27 2024  11:44:29 am
  Module:                 alu
  Technology library:     slow_vdd1v0 1.0
  Operating conditions:   PVT_0P9V_125C (balanced_tree)
  Wireload mode:          enclosed
  Area mode:              timing library
============================================================

                       Leakage   Dynamic    Total   
    Instance    Cells Power(nW) Power(nW) Power(nW) 
----------------------------------------------------
alu                64     4.799 15460.880 15465.680 
  sum_unit         32     2.775 11600.902 11603.676 
  gen_prop_inst    16     1.546  2224.183  2225.729 
  carry_unit2       4     0.120   262.791   262.911 
  carry_unit4       4     0.120   286.524   286.643 
  carry_unit3       4     0.120   278.899   279.019 
  carry_unit1       4     0.119   225.535   225.655 

============================================================
  Generated by:           Genus(TM) Synthesis Solution 16.13-s036_1
  Generated on:           Oct 27 2024  11:44:30 am
  Module:                 alu
  Technology library:     slow_vdd1v0 1.0
  Operating conditions:   PVT_0P9V_125C (balanced_tree)
  Wireload mode:          enclosed
  Area mode:              timing library
============================================================

                       Leakage   Dynamic    Total   
    Instance    Cells Power(nW) Power(nW) Power(nW) 
----------------------------------------------------
alu                64     4.790 13033.749 13038.540 
  sum_unit         32     2.767  9768.861  9771.628 
  gen_prop_inst    16     1.546  1928.657  1930.202 
  carry_unit4       4     0.120   183.517   183.637 
  carry_unit2       4     0.119   210.891   211.011 
  carry_unit3       4     0.119   243.793   243.912 
  carry_unit1       4     0.119   179.800   179.919 

============================================================
  Generated by:           Genus(TM) Synthesis Solution 16.13-s036_1
  Generated on:           Oct 27 2024  11:44:30 am
  Module:                 alu
  Technology library:     slow_vdd1v0 1.0
  Operating conditions:   PVT_0P9V_125C (balanced_tree)
  Wireload mode:          enclosed
  Area mode:              timing library
============================================================

                       Leakage   Dynamic    Total   
    Instance    Cells Power(nW) Power(nW) Power(nW) 
----------------------------------------------------
alu                64     4.793 12908.040 12912.833 
  sum_unit         32     2.769  9704.435  9707.204 
  gen_prop_inst    16     1.546  1773.943  1775.488 
  carry_unit4       4     0.120   221.561   221.681 
  carry_unit1       4     0.120   250.612   250.732 
  carry_unit2       4     0.120   244.868   244.988 
  carry_unit3       4     0.119   235.251   235.371 

============================================================
  Generated by:           Genus(TM) Synthesis Solution 16.13-s036_1
  Generated on:           Oct 27 2024  11:44:30 am
  Module:                 alu
  Technology library:     slow_vdd1v0 1.0
  Operating conditions:   PVT_0P9V_125C (balanced_tree)
  Wireload mode:          enclosed
  Area mode:              timing library
============================================================

                       Leakage   Dynamic    Total   
    Instance    Cells Power(nW) Power(nW) Power(nW) 
----------------------------------------------------
alu                64     4.794 11759.393 11764.187 
  sum_unit         32     2.768  8840.486  8843.254 
  gen_prop_inst    16     1.546  1659.513  1661.059 
  carry_unit4       4     0.121   191.439   191.559 
  carry_unit1       4     0.120   196.888   197.009 
  carry_unit3       4     0.120   186.321   186.441 
  carry_unit2       4     0.120   244.308   244.428 

============================================================
  Generated by:           Genus(TM) Synthesis Solution 16.13-s036_1
  Generated on:           Oct 27 2024  11:44:31 am
  Module:                 alu
  Technology library:     slow_vdd1v0 1.0
  Operating conditions:   PVT_0P9V_125C (balanced_tree)
  Wireload mode:          enclosed
  Area mode:              timing library
============================================================

                       Leakage   Dynamic    Total   
    Instance    Cells Power(nW) Power(nW) Power(nW) 
----------------------------------------------------
alu                64     4.808 11187.643 11192.451 
  sum_unit         32     2.785  8403.183  8405.968 
  gen_prop_inst    16     1.546  1543.510  1545.055 
  carry_unit3       4     0.120   186.557   186.677 
  carry_unit2       4     0.119   210.866   210.985 
  carry_unit4       4     0.119   204.374   204.493 
  carry_unit1       4     0.119   232.629   232.748 

============================================================
  Generated by:           Genus(TM) Synthesis Solution 16.13-s036_1
  Generated on:           Oct 27 2024  11:44:31 am
  Module:                 alu
  Technology library:     slow_vdd1v0 1.0
  Operating conditions:   PVT_0P9V_125C (balanced_tree)
  Wireload mode:          enclosed
  Area mode:              timing library
============================================================

                       Leakage   Dynamic    Total   
    Instance    Cells Power(nW) Power(nW) Power(nW) 
----------------------------------------------------
alu                64     4.803 10629.307 10634.110 
  sum_unit         32     2.777  8026.085  8028.862 
  gen_prop_inst    16     1.546  1389.817  1391.363 
  carry_unit4       4     0.121   185.841   185.962 
  carry_unit1       4     0.120   262.796   262.917 
  carry_unit3       4     0.120   207.767   207.887 
  carry_unit2       4     0.119   182.436   182.555 

