============================================================
  Generated by:           Genus(TM) Synthesis Solution 16.13-s036_1
  Generated on:           Oct 27 2024  11:44:35 am
  Module:                 alu
  Technology library:     slow_vdd1v0 1.0
  Operating conditions:   PVT_0P9V_125C (balanced_tree)
  Wireload mode:          enclosed
  Area mode:              timing library
============================================================

Path 1: MET Late External Delay Assertion
Endpoint:   carry_out16 (^) checked with leading edge of 'func_clk'
Beginpoint: b[0]        (v) triggered by leading edge of 'func_clk'
Other End Arrival Time          10000
- External Delay                  400
= Required Time                  9600
- Arrival Time                   3234
= Slack Time                     6366
    Clock Rise Edge                        0
    + Input Delay                        900
    = Beginpoint Arrival Time            900
----------------------------------------------------------------------------------------
                Pin              Edge   Cell   Fanout Load Slew Delay  Arrival Required 
                                                      (fF) (ps)  (ps) Time(ps) Time(ps) 
----------------------------------------------------------------------------------------
       b[0]                      v                  1  0.4    0    +0      900     7266 
       gen_prop_inst/g8610/A     v                                 +0      900     7266 
       gen_prop_inst/g8610/S     ^     ADDHX1       2  0.6   30  +182     1082     7447 
       carry_unit1/g1178/A1      ^                                 +0     1082     7447 
       carry_unit1/g1178/Y       ^     AO21XL       2  0.6   37  +132     1214     7580 
       carry_unit1/g1177/A1      ^                                 +0     1214     7580 
       carry_unit1/g1177/Y       ^     AO21XL       2  0.6   37  +136     1350     7715 
       carry_unit1/g1176/A1      ^                                 +0     1350     7715 
       carry_unit1/g1176/Y       ^     AO21XL       2  0.6   37  +136     1485     7850 
       carry_unit1/g1175/A1      ^                                 +0     1485     7850 
       carry_unit1/g1175/Y       ^     AO21XL       2  0.6   37  +136     1620     7986 
       carry_unit2/g1196/A1      ^                                 +0     1620     7986 
       carry_unit2/g1196/Y       ^     AO21XL       2  0.6   37  +136     1756     8122 
       carry_unit2/g1195/A1      ^                                 +0     1756     8122 
       carry_unit2/g1195/Y       ^     AO21XL       2  0.6   37  +136     1892     8257 
       carry_unit2/g1194/A1      ^                                 +0     1892     8257 
       carry_unit2/g1194/Y       ^     AO21XL       2  0.6   37  +136     2027     8392 
       carry_unit2/g1193/A1      ^                                 +0     2027     8392 
       carry_unit2/g1193/Y       ^     AO21XL       2  0.6   37  +136     2162     8528 
       carry_unit3/g1196/A1      ^                                 +0     2162     8528 
       carry_unit3/g1196/Y       ^     AO21XL       2  0.6   37  +136     2298     8664 
       carry_unit3/g1195/A1      ^                                 +0     2298     8664 
       carry_unit3/g1195/Y       ^     AO21XL       2  0.6   37  +136     2434     8799 
       carry_unit3/g1194/A1      ^                                 +0     2434     8799 
       carry_unit3/g1194/Y       ^     AO21XL       2  0.6   37  +136     2569     8934 
       carry_unit3/g1193/A1      ^                                 +0     2569     8934 
       carry_unit3/g1193/Y       ^     AO21XL       2  0.6   37  +136     2704     9070 
       carry_unit4/g1196/A1      ^                                 +0     2704     9070 
       carry_unit4/g1196/Y       ^     AO21XL       2  0.6   37  +136     2840     9206 
       carry_unit4/g1195/A1      ^                                 +0     2840     9206 
       carry_unit4/g1195/Y       ^     AO21XL       2  0.6   37  +136     2976     9341 
       carry_unit4/g1194/A1      ^                                 +0     2976     9341 
       carry_unit4/g1194/Y       ^     AO21XL       2  0.6   37  +136     3111     9476 
       carry_unit4/g1193/A1      ^                                 +0     3111     9476 
       carry_unit4/g1193/Y       ^     AO21XL       1  0.0   16  +124     3234     9600 
       carry_out16           <<< ^                                 +0     3234     9600 
----------------------------------------------------------------------------------------
Cost Group   : 'func_clk' (path_group 'func_clk')
