============================================================
  Generated by:           Genus(TM) Synthesis Solution 16.13-s036_1
  Generated on:           Oct 27 2024  11:44:45 am
  Module:                 alu
  Technology library:     slow_vdd1v0 1.0
  Operating conditions:   PVT_0P9V_125C (balanced_tree)
  Wireload mode:          enclosed
  Area mode:              timing library
============================================================

Path 1: MET Late External Delay Assertion
Endpoint:   carry_out16 (^) checked with leading edge of 'func_clk'
Beginpoint: b[0]        (v) triggered by leading edge of 'func_clk'
Other End Arrival Time          10000
- External Delay                  800
= Required Time                  9200
- Arrival Time                   2634
= Slack Time                     6566
    Clock Rise Edge                        0
    + Input Delay                        300
    = Beginpoint Arrival Time            300
-----------------------------------------------------------------------------------------
                 Pin              Edge   Cell   Fanout Load Slew Delay  Arrival Required 
                                                       (fF) (ps)  (ps) Time(ps) Time(ps) 
-----------------------------------------------------------------------------------------
       b[0]                       v                  1  0.4    0    +0      300     6866 
       gen_prop_inst/g21602/A     v                                 +0      300     6866 
       gen_prop_inst/g21602/S     ^     ADDHX1       2  0.6   30  +182      482     7047 
       carry_unit1/g2914/A1       ^                                 +0      482     7047 
       carry_unit1/g2914/Y        ^     AO21XL       2  0.6   37  +132      614     7180 
       carry_unit1/g2913/A1       ^                                 +0      614     7180 
       carry_unit1/g2913/Y        ^     AO21XL       2  0.6   37  +136      750     7315 
       carry_unit1/g2912/A1       ^                                 +0      750     7315 
       carry_unit1/g2912/Y        ^     AO21XL       2  0.6   37  +136      885     7450 
       carry_unit1/g2911/A1       ^                                 +0      885     7450 
       carry_unit1/g2911/Y        ^     AO21XL       2  0.6   37  +136     1020     7586 
       carry_unit2/g2960/A1       ^                                 +0     1020     7586 
       carry_unit2/g2960/Y        ^     AO21XL       2  0.6   37  +136     1156     7722 
       carry_unit2/g2959/A1       ^                                 +0     1156     7722 
       carry_unit2/g2959/Y        ^     AO21XL       2  0.6   37  +136     1292     7857 
       carry_unit2/g2958/A1       ^                                 +0     1292     7857 
       carry_unit2/g2958/Y        ^     AO21XL       2  0.6   37  +136     1427     7992 
       carry_unit2/g2957/A1       ^                                 +0     1427     7992 
       carry_unit2/g2957/Y        ^     AO21XL       2  0.6   37  +136     1562     8128 
       carry_unit3/g2960/A1       ^                                 +0     1562     8128 
       carry_unit3/g2960/Y        ^     AO21XL       2  0.6   37  +136     1698     8264 
       carry_unit3/g2959/A1       ^                                 +0     1698     8264 
       carry_unit3/g2959/Y        ^     AO21XL       2  0.6   37  +136     1834     8399 
       carry_unit3/g2958/A1       ^                                 +0     1834     8399 
       carry_unit3/g2958/Y        ^     AO21XL       2  0.6   37  +136     1969     8534 
       carry_unit3/g2957/A1       ^                                 +0     1969     8534 
       carry_unit3/g2957/Y        ^     AO21XL       2  0.6   37  +136     2104     8670 
       carry_unit4/g2960/A1       ^                                 +0     2104     8670 
       carry_unit4/g2960/Y        ^     AO21XL       2  0.6   37  +136     2240     8806 
       carry_unit4/g2959/A1       ^                                 +0     2240     8806 
       carry_unit4/g2959/Y        ^     AO21XL       2  0.6   37  +136     2376     8941 
       carry_unit4/g2958/A1       ^                                 +0     2376     8941 
       carry_unit4/g2958/Y        ^     AO21XL       2  0.6   37  +136     2511     9076 
       carry_unit4/g2957/A1       ^                                 +0     2511     9076 
       carry_unit4/g2957/Y        ^     AO21XL       1  0.0   16  +124     2634     9200 
       carry_out16            <<< ^                                 +0     2634     9200 
-----------------------------------------------------------------------------------------
Cost Group   : 'func_clk' (path_group 'func_clk')
