============================================================
  Generated by:           Genus(TM) Synthesis Solution 16.13-s036_1
  Generated on:           Oct 27 2024  11:44:33 am
  Module:                 alu
  Technology library:     slow_vdd1v0 1.0
  Operating conditions:   PVT_0P9V_125C (balanced_tree)
  Wireload mode:          enclosed
  Area mode:              timing library
============================================================

Path 1: MET Late External Delay Assertion
Endpoint:   carry_out16 (^) checked with leading edge of 'func_clk'
Beginpoint: b[0]        (v) triggered by leading edge of 'func_clk'
Other End Arrival Time          10000
- External Delay                  400
= Required Time                  9600
- Arrival Time                   2834
= Slack Time                     6766
    Clock Rise Edge                        0
    + Input Delay                        500
    = Beginpoint Arrival Time            500
----------------------------------------------------------------------------------------
                Pin              Edge   Cell   Fanout Load Slew Delay  Arrival Required 
                                                      (fF) (ps)  (ps) Time(ps) Time(ps) 
----------------------------------------------------------------------------------------
       b[0]                      v                  1  0.4    0    +0      500     7266 
       gen_prop_inst/g6754/A     v                                 +0      500     7266 
       gen_prop_inst/g6754/S     ^     ADDHX1       2  0.6   30  +182      682     7447 
       carry_unit1/g930/A1       ^                                 +0      682     7447 
       carry_unit1/g930/Y        ^     AO21XL       2  0.6   37  +132      814     7580 
       carry_unit1/g929/A1       ^                                 +0      814     7580 
       carry_unit1/g929/Y        ^     AO21XL       2  0.6   37  +136      950     7715 
       carry_unit1/g928/A1       ^                                 +0      950     7715 
       carry_unit1/g928/Y        ^     AO21XL       2  0.6   37  +136     1085     7850 
       carry_unit1/g927/A1       ^                                 +0     1085     7850 
       carry_unit1/g927/Y        ^     AO21XL       2  0.6   37  +136     1220     7986 
       carry_unit2/g944/A1       ^                                 +0     1220     7986 
       carry_unit2/g944/Y        ^     AO21XL       2  0.6   37  +136     1356     8122 
       carry_unit2/g943/A1       ^                                 +0     1356     8122 
       carry_unit2/g943/Y        ^     AO21XL       2  0.6   37  +136     1492     8257 
       carry_unit2/g942/A1       ^                                 +0     1492     8257 
       carry_unit2/g942/Y        ^     AO21XL       2  0.6   37  +136     1627     8392 
       carry_unit2/g941/A1       ^                                 +0     1627     8392 
       carry_unit2/g941/Y        ^     AO21XL       2  0.6   37  +136     1762     8528 
       carry_unit3/g944/A1       ^                                 +0     1762     8528 
       carry_unit3/g944/Y        ^     AO21XL       2  0.6   37  +136     1898     8664 
       carry_unit3/g943/A1       ^                                 +0     1898     8664 
       carry_unit3/g943/Y        ^     AO21XL       2  0.6   37  +136     2034     8799 
       carry_unit3/g942/A1       ^                                 +0     2034     8799 
       carry_unit3/g942/Y        ^     AO21XL       2  0.6   37  +136     2169     8934 
       carry_unit3/g941/A1       ^                                 +0     2169     8934 
       carry_unit3/g941/Y        ^     AO21XL       2  0.6   37  +136     2304     9070 
       carry_unit4/g944/A1       ^                                 +0     2304     9070 
       carry_unit4/g944/Y        ^     AO21XL       2  0.6   37  +136     2440     9206 
       carry_unit4/g943/A1       ^                                 +0     2440     9206 
       carry_unit4/g943/Y        ^     AO21XL       2  0.6   37  +136     2576     9341 
       carry_unit4/g942/A1       ^                                 +0     2576     9341 
       carry_unit4/g942/Y        ^     AO21XL       2  0.6   37  +136     2711     9476 
       carry_unit4/g941/A1       ^                                 +0     2711     9476 
       carry_unit4/g941/Y        ^     AO21XL       1  0.0   16  +124     2834     9600 
       carry_out16           <<< ^                                 +0     2834     9600 
----------------------------------------------------------------------------------------
Cost Group   : 'func_clk' (path_group 'func_clk')
