============================================================
  Generated by:           Genus(TM) Synthesis Solution 16.13-s036_1
  Generated on:           Oct 27 2024  11:44:34 am
  Module:                 alu
  Technology library:     slow_vdd1v0 1.0
  Operating conditions:   PVT_0P9V_125C (balanced_tree)
  Wireload mode:          enclosed
  Area mode:              timing library
============================================================

Path 1: MET Late External Delay Assertion
Endpoint:   carry_out16 (^) checked with leading edge of 'func_clk'
Beginpoint: b[0]        (v) triggered by leading edge of 'func_clk'
Other End Arrival Time          10000
- External Delay                  400
= Required Time                  9600
- Arrival Time                   3134
= Slack Time                     6466
    Clock Rise Edge                        0
    + Input Delay                        800
    = Beginpoint Arrival Time            800
----------------------------------------------------------------------------------------
                Pin              Edge   Cell   Fanout Load Slew Delay  Arrival Required 
                                                      (fF) (ps)  (ps) Time(ps) Time(ps) 
----------------------------------------------------------------------------------------
       b[0]                      v                  1  0.4    0    +0      800     7266 
       gen_prop_inst/g8146/A     v                                 +0      800     7266 
       gen_prop_inst/g8146/S     ^     ADDHX1       2  0.6   30  +182      982     7447 
       carry_unit1/g1116/A1      ^                                 +0      982     7447 
       carry_unit1/g1116/Y       ^     AO21XL       2  0.6   37  +132     1114     7580 
       carry_unit1/g1115/A1      ^                                 +0     1114     7580 
       carry_unit1/g1115/Y       ^     AO21XL       2  0.6   37  +136     1250     7715 
       carry_unit1/g1114/A1      ^                                 +0     1250     7715 
       carry_unit1/g1114/Y       ^     AO21XL       2  0.6   37  +136     1385     7850 
       carry_unit1/g1113/A1      ^                                 +0     1385     7850 
       carry_unit1/g1113/Y       ^     AO21XL       2  0.6   37  +136     1520     7986 
       carry_unit2/g1133/A1      ^                                 +0     1520     7986 
       carry_unit2/g1133/Y       ^     AO21XL       2  0.6   37  +136     1656     8122 
       carry_unit2/g1132/A1      ^                                 +0     1656     8122 
       carry_unit2/g1132/Y       ^     AO21XL       2  0.6   37  +136     1792     8257 
       carry_unit2/g1131/A1      ^                                 +0     1792     8257 
       carry_unit2/g1131/Y       ^     AO21XL       2  0.6   37  +136     1927     8392 
       carry_unit2/g1130/A1      ^                                 +0     1927     8392 
       carry_unit2/g1130/Y       ^     AO21XL       2  0.6   37  +136     2062     8528 
       carry_unit3/g1133/A1      ^                                 +0     2062     8528 
       carry_unit3/g1133/Y       ^     AO21XL       2  0.6   37  +136     2198     8664 
       carry_unit3/g1132/A1      ^                                 +0     2198     8664 
       carry_unit3/g1132/Y       ^     AO21XL       2  0.6   37  +136     2334     8799 
       carry_unit3/g1131/A1      ^                                 +0     2334     8799 
       carry_unit3/g1131/Y       ^     AO21XL       2  0.6   37  +136     2469     8934 
       carry_unit3/g1130/A1      ^                                 +0     2469     8934 
       carry_unit3/g1130/Y       ^     AO21XL       2  0.6   37  +136     2604     9070 
       carry_unit4/g1133/A1      ^                                 +0     2604     9070 
       carry_unit4/g1133/Y       ^     AO21XL       2  0.6   37  +136     2740     9206 
       carry_unit4/g1132/A1      ^                                 +0     2740     9206 
       carry_unit4/g1132/Y       ^     AO21XL       2  0.6   37  +136     2876     9341 
       carry_unit4/g1131/A1      ^                                 +0     2876     9341 
       carry_unit4/g1131/Y       ^     AO21XL       2  0.6   37  +136     3011     9476 
       carry_unit4/g1130/A1      ^                                 +0     3011     9476 
       carry_unit4/g1130/Y       ^     AO21XL       1  0.0   16  +124     3134     9600 
       carry_out16           <<< ^                                 +0     3134     9600 
----------------------------------------------------------------------------------------
Cost Group   : 'func_clk' (path_group 'func_clk')
