============================================================
  Generated by:           Genus(TM) Synthesis Solution 16.13-s036_1
  Generated on:           Oct 27 2024  11:44:43 am
  Module:                 alu
  Technology library:     slow_vdd1v0 1.0
  Operating conditions:   PVT_0P9V_125C (balanced_tree)
  Wireload mode:          enclosed
  Area mode:              timing library
============================================================

                       Leakage   Dynamic    Total   
    Instance    Cells Power(nW) Power(nW) Power(nW) 
----------------------------------------------------
alu                64     4.790 13033.749 13038.540 
  sum_unit         32     2.767  9768.861  9771.628 
  gen_prop_inst    16     1.546  1928.657  1930.202 
  carry_unit4       4     0.120   183.517   183.637 
  carry_unit2       4     0.119   210.891   211.011 
  carry_unit3       4     0.119   243.793   243.912 
  carry_unit1       4     0.119   179.800   179.919 

============================================================
  Generated by:           Genus(TM) Synthesis Solution 16.13-s036_1
  Generated on:           Oct 27 2024  11:44:43 am
  Module:                 alu
  Technology library:     slow_vdd1v0 1.0
  Operating conditions:   PVT_0P9V_125C (balanced_tree)
  Wireload mode:          enclosed
  Area mode:              timing library
============================================================

                       Leakage   Dynamic    Total   
    Instance    Cells Power(nW) Power(nW) Power(nW) 
----------------------------------------------------
alu                64     4.790 13033.749 13038.540 
  sum_unit         32     2.767  9768.861  9771.628 
  gen_prop_inst    16     1.546  1928.657  1930.202 
  carry_unit4       4     0.120   183.517   183.637 
  carry_unit2       4     0.119   210.891   211.011 
  carry_unit3       4     0.119   243.793   243.912 
  carry_unit1       4     0.119   179.800   179.919 

============================================================
  Generated by:           Genus(TM) Synthesis Solution 16.13-s036_1
  Generated on:           Oct 27 2024  11:44:44 am
  Module:                 alu
  Technology library:     slow_vdd1v0 1.0
  Operating conditions:   PVT_0P9V_125C (balanced_tree)
  Wireload mode:          enclosed
  Area mode:              timing library
============================================================

                       Leakage   Dynamic    Total   
    Instance    Cells Power(nW) Power(nW) Power(nW) 
----------------------------------------------------
alu                64     4.790 13033.749 13038.540 
  sum_unit         32     2.767  9768.861  9771.628 
  gen_prop_inst    16     1.546  1928.657  1930.202 
  carry_unit4       4     0.120   183.517   183.637 
  carry_unit2       4     0.119   210.891   211.011 
  carry_unit3       4     0.119   243.793   243.912 
  carry_unit1       4     0.119   179.800   179.919 

============================================================
  Generated by:           Genus(TM) Synthesis Solution 16.13-s036_1
  Generated on:           Oct 27 2024  11:44:44 am
  Module:                 alu
  Technology library:     slow_vdd1v0 1.0
  Operating conditions:   PVT_0P9V_125C (balanced_tree)
  Wireload mode:          enclosed
  Area mode:              timing library
============================================================

                       Leakage   Dynamic    Total   
    Instance    Cells Power(nW) Power(nW) Power(nW) 
----------------------------------------------------
alu                64     4.753 12906.937 12911.690 
  sum_unit         32     2.730  9642.048  9644.778 
  gen_prop_inst    16     1.546  1928.657  1930.202 
  carry_unit4       4     0.120   183.517   183.637 
  carry_unit2       4     0.119   210.891   211.011 
  carry_unit3       4     0.119   243.793   243.912 
  carry_unit1       4     0.119   179.800   179.919 

============================================================
  Generated by:           Genus(TM) Synthesis Solution 16.13-s036_1
  Generated on:           Oct 27 2024  11:44:45 am
  Module:                 alu
  Technology library:     slow_vdd1v0 1.0
  Operating conditions:   PVT_0P9V_125C (balanced_tree)
  Wireload mode:          enclosed
  Area mode:              timing library
============================================================

                       Leakage   Dynamic    Total   
    Instance    Cells Power(nW) Power(nW) Power(nW) 
----------------------------------------------------
alu                64     4.716 12771.592 12776.308 
  sum_unit         32     2.693  9506.704  9509.396 
  gen_prop_inst    16     1.546  1928.657  1930.202 
  carry_unit4       4     0.120   183.517   183.637 
  carry_unit2       4     0.119   210.891   211.011 
  carry_unit3       4     0.119   243.793   243.912 
  carry_unit1       4     0.119   179.800   179.919 

============================================================
  Generated by:           Genus(TM) Synthesis Solution 16.13-s036_1
  Generated on:           Oct 27 2024  11:44:45 am
  Module:                 alu
  Technology library:     slow_vdd1v0 1.0
  Operating conditions:   PVT_0P9V_125C (balanced_tree)
  Wireload mode:          enclosed
  Area mode:              timing library
============================================================

                       Leakage   Dynamic    Total   
    Instance    Cells Power(nW) Power(nW) Power(nW) 
----------------------------------------------------
alu                64     4.716 12771.592 12776.308 
  sum_unit         32     2.693  9506.704  9509.396 
  gen_prop_inst    16     1.546  1928.657  1930.202 
  carry_unit4       4     0.120   183.517   183.637 
  carry_unit2       4     0.119   210.891   211.011 
  carry_unit3       4     0.119   243.793   243.912 
  carry_unit1       4     0.119   179.800   179.919 

============================================================
  Generated by:           Genus(TM) Synthesis Solution 16.13-s036_1
  Generated on:           Oct 27 2024  11:44:45 am
  Module:                 alu
  Technology library:     slow_vdd1v0 1.0
  Operating conditions:   PVT_0P9V_125C (balanced_tree)
  Wireload mode:          enclosed
  Area mode:              timing library
============================================================

                       Leakage   Dynamic    Total   
    Instance    Cells Power(nW) Power(nW) Power(nW) 
----------------------------------------------------
alu                64     4.642 12505.168 12509.810 
  sum_unit         32     2.619  9240.280  9242.898 
  gen_prop_inst    16     1.546  1928.657  1930.202 
  carry_unit4       4     0.120   183.517   183.637 
  carry_unit2       4     0.119   210.891   211.011 
  carry_unit3       4     0.119   243.793   243.912 
  carry_unit1       4     0.119   179.800   179.919 

============================================================
  Generated by:           Genus(TM) Synthesis Solution 16.13-s036_1
  Generated on:           Oct 27 2024  11:44:46 am
  Module:                 alu
  Technology library:     slow_vdd1v0 1.0
  Operating conditions:   PVT_0P9V_125C (balanced_tree)
  Wireload mode:          enclosed
  Area mode:              timing library
============================================================

                       Leakage   Dynamic    Total   
    Instance    Cells Power(nW) Power(nW) Power(nW) 
----------------------------------------------------
alu                64     4.605 12369.823 12374.428 
  sum_unit         32     2.581  9104.935  9107.516 
  gen_prop_inst    16     1.546  1928.657  1930.202 
  carry_unit4       4     0.120   183.517   183.637 
  carry_unit2       4     0.119   210.891   211.011 
  carry_unit3       4     0.119   243.793   243.912 
  carry_unit1       4     0.119   179.800   179.919 

============================================================
  Generated by:           Genus(TM) Synthesis Solution 16.13-s036_1
  Generated on:           Oct 27 2024  11:44:46 am
  Module:                 alu
  Technology library:     slow_vdd1v0 1.0
  Operating conditions:   PVT_0P9V_125C (balanced_tree)
  Wireload mode:          enclosed
  Area mode:              timing library
============================================================

                       Leakage   Dynamic    Total   
    Instance    Cells Power(nW) Power(nW) Power(nW) 
----------------------------------------------------
alu                64     4.605 12369.823 12374.428 
  sum_unit         32     2.581  9104.935  9107.516 
  gen_prop_inst    16     1.546  1928.657  1930.202 
  carry_unit4       4     0.120   183.517   183.637 
  carry_unit2       4     0.119   210.891   211.011 
  carry_unit3       4     0.119   243.793   243.912 
  carry_unit1       4     0.119   179.800   179.919 

============================================================
  Generated by:           Genus(TM) Synthesis Solution 16.13-s036_1
  Generated on:           Oct 27 2024  11:44:46 am
  Module:                 alu
  Technology library:     slow_vdd1v0 1.0
  Operating conditions:   PVT_0P9V_125C (balanced_tree)
  Wireload mode:          enclosed
  Area mode:              timing library
============================================================

                       Leakage   Dynamic    Total   
    Instance    Cells Power(nW) Power(nW) Power(nW) 
----------------------------------------------------
alu                64     4.568 12234.479 12239.046 
  sum_unit         32     2.544  8969.590  8972.134 
  gen_prop_inst    16     1.546  1928.657  1930.202 
  carry_unit4       4     0.120   183.517   183.637 
  carry_unit2       4     0.119   210.891   211.011 
  carry_unit3       4     0.119   243.793   243.912 
  carry_unit1       4     0.119   179.800   179.919 

