============================================================
  Generated by:           Genus(TM) Synthesis Solution 16.13-s036_1
  Generated on:           Oct 27 2024  11:44:43 am
  Module:                 alu
  Technology library:     slow_vdd1v0 1.0
  Operating conditions:   PVT_0P9V_125C (balanced_tree)
  Wireload mode:          enclosed
  Area mode:              timing library
============================================================

Path 1: MET Late External Delay Assertion
Endpoint:   carry_out16 (^) checked with leading edge of 'func_clk'
Beginpoint: b[0]        (v) triggered by leading edge of 'func_clk'
Other End Arrival Time          10000
- External Delay                  200
= Required Time                  9800
- Arrival Time                   2634
= Slack Time                     7166
    Clock Rise Edge                        0
    + Input Delay                        300
    = Beginpoint Arrival Time            300
-----------------------------------------------------------------------------------------
                 Pin              Edge   Cell   Fanout Load Slew Delay  Arrival Required 
                                                       (fF) (ps)  (ps) Time(ps) Time(ps) 
-----------------------------------------------------------------------------------------
       b[0]                       v                  1  0.4    0    +0      300     7466 
       gen_prop_inst/g18818/A     v                                 +0      300     7466 
       gen_prop_inst/g18818/S     ^     ADDHX1       2  0.6   30  +182      482     7647 
       carry_unit1/g2542/A1       ^                                 +0      482     7647 
       carry_unit1/g2542/Y        ^     AO21XL       2  0.6   37  +132      614     7780 
       carry_unit1/g2541/A1       ^                                 +0      614     7780 
       carry_unit1/g2541/Y        ^     AO21XL       2  0.6   37  +136      750     7915 
       carry_unit1/g2540/A1       ^                                 +0      750     7915 
       carry_unit1/g2540/Y        ^     AO21XL       2  0.6   37  +136      885     8050 
       carry_unit1/g2539/A1       ^                                 +0      885     8050 
       carry_unit1/g2539/Y        ^     AO21XL       2  0.6   37  +136     1020     8186 
       carry_unit2/g2582/A1       ^                                 +0     1020     8186 
       carry_unit2/g2582/Y        ^     AO21XL       2  0.6   37  +136     1156     8322 
       carry_unit2/g2581/A1       ^                                 +0     1156     8322 
       carry_unit2/g2581/Y        ^     AO21XL       2  0.6   37  +136     1292     8457 
       carry_unit2/g2580/A1       ^                                 +0     1292     8457 
       carry_unit2/g2580/Y        ^     AO21XL       2  0.6   37  +136     1427     8592 
       carry_unit2/g2579/A1       ^                                 +0     1427     8592 
       carry_unit2/g2579/Y        ^     AO21XL       2  0.6   37  +136     1562     8728 
       carry_unit3/g2582/A1       ^                                 +0     1562     8728 
       carry_unit3/g2582/Y        ^     AO21XL       2  0.6   37  +136     1698     8864 
       carry_unit3/g2581/A1       ^                                 +0     1698     8864 
       carry_unit3/g2581/Y        ^     AO21XL       2  0.6   37  +136     1834     8999 
       carry_unit3/g2580/A1       ^                                 +0     1834     8999 
       carry_unit3/g2580/Y        ^     AO21XL       2  0.6   37  +136     1969     9134 
       carry_unit3/g2579/A1       ^                                 +0     1969     9134 
       carry_unit3/g2579/Y        ^     AO21XL       2  0.6   37  +136     2104     9270 
       carry_unit4/g2582/A1       ^                                 +0     2104     9270 
       carry_unit4/g2582/Y        ^     AO21XL       2  0.6   37  +136     2240     9406 
       carry_unit4/g2581/A1       ^                                 +0     2240     9406 
       carry_unit4/g2581/Y        ^     AO21XL       2  0.6   37  +136     2376     9541 
       carry_unit4/g2580/A1       ^                                 +0     2376     9541 
       carry_unit4/g2580/Y        ^     AO21XL       2  0.6   37  +136     2511     9676 
       carry_unit4/g2579/A1       ^                                 +0     2511     9676 
       carry_unit4/g2579/Y        ^     AO21XL       1  0.0   16  +124     2634     9800 
       carry_out16            <<< ^                                 +0     2634     9800 
-----------------------------------------------------------------------------------------
Cost Group   : 'func_clk' (path_group 'func_clk')
