============================================================
  Generated by:           Genus(TM) Synthesis Solution 16.13-s036_1
  Generated on:           Oct 27 2024  11:44:29 am
  Module:                 alu
  Technology library:     slow_vdd1v0 1.0
  Operating conditions:   PVT_0P9V_125C (balanced_tree)
  Wireload mode:          enclosed
  Area mode:              timing library
============================================================

Path 1: MET Late External Delay Assertion
Endpoint:   carry_out16 (^) checked with leading edge of 'func_clk'
Beginpoint: b[0]        (v) triggered by leading edge of 'func_clk'
Other End Arrival Time           8000
- External Delay                  400
= Required Time                  7600
- Arrival Time                   2634
= Slack Time                     4966
    Clock Rise Edge                        0
    + Input Delay                        300
    = Beginpoint Arrival Time            300
----------------------------------------------------------------------------------------
                Pin              Edge   Cell   Fanout Load Slew Delay  Arrival Required 
                                                      (fF) (ps)  (ps) Time(ps) Time(ps) 
----------------------------------------------------------------------------------------
       b[0]                      v                  1  0.4    0    +0      300     5266 
       gen_prop_inst/g1650/A     v                                 +0      300     5266 
       gen_prop_inst/g1650/S     ^     ADDHX1       2  0.6   30  +182      482     5447 
       carry_unit1/g248/A1       ^                                 +0      482     5447 
       carry_unit1/g248/Y        ^     AO21XL       2  0.6   37  +132      614     5580 
       carry_unit1/g247/A1       ^                                 +0      614     5580 
       carry_unit1/g247/Y        ^     AO21XL       2  0.6   37  +136      750     5715 
       carry_unit1/g246/A1       ^                                 +0      750     5715 
       carry_unit1/g246/Y        ^     AO21XL       2  0.6   37  +136      885     5850 
       carry_unit1/g245/A1       ^                                 +0      885     5850 
       carry_unit1/g245/Y        ^     AO21XL       2  0.6   37  +136     1020     5986 
       carry_unit2/g251/A1       ^                                 +0     1020     5986 
       carry_unit2/g251/Y        ^     AO21XL       2  0.6   37  +136     1156     6122 
       carry_unit2/g250/A1       ^                                 +0     1156     6122 
       carry_unit2/g250/Y        ^     AO21XL       2  0.6   37  +136     1292     6257 
       carry_unit2/g249/A1       ^                                 +0     1292     6257 
       carry_unit2/g249/Y        ^     AO21XL       2  0.6   37  +136     1427     6392 
       carry_unit2/g248/A1       ^                                 +0     1427     6392 
       carry_unit2/g248/Y        ^     AO21XL       2  0.6   37  +136     1562     6528 
       carry_unit3/g251/A1       ^                                 +0     1562     6528 
       carry_unit3/g251/Y        ^     AO21XL       2  0.6   37  +136     1698     6664 
       carry_unit3/g250/A1       ^                                 +0     1698     6664 
       carry_unit3/g250/Y        ^     AO21XL       2  0.6   37  +136     1834     6799 
       carry_unit3/g249/A1       ^                                 +0     1834     6799 
       carry_unit3/g249/Y        ^     AO21XL       2  0.6   37  +136     1969     6934 
       carry_unit3/g248/A1       ^                                 +0     1969     6934 
       carry_unit3/g248/Y        ^     AO21XL       2  0.6   37  +136     2104     7070 
       carry_unit4/g251/A1       ^                                 +0     2104     7070 
       carry_unit4/g251/Y        ^     AO21XL       2  0.6   37  +136     2240     7206 
       carry_unit4/g250/A1       ^                                 +0     2240     7206 
       carry_unit4/g250/Y        ^     AO21XL       2  0.6   37  +136     2376     7341 
       carry_unit4/g249/A1       ^                                 +0     2376     7341 
       carry_unit4/g249/Y        ^     AO21XL       2  0.6   37  +136     2511     7476 
       carry_unit4/g248/A1       ^                                 +0     2511     7476 
       carry_unit4/g248/Y        ^     AO21XL       1  0.0   16  +124     2634     7600 
       carry_out16           <<< ^                                 +0     2634     7600 
----------------------------------------------------------------------------------------
Cost Group   : 'func_clk' (path_group 'func_clk')
