============================================================
  Generated by:           Genus(TM) Synthesis Solution 16.13-s036_1
  Generated on:           Oct 27 2024  11:13:44 am
  Module:                 alu
  Technology library:     fast_vdd1v0 1.0
  Operating conditions:   PVT_1P1V_0C (balanced_tree)
  Wireload mode:          enclosed
  Area mode:              timing library
============================================================

Path 1: MET Late External Delay Assertion
Endpoint:   carry_out16 (^) checked with leading edge of 'func_clk'
Beginpoint: cin         (^) triggered by leading edge of 'func_clk'
Other End Arrival Time          10000
- External Delay                  600
= Required Time                  9400
- Arrival Time                    882
= Slack Time                     8518
    Clock Rise Edge                        0
    + Input Delay                        400
    = Beginpoint Arrival Time            400
--------------------------------------------------------------------------------------
               Pin             Edge   Cell   Fanout Load Slew Delay  Arrival Required 
                                                    (fF) (ps)  (ps) Time(ps) Time(ps) 
--------------------------------------------------------------------------------------
       cin                     ^                  2  0.9    0    +0      400     8918 
       carry_unit1/g30/A1      ^                                 +0      400     8918 
       carry_unit1/g30/Y       ^     AO21XL       2  0.9   14   +28      428     8947 
       carry_unit1/g29/A1      ^                                 +0      428     8947 
       carry_unit1/g29/Y       ^     AO21XL       2  0.9   14   +31      459     8977 
       carry_unit2/g30/A1      ^                                 +0      459     8977 
       carry_unit2/g30/Y       ^     AO21XL       2  0.9   14   +31      489     9008 
       carry_unit2/g29/A1      ^                                 +0      489     9008 
       carry_unit2/g29/Y       ^     AO21XL       2  0.9   14   +31      520     9038 
       carry_unit3/g62/A1      ^                                 +0      520     9038 
       carry_unit3/g62/Y       ^     AO21XL       2  0.9   14   +31      550     9069 
       carry_unit3/g61/A1      ^                                 +0      550     9069 
       carry_unit3/g61/Y       ^     AO21XL       2  0.9   14   +31      581     9100 
       carry_unit3/g60/A1      ^                                 +0      581     9100 
       carry_unit3/g60/Y       ^     AO21XL       2  0.9   14   +31      612     9130 
       carry_unit3/g59/A1      ^                                 +0      612     9130 
       carry_unit3/g59/Y       ^     AO21XL       2  0.9   14   +31      642     9161 
       carry_unit4/g126/A1     ^                                 +0      642     9161 
       carry_unit4/g126/Y      ^     AO21XL       2  0.9   14   +31      673     9191 
       carry_unit4/g125/A1     ^                                 +0      673     9191 
       carry_unit4/g125/Y      ^     AO21XL       2  0.9   14   +31      704     9222 
       carry_unit4/g124/A1     ^                                 +0      704     9222 
       carry_unit4/g124/Y      ^     AO21XL       2  0.9   14   +31      734     9253 
       carry_unit4/g123/A1     ^                                 +0      734     9253 
       carry_unit4/g123/Y      ^     AO21XL       2  0.9   14   +31      765     9283 
       carry_unit4/g122/A1     ^                                 +0      765     9283 
       carry_unit4/g122/Y      ^     AO21XL       2  0.9   14   +31      795     9314 
       carry_unit4/g121/A1     ^                                 +0      795     9314 
       carry_unit4/g121/Y      ^     AO21XL       2  0.9   14   +31      826     9344 
       carry_unit4/g120/A1     ^                                 +0      826     9344 
       carry_unit4/g120/Y      ^     AO21XL       2  0.9   14   +31      856     9375 
       carry_unit4/g119/A1     ^                                 +0      856     9375 
       carry_unit4/g119/Y      ^     AO21XL       1  0.0    4   +25      882     9400 
       carry_out16         <<< ^                                 +0      882     9400 
--------------------------------------------------------------------------------------
Cost Group   : 'func_clk' (path_group 'func_clk')
