============================================================
  Generated by:           Genus(TM) Synthesis Solution 16.13-s036_1
  Generated on:           Oct 27 2024  11:13:43 am
  Module:                 alu
  Technology library:     fast_vdd1v0 1.0
  Operating conditions:   PVT_1P1V_0C (balanced_tree)
  Wireload mode:          enclosed
  Area mode:              timing library
============================================================

Timing
--------

  Clock   Period 
-----------------
func_clk 10000.0 


  Cost     Critical       Violating 
  Group   Path Slack TNS    Paths   
------------------------------------
default     No paths   0            
func_clk      8472.3   0          0 
------------------------------------
Total                  0          0 

Instance Count
--------------
Leaf Instance Count             96 
Sequential Instance Count       16 
Combinational Instance Count    80 
Hierarchical Instance Count      6 

Area
----
Cell Area                          332.825
Physical Cell Area                 0.000
Total Cell Area (Cell+Physical)    332.825
Net Area                           0.000
Total Area (Cell+Physical+Net)     332.825

Runtime                            0.0 seconds
Elapsed Runtime                    21 seconds
Genus peak memory usage            482.39 
Innovus peak memory usage          no_value 
Hostname                           CadenceServer3.localdomain
