
	QOR statistics summary
	----------------------


        Metric         incremental.low_effort incremental.high_effort %diff 
----------------------------------------------------------------------------
WNS.func_clk           -1544.1                -55.3                   96.42 
WNS.default            no_value               no_value                n/a   
TNS.func_clk           1544                   55                      96.44 
TNS.default            0                      0                       n/a   
overall_WNS            -1544.1                -55.3                   96.42 
overall_TNS            1544                   55                      96.44 
Violating_paths        1                      1                       0.0   
runtime                0.00                   1.00                    n/a   
memory                 0.00                   4.00                    n/a   
Leakage_power          n/a                    n/a                     n/a   
Net_power              n/a                    n/a                     n/a   
Internal_power         n/a                    n/a                     n/a   
Clock_gating_instances n/a                    n/a                     n/a   
total_net_length       n/a                    n/a                     n/a   
average_net_length     n/a                    n/a                     n/a   
routing_congestion     n/a                    n/a                     n/a   
utilization            0.0                    0.0                     n/a   
Inverter_count         20                     6                       70.00 
Buffer_count           11                     0                       n/a   
timing_model_count     0                      0                       n/a   
sequential_count       16                     16                      0.0   
unresolved_count       0                      0                       n/a   
logic_count            57                     84                      47.37 
Total_area             307.48                 259.24                  15.69 
Cell_area              307.48                 259.24                  15.69 
Net_area               0.00                   0.00                    n/a   


