============================================================
  Generated by:           Genus(TM) Synthesis Solution 16.13-s036_1
  Generated on:           Oct 27 2024  10:22:26 am
  Module:                 alu
  Technology library:     slow_vdd1v0 1.0
  Operating conditions:   PVT_0P9V_125C (balanced_tree)
  Wireload mode:          enclosed
  Area mode:              timing library
============================================================

Timing
--------

  Clock   Period 
-----------------
func_clk 10000.0 


  Cost     Critical       Violating 
  Group   Path Slack TNS    Paths   
------------------------------------
default     No paths   0            
func_clk      6861.7   0          0 
------------------------------------
Total                  0          0 

Instance Count
--------------
Leaf Instance Count             64 
Sequential Instance Count       16 
Combinational Instance Count    48 
Hierarchical Instance Count      6 

Area
----
Cell Area                          229.824
Physical Cell Area                 0.000
Total Cell Area (Cell+Physical)    229.824
Net Area                           0.000
Total Area (Cell+Physical+Net)     229.824

Max Fanout                         16 (clk)
Min Fanout                         0 (sum_unit/cout[16])
Average Fanout                     1.4
Terms to net ratio                 1.9478
Terms to instance ratio            3.5000
Runtime                            7.80174 seconds
Elapsed Runtime                    87 seconds
Genus peak memory usage            591.41 
Innovus peak memory usage          no_value 
Hostname                           CadenceServer3.localdomain
