============================================================
  Generated by:           Genus(TM) Synthesis Solution 16.13-s036_1
  Generated on:           Oct 27 2024  10:22:26 am
  Module:                 alu
  Technology library:     slow_vdd1v0 1.0
  Operating conditions:   PVT_0P9V_125C (balanced_tree)
  Wireload mode:          enclosed
  Area mode:              timing library
============================================================

Path 1: MET Late External Delay Assertion
Endpoint:   carry_out16 (^) checked with leading edge of 'func_clk'
Beginpoint: cin         (^) triggered by leading edge of 'func_clk'
Other End Arrival Time          10000
- External Delay                  600
= Required Time                  9400
- Arrival Time                   2538
= Slack Time                     6862
    Clock Rise Edge                        0
    + Input Delay                        400
    = Beginpoint Arrival Time            400
-------------------------------------------------------------------------------------
               Pin            Edge   Cell   Fanout Load Slew Delay  Arrival Required 
                                                   (fF) (ps)  (ps) Time(ps) Time(ps) 
-------------------------------------------------------------------------------------
       cin                    ^                  2  0.6    0    +0      400     7262 
       carry_unit1/g62/A1     ^                                 +0      400     7262 
       carry_unit1/g62/Y      ^     AO21XL       2  0.6   37  +118      518     7380 
       carry_unit1/g61/A1     ^                                 +0      518     7380 
       carry_unit1/g61/Y      ^     AO21XL       2  0.6   37  +136      653     7515 
       carry_unit1/g60/A1     ^                                 +0      653     7515 
       carry_unit1/g60/Y      ^     AO21XL       2  0.6   37  +136      789     7650 
       carry_unit1/g59/A1     ^                                 +0      789     7650 
       carry_unit1/g59/Y      ^     AO21XL       2  0.6   37  +136      924     7786 
       carry_unit2/g62/A1     ^                                 +0      924     7786 
       carry_unit2/g62/Y      ^     AO21XL       2  0.6   37  +136     1060     7922 
       carry_unit2/g61/A1     ^                                 +0     1060     7922 
       carry_unit2/g61/Y      ^     AO21XL       2  0.6   37  +136     1195     8057 
       carry_unit2/g60/A1     ^                                 +0     1195     8057 
       carry_unit2/g60/Y      ^     AO21XL       2  0.6   37  +136     1331     8192 
       carry_unit2/g59/A1     ^                                 +0     1331     8192 
       carry_unit2/g59/Y      ^     AO21XL       2  0.6   37  +136     1466     8328 
       carry_unit3/g62/A1     ^                                 +0     1466     8328 
       carry_unit3/g62/Y      ^     AO21XL       2  0.6   37  +136     1602     8464 
       carry_unit3/g61/A1     ^                                 +0     1602     8464 
       carry_unit3/g61/Y      ^     AO21XL       2  0.6   37  +136     1737     8599 
       carry_unit3/g60/A1     ^                                 +0     1737     8599 
       carry_unit3/g60/Y      ^     AO21XL       2  0.6   37  +136     1873     8734 
       carry_unit3/g59/A1     ^                                 +0     1873     8734 
       carry_unit3/g59/Y      ^     AO21XL       2  0.6   37  +136     2008     8870 
       carry_unit4/g62/A1     ^                                 +0     2008     8870 
       carry_unit4/g62/Y      ^     AO21XL       2  0.6   37  +136     2144     9006 
       carry_unit4/g61/A1     ^                                 +0     2144     9006 
       carry_unit4/g61/Y      ^     AO21XL       2  0.6   37  +136     2279     9141 
       carry_unit4/g60/A1     ^                                 +0     2279     9141 
       carry_unit4/g60/Y      ^     AO21XL       2  0.6   37  +136     2415     9276 
       carry_unit4/g59/A1     ^                                 +0     2415     9276 
       carry_unit4/g59/Y      ^     AO21XL       1  0.0   16  +124     2538     9400 
       carry_out16        <<< ^                                 +0     2538     9400 
-------------------------------------------------------------------------------------
Cost Group   : 'func_clk' (path_group 'func_clk')
